0.155789 -0.129341 0.215215 -0.271547 -0.0732194 0.0393973 -0.261077 -0.122732 0.0549827 -0.0192456 -0.275048 0.0685185 0.162129 0.469204 -0.372983 0.131124 0.181129 0.443559 -0.00568362 0.18126
0.240947 -0.108115 0.41414 0.47957 0.210657 0.203858 0.225766 0.105551 -0.177601 -0.192016 -0.0341122 -0.291005 0.361459 0.137129 -0.0220509 -0.0152304 -0.257886 -0.0377182 -0.0137898 0.114455
0.228678 0.356482 0.126998 -0.0210476 -0.0738068 0.0950556 -0.0555461 0.0732708 -0.0623768 0.201518 0.124004 -0.499343 -0.0758023 -0.0629055 0.117771 -0.021661 0.480765 0.100666 0.452212 -0.0173452
0.227124 -0.28636 -0.0847824 -0.147704 0.376461 -0.0664998 -0.223802 0.230518 -0.100373 0.164872 0.176895 -0.0551039 0.0202073 0.178618 -0.126473 -0.543996 0.0914194 -0.0962046 -0.104914 -0.380716
0.190837 -0.278428 0.348776 -0.108526 0.178101 -0.152801 -0.0625616 -0.327642 -0.0925705 0.140381 0.51137 0.239472 0.0375105 -0.126399 0.276519 0.347374 0.00364544 0.107995 0.0759927 -0.0681221
0.22041 -0.135625 -0.274008 0.0219929 -0.0303252 0.182036 0.501169 -0.397571 0.0666245 0.0572992 0.0141107 -0.0346611 0.0849238 -0.0685438 0.135505 -0.261674 0.331081 0.246446 -0.343666 0.115405
0.269844 -0.247273 0.0389122 -0.00411157 -0.301471 0.244756 -0.109167 0.0481601 0.00514772 -0.266897 -0.122515 -0.0241925 -0.052044 -0.0470927 -0.0215714 0.335279 0.358473 -0.469423 -0.224266 -0.303533
0.260609 0.08691 -0.278543 0.0560059 -0.161552 -0.0760594 -0.457244 -0.281843 -0.251242 -0.377967 0.257353 -0.234531 -0.0295885 -0.216319 -0.164562 -0.10948 -0.222344 0.0833913 -0.109058 0.199338
0.222996 0.345869 0.0303938 0.276927 0.226122 -0.305706 0.0523122 0.207344 0.0800501 0.141672 0.00918941 0.0423223 -0.157408 -0.188252 -0.331433 0.293952 0.11236 0.223126 -0.443777 -0.154583
0.228382 -0.0151481 0.083793 0.129605 0.00912806 0.144467 -0.333547 -0.0307171 -0.188751 0.528077 -0.374393 0.12311 -0.177859 -0.0944681 0.272486 -0.071143 -0.0827686 -0.167691 -0.191122 0.366771
0.234651 -0.225048 0.00899557 -0.128907 -0.00146266 0.0069116 0.0298364 0.204981 0.346986 -0.177101 -0.122784 -0.288368 -0.477967 0.0523976 0.361103 0.0611292 -0.319973 0.330057 -0.0352582 -0.0828596
0.232857 0.107191 0.00247591 -0.080127 0.342033 0.391569 -0.0279241 0.172107 0.087357 -0.337502 -0.089477 0.476763 -0.0451185 -0.376342 -0.0623644 -0.11167 0.0967766 0.11093 0.278785 0.113062
0.202362 -0.112592 -0.0669003 -0.00712237 0.0273256 -0.0840171 -0.0750276 -0.205693 0.658562 0.247745 -0.0973044 -0.165105 0.321419 -0.28302 -0.236581 0.0117575 -0.179782 -0.21103 0.195227 -0.0102431
0.244583 0.502202 -0.0879967 -0.395497 0 0.270178 0.0923235 -0.118715 -0.124822 0.103205 -0.04844 0.0371117 0.241998 0.148422 0.126792 0.117262 -0.378703 -0.0306776 -0.112228 -0.370831
0.231179 0.195415 -0.172219 0.141515 0.1802 -0.507759 -0.0854394 -0.0855026 0.11501 -0.294146 -0.217094 0.152578 0.191364 0.304576 0.426455 -0.015344 0.183734 -0.158937 0.100978 0.0396932
0.19244 0.233836 0.416524 0.168577 -0.415302 -0.0451604 0.0743159 -0.149644 0.235273 -0.0351471 0.1836 0.297963 -0.279782 0.179216 -0.10765 -0.421477 -0.0846417 -0.112308 0.00353926 -0.078882
0.249796 -0.15931 0.0673709 -0.216142 -0.431773 -0.392487 0.219521 0.350503 -0.278631 0.0353563 -0.170872 0.105062 0.270643 -0.335288 0.0131 -0.1169 -0.0669554 0.134751 0.0897367 -0.00650643
0.204577 -0.180202 -0.413752 0.414442 -0.102998 0.0563073 0.0983134 -0.116225 -0.200816 0.186972 -0.0869982 0.189459 -0.177641 0.182891 -0.168354 0.162197 -0.128952 0.132704 0.44631 -0.274388
0.190537 -0.016865 0.0391243 -0.34272 0.250431 -0.203945 0.383391 -0.164303 -0.199877 -0.0476957 -0.0856185 -0.123309 -0.381376 0.0808751 -0.30945 0.0764512 -0.0642079 -0.385177 0.125789 0.269766
0.212346 0.00301539 -0.286994 -0.0350259 -0.140778 0.121787 0.0643669 0.450651 0.171663 0.12412 0.48321 0.117725 0.103835 0.295518 0.00280061 0.165448 -0.0225601 -0.126911 -0.0422979 0.432879
