0.7
0.123487
0.0581824
0.0224572
0.000783847
0.000783847
0.000783847
0.000783847
0.000783847
0.000783847
0.000783847
0.000783847
0.000783847
0.000783847
0.000783847
0.000783847
0.000783847
0.000783847
0.000783847
0.000783847
0.000783847
0.000783847
0.000783847
0.000783847
0.000783847
0.000783847
0.000783847
0.000783847
0.000783847
0.000783847
0.000783847
0.000783847
0.000783847
0.000783847
0.000783847
0.000783847
0.000783847
0.000783847
0.000783847
0.000783847
0.000783847
0.000783847
0.000783847
0.000783847
0.000783847
0.000783847
0.000783847
0.000783847
0.000783847
0.000783847
0.000783847
0.000783847
0.00342472
0.000783847
0.000783847
0.000783847
0.000783847
0.000783847
0.000783847
0.000783847
0.000783847
0.000783847
0.000783847
0.000783847
0.000783847
0.000783847
0.000783847
0.000783847
0.000783847
0.000783847
0.000783847
0.000783847
0.000783847
0.000783847
0.000783847
0.000783847
0.000783847
0.000783847
0.000783847
0.000783847
0.000783847
0.000783847
0.000783847
0.000783847
0.000783847
0.000783847
0.000783847
0.000783847
0.000783847
0.000783847
0.000783847
0.000783847
0.000783847
0.000783847
0.000783847
0.000783847
0.000783847
0.000783847
0.000783847
0.000783847
0.000783847
0.000783847
0.000783847
0.000783847
0.000783847
0.000783847
0.000783847
0.000783847
0.00297864
0.00160811
0.000783847
0.000783847
0.000783847
0.000783847
0.000783847
0.000783847
0.000783847
0.000783847
0.000783847
0.000783847
0.000783847
0.000783847
0.000783847
0.000783847
0.000783847
0.000783847
0.000783847
0.00178312
0.000783847
0.000783847
0.000783847
0.000783847
0.000783847
0.000783847
0.000783847
0.000783847
0.00101472
0.000783847
0.000783847
0.000783847
0.000783847
0.000783847
0.000783847
0.000783847
0.000783847
0.000783847
0.000783847
0.000783847
0.000783847
0.000783847
0.000783847
0.000783847
0.000783847
0.000783847
0.000783847
0.000783847
0.000783847
0.000783847
0.000783847
0.000783847
0.000783847
0.000783847
0.000783847
0.00330681
0.000783847
0.000783847
0.00130541
0.000783847
0.000783847
0.000783847
0.000783847
0.000783847
0.000783847
0.000783847
0.000783847
0.000783847
0.000783847
0.000783847
0.000783847
0.000783847
0.000783847
0.000783847
0.000783847
0.000783847
0.000783847
0.000975861
0.000783847
0.000783847
0.000783847
0.000783847
0.000783847
0.000783847
0.000783847
0.000783847
0.000783847
0.000783847
0.000783847
0.000783847
0.000783847
0.000783847
0.000783847
0.000783847
0.000783847
0.000783847
0.000783847
0.000783847
0.000783847
0.000783847
0.000783847
0.000783847
0.000783847
0.000783847
0.000783847
0.00112092
0.000783847
0.000783847
0.000783847
0.000783847
0.000783847
0.000783847
0.000783847
0.000783847
0.000783847
0.000783847
0.000783847
0.000783847
0.000783847
0.000783847
0.000783847
0.000783847
0.000783847
0.000783847
0.000783847
0.000783847
0.000783847
0.000783847
0.000783847
0.000783847
0.000783847
0.000783847
0.000783847
0.000783847
0.000783847
0.000783847
0.000783847
0.000783847
0.000783847
0.000783847
0.000783847
0.000783847
0.000783847
0.000783847
0.000783847
0.000783847
0.000783847
0.000783847
0.000783847
0.000783847
0.000783847
0.000783847
0.000783847
0.000783847
0.000783847
0.000783847
0.000783847
0.000783847
0.000783847
0.000783847
0.000783847
0.000783847
0.000783847
0.000783847
0.000783847
0.000783847
0.000783847
0.000783847
0.000783847
0.000783847
0.000783847
0.000783847
0.000783847
0.000783847
0.000783847
0.000783847
0.000783847
0.000783847
0.000783847
0.000783847
0.000783847
0.000783847
0.000783847
0.000783847
0.000783847
0.000783847
0.000783847
0.000783847
0.000783847
0.000783847
0.000783847
0.000783847
0.000783847
0.000783847
0.000783847
0.000783847
0.000783847
0.000783847
0.000783847
0.000783847
0.000783847
0.000783847
0.000783847
0.000783847
0.000783847
0.000783847
0.000783847
0.00113295
0.000907274
0.000783847
0.000783847
0.000783847
0.000783847
0.000783847
0.000783847
0.000783847
0.000783847
0.000783847
0.000783847
0.000783847
0.000783847
0.000783847
0.000783847
0.000783847
0.000783847
0.000783847
0.000783847
0.000783847
0.000783847
0.000783847
0.000783847
0.000783847
0.000783847
0.000783847
0.000783847
0.000783847
0.000783847
0.000783847
0.000783847
0.000783847
0.000783847
0.000783847
0.000783847
0.000783847
0.000783847
0.000783847
0.000783847
0.000783847
0.000783847
0.000783847
0.000783847
0.000783847
0.000783847
0.000783847
0.000783847
0.000783847
0.000783847
0.000783847
0.000783847
0.000783847
0.000783847
0.000783847
0.000783847
0.000783847
0.000783847
0.000783847
0.000783847
0.000783847
0.000783847
0.000783847
0.000783847
0.000783847
0.000783847
0.000783847
0.000783847
0.000783847
0.000783847
0.000783847
0.000783847
0.000783847
0.000783847
0.000783847
0.000783847
0.000783847
0.000783847
0.000783847
0.000783847
0.000783847
0.000783847
0.000783847
0.000783847
0.000783847
0.000783847
0.000783847
0.000783847
0.000783847
0.000783847
0.000783847
0.000783847
0.000783847
0.000783847
0.000783847
0.000783847
0.000783847
0.000783847
0.000783847
0.000783847
0.000783847
0.000783847
0.000783847
0.000783847
0.000783847
0.000783847
0.000783847
0.000783847
0.000783847
0.000783847
0.000783847
0.000783847
0.000783847
0.000783847
0.000783847
0.000783847
0.000783847
0.000783847
0.000783847
0.000783847
0.000783847
0.000783847
0.000783847
0.000783847
0.000783847
0.000783847
0.000783847
0.000783847
0.000783847
0.000783847
0.000783847
0.000783847
0.000783847
0.000783847
0.000783847
0.000783847
0.000783847
0.000783847
0.000783847
0.000783847
0.000783847
0.000783847
0.000783847
0.000783847
0.000783847
0.000783847
0.000783847
0.000783847
0.000783847
0.000783847
0.000783847
0.000783847
0.000783847
0.000783847
0.000783847
0.000783847
0.000783847
0.000783847
0.000783847
0.000783847
0.000783847
0.000783847
0.000783847
0.000783847
0.000783847
0.000783847
0.000783847
0.000783847
0.000783847
0.000783847
0.000783847
0.000783847
0.000783847
0.000783847
0.000783847
0.000783847
0.000783847
0.000783847
0.000783847
0.000783847
0.000783847
0.000783847
0.000783847
0.000783847
0.000783847
0.000783847
0.000783847
0.000783847
0.000783847
0.000783847
0.000783847
0.000783847
0.000783847
0.000783847
0.000783847
0.000783847
0.000783847
0.000783847
0.000783847
0.000783847
0.000783847
0.000783847
0.000783847
0.000783847
0.000783847
0.000783847
0.000783847
0.000783847
0.000783847
0.000783847
0.000783847
0.000783847
0.000783847
0.000783847
0.000783847
0.000783847
0.000783847
0.000783847
0.000783847
0.000783847
0.000783847
0.000783847
0.000783847
0.000783847
0.000783847
0.000783847
0.000783847
0.000783847
0.000783847
0.000783847
0.000783847
0.000783847
0.000783847
0.000783847
0.000783847
0.000783847
0.000783847
0.000783847
0.000783847
0.000783847
0.000783847
0.000783847
0.000783847
0.000783847
0.000783847
0.000783847
0.000783847
0.000783847
0.000783847
0.000783847
0.000783847
0.000783847
0.000783847
0.000783847
0.000783847
0.000783847
0.000783847
0.000783847
0.000783847
0.000783847
0.000783847
0.000783847
0.000783847
0.000783847
0.000783847
0.000783847
0.000783847
0.000783847
0.000783847
0.000783847
0.000783847
0.000783847
0.000783847
0.000783847
0.000783847
0.000783847
0.000783847
0.000783847
0.000783847
0.000783847
0.000783847
0.000783847
0.000783847
0.000783847
0.000783847
0.000783847
0.000783847
0.000783847
0.000783847
0.000783847
0.000783847
0.000783847
0.000783847
0.000783847
0.000783847
0.000783847
0.000783847
0.000783847
0.000783847
0.000783847
0.000783847
0.000783847
0.000783847
0.000783847
0.000783847
0.000783847
0.000783847
0.000783847
0.000783847
0.000783847
0.000783847
0.000783847
0.000783847
0.000783847
0.000783847
0.000783847
0.000783847
0.000783847
0.000783847
0.000783847
0.000783847
0.000783847
0.000783847
0.000783847
0.000783847
0.000783847
0.000783847
0.000783847
0.000783847
0.000783847
0.000783847
0.000783847
0.000783847
0.000783847
0.000783847
0.000783847
0.000783847
0.000783847
0.000783847
0.000783847
0.000783847
0.000783847
0.000783847
0.000783847
0.000783847
0.000783847
0.000783847
0.000783847
0.000783847
0.000783847
0.000783847
0.000783847
0.000783847
0.000783847
0.000783847
0.000783847
0.000783847
0.000783847
0.000783847
0.000783847
0.000783847
0.000783847
0.000783847
0.000783847
0.000783847
0.000783847
0.000783847
0.000783847
0.000783847
0.000783847
0.000783847
0.000783847
0.000783847
0.000783847
0.000783847
0.000783847
0.000783847
0.000783847
0.000783847
0.000783847
0.000783847
0.000783847
0.000783847
0.000783847
0.000783847
0.000783847
0.000783847
0.000783847
0.000783847
0.000783847
0.000783847
0.000783847
0.000783847
0.000783847
0.000783847
0.000783847
0.000783847
0.000783847
0.000783847
0.000783847
0.000783847
0.000783847
0.000783847
0.000783847
0.000783847
0.000783847
0.000783847
0.000783847
0.000783847
0.000783847
0.000783847
0.000783847
0.000783847
0.000783847
0.000783847
0.000783847
0.000783847
0.000783847
0.000783847
0.000783847
0.000783847
0.000783847
0.000783847
0.000783847
0.000783847
0.000783847
0.000783847
0.000783847
0.000783847
0.000783847
0.000783847
0.000783847
0.000783847
0.000783847
0.000783847
0.000783847
0.000783847
0.000783847
0.000783847
0.000783847
0.000783847
0.000783847
0.000783847
0.000783847
0.000783847
0.000783847
0.000783847
0.000783847
0.000783847
0.000783847
0.000783847
0.000783847
0.000783847
0.000783847
0.000783847
0.000783847
0.000783847
0.000783847
0.000783847
0.000783847
0.000783847
0.000783847
0.000783847
0.000783847
0.000783847
0.000783847
0.000783847
0.000783847
0.000783847
0.000783847
0.000783847
0.000979399
0.000783847
0.000783847
0.000783847
0.000783847
0.000783847
0.000783847
0.000783847
0.000783847
0.000783847
0.000783847
0.000783847
0.000783847
0.000783847
0.000783847
0.000783847
0.000783847
0.000783847
0.000783847
0.000783847
0.000783847
0.000783847
0.000783847
0.000783847
0.000783847
0.000783847
0.000783847
0.000783847
0.000783847
0.000783847
0.000783847
0.000783847
0.000783847
0.000783847
0.000783847
0.000783847
0.000783847
0.000783847
0.000783847
0.000783847
0.000783847
0.000783847
0.000783847
0.000783847
0.000783847
0.000783847
0.000783847
0.000783847
0.000783847
0.000783847
0.00276558
0.000783847
0.0011363
0.000783847
0.000783847
0.000783847
0.000783847
0.000783847
0.000783847
0.000783847
0.000783847
0.000783847
0.000783847
0.000783847
0.000783847
0.000783847
0.000783847
0.000783847
0.000783847
0.000783847
0.000783847
0.000783847
0.000783847
0.000783847
0.000783847
0.000783847
0.000783847
0.000783847
0.000783847
0.000783847
0.000783847
0.000783847
0.000783847
0.000783847
0.000783847
0.000783847
0.000783847
0.000783847
0.000783847
0.000783847
0.000783847
0.000783847
0.000783847
0.000783847
0.00169567
0.000783847
0.000783847
0.000783847
0.000783847
0.000783847
0.000783847
0.000783847
0.000783847
0.000783847
0.000783847
0.000783847
0.000783847
0.000783847
0.000783847
0.000783847
0.000783847
0.000783847
0.000783847
0.000783847
0.000783847
0.000783847
0.000783847
0.000783847
0.000783847
0.000783847
0.000783847
0.000783847
0.000783847
0.000783847
0.000783847
0.000783847
0.000783847
0.000783847
0.000783847
0.000783847
0.000783847
0.000783847
0.000783847
0.000783847
0.000783847
0.000783847
0.000783847
0.000783847
0.000783847
0.000783847
0.000783847
0.000783847
0.000783847
0.000783847
0.000783847
0.000783847
0.000783847
0.000783847
0.000783847
0.000783847
0.000783847
0.000783847
0.000783847
0.000783847
0.000783847
0.000783847
0.000783847
0.000783847
0.000783847
0.000783847
0.000783847
0.000783847
0.000783847
0.000783847
0.000783847
0.000783847
0.000783847
0.000783847
0.000783847
0.000783847
0.000783847
0.000783847
0.000783847
0.000783847
0.000783847
0.000783847
0.000783847
0.000783847
0.000783847
0.000783847
0.000783847
0.000783847
0.000783847
0.000783847
0.000783847
0.000783847
0.000783847
0.000783847
0.000783847
0.000783847
0.000783847
0.000783847
0.000783847
0.000783847
0.000783847
0.000783847
0.000783847
0.000783847
0.000783847
0.000783847
0.000783847
0.000783847
0.000783847
0.000783847
0.000783847
0.000783847
0.000783847
0.000783847
0.000783847
0.000783847
0.000783847
0.000783847
0.000783847
0.000783847
0.000783847
