0.8
0.137843
0.063478
0.025649
0.000758846
0.000758846
0.000758846
0.000758846
0.000758846
0.000758846
0.000758846
0.000758846
0.000758846
0.000758846
0.000758846
0.000758846
0.000758846
0.000758846
0.00103135
0.000758846
0.000758846
0.000758846
0.000758846
0.000758846
0.000758846
0.000758846
0.000758846
0.000758846
0.000758846
0.000758846
0.000758846
0.000758846
0.000758846
0.000758846
0.000758846
0.000758846
0.000758846
0.000758846
0.000758846
0.000758846
0.000758846
0.000758846
0.000758846
0.000758846
0.000758846
0.000758846
0.000758846
0.000758846
0.000758846
0.000758846
0.000758846
0.000758846
0.000758846
0.000758846
0.000758846
0.000758846
0.000758846
0.000758846
0.000758846
0.000758846
0.000758846
0.000758846
0.000758846
0.000758846
0.000758846
0.000758846
0.000896359
0.000758846
0.000758846
0.000758846
0.000758846
0.000758846
0.000758846
0.000758846
0.000758846
0.000758846
0.000758846
0.000758846
0.000758846
0.000758846
0.000758846
0.000758846
0.000758846
0.000758846
0.000758846
0.000758846
0.000758846
0.000758846
0.000758846
0.000758846
0.000758846
0.000758846
0.000758846
0.000758846
0.000758846
0.000758846
0.000758846
0.000758846
0.000758846
0.000758846
0.000758846
0.000758846
0.000758846
0.000758846
0.000758846
0.000758846
0.000758846
0.00250548
0.000758846
0.000758846
0.000758846
0.000758846
0.000758846
0.000758846
0.000758846
0.000758846
0.000758846
0.000758846
0.000758846
0.000758846
0.000758846
0.000758846
0.000758846
0.000758846
0.000758846
0.000758846
0.000758846
0.000758846
0.000758846
0.000758846
0.000758846
0.000758846
0.000758846
0.000758846
0.000758846
0.000758846
0.000758846
0.000758846
0.000758846
0.000758846
0.000758846
0.000758846
0.000758846
0.000758846
0.000758846
0.000758846
0.000758846
0.000758846
0.000758846
0.000758846
0.000758846
0.000758846
0.000758846
0.000758846
0.000758846
0.000758846
0.000758846
0.000758846
0.000758846
0.000758846
0.000758846
0.000758846
0.000758846
0.000758846
0.000758846
0.000758846
0.000758846
0.000758846
0.000758846
0.000758846
0.000758846
0.000758846
0.000758846
0.000758846
0.000758846
0.000758846
0.000758846
0.000758846
0.000758846
0.000758846
0.000758846
0.000758846
0.000758846
0.000758846
0.000758846
0.000758846
0.000758846
0.000758846
0.000758846
0.000758846
0.000758846
0.000758846
0.000758846
0.000758846
0.000758846
0.000758846
0.000758846
0.000758846
0.000758846
0.000758846
0.000758846
0.000758846
0.000758846
0.000758846
0.000758846
0.000758846
0.000758846
0.000758846
0.000758846
0.000758846
0.000758846
0.000758846
0.000758846
0.000758846
0.000758846
0.000758846
0.000758846
0.000758846
0.000758846
0.000758846
0.000758846
0.000758846
0.000758846
0.000758846
0.000758846
0.000758846
0.000758846
0.000758846
0.000758846
0.000758846
0.000758846
0.000758846
0.000758846
0.000758846
0.000758846
0.000758846
0.000758846
0.000758846
0.000758846
0.000758846
0.000758846
0.000758846
0.000758846
0.000758846
0.000758846
0.000758846
0.000758846
0.000758846
0.000758846
0.000758846
0.000758846
0.000758846
0.000758846
0.000758846
0.000758846
0.000758846
0.000758846
0.000758846
0.000758846
0.000758846
0.000758846
0.000758846
0.000758846
0.000758846
0.000758846
0.000758846
0.000758846
0.000758846
0.00100692
0.000758846
0.000758846
0.000758846
0.000758846
0.000758846
0.000758846
0.000758846
0.000758846
0.000758846
0.000758846
0.000758846
0.000758846
0.000758846
0.000758846
0.000758846
0.000758846
0.000758846
0.000758846
0.000758846
0.000758846
0.000758846
0.000758846
0.000758846
0.000758846
0.000758846
0.000758846
0.000758846
0.000758846
0.000758846
0.000758846
0.000758846
0.000758846
0.000758846
0.000758846
0.000758846
0.000758846
0.000758846
0.000814035
0.000758846
0.000758846
0.000758846
0.000758846
0.000758846
0.000758846
0.000758846
0.000758846
0.000758846
0.000758846
0.000758846
0.000758846
0.000758846
0.000758846
0.000758846
0.000758846
0.000758846
0.000758846
0.000758846
0.000758846
0.000758846
0.000758846
0.000758846
0.000758846
0.000758846
0.000758846
0.000758846
0.000758846
0.000758846
0.000758846
0.000758846
0.000758846
0.000758846
0.000758846
0.000758846
0.000758846
0.000758846
0.00413748
0.000758846
0.000758846
0.000758846
0.000758846
0.000758846
0.000758846
0.000758846
0.000758846
0.000758846
0.000758846
0.000758846
0.000758846
0.000758846
0.000758846
0.000758846
0.000758846
0.000758846
0.000758846
0.000758846
0.000758846
0.000758846
0.000758846
0.000758846
0.000758846
0.000758846
0.000758846
0.000758846
0.000758846
0.000758846
0.000758846
0.000758846
0.000758846
0.000758846
0.000758846
0.000758846
0.000758846
0.000758846
0.000758846
0.000758846
0.000758846
0.000758846
0.000758846
0.000758846
0.000758846
0.000758846
0.000758846
0.000758846
0.000758846
0.000758846
0.000758846
0.000758846
0.000758846
0.000758846
0.000758846
0.000758846
0.000758846
0.00110566
0.000758846
0.000758846
0.000758846
0.000758846
0.000758846
0.000758846
0.000758846
0.000758846
0.000758846
0.000758846
0.000758846
0.000758846
0.000758846
0.000758846
0.000758846
0.000758846
0.000758846
0.000758846
0.000758846
0.000758846
0.000758846
0.000758846
0.000758846
0.000758846
0.000758846
0.000758846
0.000758846
0.000758846
0.000758846
0.000758846
0.000758846
0.000758846
0.000758846
0.000758846
0.000758846
0.00120437
0.000758846
0.000758846
0.000758846
0.000758846
0.000758846
0.000758846
0.000758846
0.000758846
0.000758846
0.000758846
0.000758846
0.000758846
0.000758846
0.000758846
0.000758846
0.000758846
0.000758846
0.000758846
0.000758846
0.000758846
0.000758846
0.000758846
0.000758846
0.000758846
0.000758846
0.000758846
0.000758846
0.000758846
0.000758846
0.000758846
0.000758846
0.000758846
0.000758846
0.000758846
0.000758846
0.000758846
0.000758846
0.000758846
0.000758846
0.000758846
0.000758846
0.000758846
0.000758846
0.000758846
0.000758846
0.000758846
0.000758846
0.000758846
0.000758846
0.000758846
0.000758846
0.000758846
0.000758846
0.000758846
0.000758846
0.000758846
0.000758846
0.000758846
0.000758846
0.000758846
0.000758846
0.000758846
0.000758846
0.000758846
0.000758846
0.000758846
0.000758846
0.000758846
0.000758846
0.000758846
0.000758846
0.000758846
0.000758846
0.000758846
0.000758846
0.000758846
0.000758846
0.000758846
0.000758846
0.000758846
0.000758846
0.000758846
0.000758846
0.000758846
0.000758846
0.000758846
0.000758846
0.000758846
0.000758846
0.000758846
0.000758846
0.000758846
0.000758846
0.000758846
0.000758846
0.000758846
0.000758846
0.000758846
0.000758846
0.000758846
0.000758846
0.000758846
0.000758846
0.000758846
0.000758846
0.00366229
0.000758846
0.00287452
0.000758846
0.000758846
0.000758846
0.000758846
0.000758846
0.000758846
0.000758846
0.000758846
0.000758846
0.000758846
0.000758846
0.000758846
0.000758846
0.000758846
0.000758846
0.000758846
0.000758846
0.000758846
0.000758846
0.000758846
0.000758846
0.000758846
0.000758846
0.000814035
0.000758846
0.000758846
0.000758846
0.000758846
0.000758846
0.000758846
0.000758846
0.00112355
0.000758846
0.000758846
0.000758846
0.000758846
0.000758846
0.000758846
0.000758846
0.000758846
0.000758846
0.000758846
0.000758846
0.000758846
0.000758846
0.000758846
0.000758846
0.000758846
0.000758846
0.000758846
0.000758846
0.000758846
0.000758846
0.000758846
0.00195487
0.000758846
0.000758846
0.000758846
0.000758846
0.000758846
0.000758846
0.000758846
0.000758846
0.000758846
0.000758846
0.000758846
0.000758846
0.000758846
0.000758846
0.000758846
0.000758846
0.000758846
0.000758846
0.000758846
0.000758846
0.000758846
0.000758846
0.000758846
0.000758846
0.000758846
0.000758846
0.000758846
0.000758846
0.000758846
0.000758846
0.000758846
0.000758846
0.000758846
0.000758846
0.000758846
0.000758846
0.000758846
0.000758846
0.000758846
0.000758846
0.000758846
0.000758846
0.000758846
0.000758846
0.000758846
0.000758846
0.000758846
0.000758846
0.000758846
0.000758846
0.000758846
0.000758846
0.000758846
0.000758846
0.000758846
0.000758846
0.000758846
0.000758846
0.000758846
0.000758846
0.000758846
0.000758846
0.000758846
0.000758846
0.000758846
0.000758846
0.000758846
0.000758846
0.000758846
0.000758846
0.000758846
0.000758846
0.000758846
0.000758846
0.00246896
0.000758846
0.000758846
0.000758846
0.000758846
0.000758846
0.000758846
0.000758846
0.000758846
0.000758846
0.000758846
0.000758846
0.000758846
0.000758846
0.000758846
0.000758846
0.000758846
0.000758846
0.000758846
0.000758846
0.000758846
0.000758846
0.000758846
0.000758846
0.000758846
0.000758846
0.000758846
0.000758846
0.000758846
0.000758846
0.000758846
0.000758846
0.000758846
0.000758846
0.000758846
0.000758846
0.000758846
0.000758846
0.000758846
0.000758846
0.000758846
0.000758846
0.000758846
0.000758846
0.000758846
0.000758846
0.000758846
0.000758846
0.000758846
0.000758846
0.000758846
0.000758846
0.000758846
0.000758846
0.000758846
0.000758846
0.000758846
0.000758846
0.000758846
0.000758846
0.000758846
0.000758846
0.000758846
0.000758846
0.000758846
0.000758846
0.000758846
0.000758846
0.000758846
0.000758846
0.000758846
0.000758846
0.000758846
0.000758846
0.000758846
0.000758846
0.000758846
0.000758846
0.000758846
0.000758846
0.000758846
0.000758846
0.000758846
0.000758846
0.000758846
0.000758846
0.000758846
0.000758846
0.000758846
0.000758846
0.000758846
0.000758846
0.000758846
0.000758846
0.000758846
0.000758846
0.000758846
0.000758846
0.000758846
0.000758846
0.000758846
0.000758846
0.000758846
0.000758846
0.000758846
0.000758846
0.000758846
0.000758846
0.000758846
0.000758846
0.000758846
0.000758846
0.000758846
0.000758846
0.000758846
0.000758846
0.000758846
0.000758846
0.000758846
0.000758846
0.000758846
0.000758846
0.000758846
0.000758846
0.000758846
0.000758846
0.000758846
0.000758846
0.000758846
0.000758846
0.000758846
0.000758846
0.000758846
0.000758846
0.000758846
0.000758846
0.000758846
0.000758846
0.00122405
0.000758846
0.000758846
0.000758846
0.000758846
0.000758846
0.000758846
0.000758846
0.000758846
0.000758846
0.000758846
0.000758846
0.000758846
0.000758846
0.000758846
0.000758846
0.000758846
0.000758846
0.000758846
0.000758846
0.000758846
0.000758846
0.000758846
0.000758846
0.000758846
0.000758846
0.000758846
0.000758846
0.000758846
0.000758846
0.000758846
0.000758846
0.000758846
0.000758846
0.000758846
0.000758846
0.000758846
0.000758846
0.000758846
0.000758846
0.000758846
0.000758846
0.000758846
0.000758846
0.000758846
0.000758846
0.000758846
0.000758846
0.000758846
0.000758846
0.000758846
0.000758846
0.000758846
0.000758846
0.000758846
0.000758846
0.000758846
0.000758846
0.000758846
0.000758846
0.000758846
0.000758846
0.000758846
0.000758846
0.000868995
0.000758846
0.000758846
0.000758846
0.000758846
0.000758846
0.000758846
0.000758846
0.000758846
0.000758846
0.000758846
0.000758846
0.000758846
0.000758846
0.000758846
0.000758846
0.000758846
0.000758846
0.000758846
0.000758846
0.000758846
0.000758846
0.000758846
0.000758846
0.000758846
0.000758846
0.000758846
0.000758846
0.000758846
0.000758846
0.000758846
0.000758846
0.000758846
0.000758846
0.000758846
0.000758846
0.000758846
0.000758846
0.000758846
0.000758846
0.000758846
0.000758846
0.000758846
0.000758846
0.000758846
0.000758846
0.000758846
0.000758846
0.000758846
0.000758846
0.000758846
0.000758846
0.000758846
0.000758846
0.000758846
0.000758846
0.000758846
0.000758846
0.000758846
0.000758846
0.000758846
0.000758846
0.000758846
0.000758846
0.000758846
0.000758846
0.000758846
0.000758846
0.000758846
0.000758846
0.000758846
0.000758846
0.000758846
0.000758846
0.000758846
0.000758846
0.000758846
0.000758846
0.000758846
0.000758846
0.000758846
0.000758846
0.000758846
0.000758846
0.000758846
0.000758846
0.000758846
0.000758846
0.000758846
0.000758846
0.000758846
0.000758846
0.000758846
0.000758846
0.000758846
0.000758846
0.00153792
0.000758846
0.000758846
0.000758846
0.000758846
0.000758846
0.000758846
0.000758846
0.000758846
0.000758846
0.000758846
0.000758846
0.000758846
0.000889092
0.000758846
0.000758846
0.000758846
0.000758846
0.000758846
0.000758846
0.000758846
0.000758846
0.000758846
0.000758846
0.000758846
0.000758846
0.000758846
0.000758846
