0.4
0.0787492
0.0372487
0.0153078
0.00086488
0.00086488
0.00086488
0.00086488
0.00086488
0.00086488
0.00086488
0.00086488
0.00086488
0.00086488
0.00086488
0.00086488
0.00086488
0.00086488
0.00086488
0.00086488
0.00086488
0.00086488
0.00086488
0.00086488
0.00086488
0.00086488
0.00086488
0.00086488
0.00086488
0.00086488
0.00086488
0.00086488
0.00086488
0.00086488
0.00086488
0.00086488
0.00107402
0.00086488
0.00086488
0.00086488
0.00086488
0.00086488
0.00086488
0.00086488
0.00086488
0.00086488
0.00086488
0.00086488
0.00086488
0.00086488
0.00086488
0.00086488
0.00086488
0.00086488
0.00086488
0.00086488
0.00086488
0.00086488
0.00086488
0.00086488
0.00086488
0.00086488
0.00086488
0.00086488
0.00086488
0.00086488
0.00086488
0.00086488
0.00086488
0.00086488
0.00086488
0.00086488
0.00086488
0.00086488
0.00086488
0.00086488
0.00086488
0.00086488
0.00086488
0.00086488
0.00086488
0.000956085
0.00086488
0.00086488
0.00086488
0.00086488
0.00086488
0.00086488
0.00086488
0.00086488
0.00086488
0.00086488
0.00086488
0.00086488
0.00086488
0.00086488
0.00086488
0.00086488
0.00086488
0.00086488
0.00086488
0.00086488
0.00086488
0.00086488
0.00086488
0.00086488
0.00086488
0.00086488
0.00086488
0.00086488
0.00086488
0.00086488
0.00179929
0.00086488
0.00086488
0.00086488
0.00086488
0.00086488
0.00086488
0.00086488
0.00086488
0.00086488
0.00086488
0.00086488
0.00086488
0.00086488
0.00086488
0.00086488
0.00086488
0.00086488
0.00086488
0.00086488
0.00086488
0.00086488
0.00086488
0.00086488
0.00086488
0.00086488
0.00086488
0.00086488
0.00086488
0.00086488
0.00086488
0.00086488
0.00086488
0.00086488
0.00086488
0.00086488
0.00086488
0.00086488
0.00086488
0.00086488
0.00086488
0.00086488
0.00086488
0.00086488
0.00086488
0.00086488
0.00086488
0.00086488
0.00086488
0.00086488
0.00086488
0.00086488
0.00086488
0.00108499
0.00086488
0.00086488
0.00086488
0.00086488
0.00086488
0.00086488
0.00086488
0.00086488
0.00086488
0.00086488
0.00086488
0.00086488
0.00086488
0.00086488
0.00086488
0.00086488
0.00086488
0.00102523
0.00086488
0.00086488
0.00086488
0.00086488
0.00086488
0.00086488
0.00086488
0.00086488
0.00086488
0.00086488
0.00086488
0.00086488
0.00086488
0.00086488
0.00086488
0.00086488
0.00086488
0.00086488
0.00086488
0.00086488
0.00086488
0.00086488
0.00086488
0.00086488
0.00086488
0.00086488
0.00086488
0.00086488
0.00086488
0.00086488
0.00086488
0.00086488
0.00086488
0.00086488
0.00086488
0.00086488
0.00086488
0.00086488
0.00086488
0.00086488
0.00086488
0.00086488
0.00086488
0.00086488
0.00086488
0.00086488
0.00086488
0.00086488
0.00086488
0.00086488
0.00086488
0.00086488
0.00086488
0.00086488
0.00086488
0.00086488
0.00086488
0.00086488
0.00086488
0.00086488
0.00086488
0.00086488
0.00086488
0.00086488
0.00086488
0.00086488
0.00086488
0.00086488
0.00086488
0.00086488
0.00086488
0.00086488
0.00086488
0.00086488
0.00086488
0.00086488
0.00086488
0.00086488
0.00086488
0.00086488
0.00086488
0.00086488
0.00086488
0.00086488
0.00086488
0.00086488
0.00086488
0.00086488
0.00086488
0.00086488
0.00086488
0.00086488
0.00086488
0.00086488
0.00086488
0.00086488
0.00086488
0.00086488
0.00086488
0.00086488
0.00086488
0.00086488
0.00086488
0.00086488
0.00086488
0.00086488
0.00086488
0.00086488
0.00086488
0.00086488
0.00086488
0.00086488
0.00086488
0.00086488
0.00086488
0.00086488
0.00086488
0.00086488
0.00086488
0.00086488
0.00086488
0.00086488
0.00086488
0.00086488
0.00086488
0.00086488
0.00086488
0.00086488
0.00086488
0.00086488
0.00086488
0.00086488
0.00086488
0.00086488
0.00086488
0.00086488
0.00086488
0.00086488
0.00086488
0.00086488
0.00086488
0.00086488
0.00086488
0.00086488
0.00086488
0.00086488
0.00086488
0.00086488
0.00086488
0.00108499
0.00086488
0.00086488
0.00086488
0.00086488
0.00086488
0.00086488
0.00086488
0.00086488
0.00086488
0.00086488
0.00086488
0.00086488
0.00086488
0.00086488
0.00086488
0.00086488
0.00086488
0.00086488
0.00086488
0.00086488
0.00086488
0.00086488
0.00086488
0.00086488
0.00086488
0.00086488
0.00086488
0.00086488
0.00086488
0.00086488
0.00086488
0.00086488
0.00086488
0.00086488
0.00086488
0.00086488
0.00086488
0.00086488
0.00086488
0.00086488
0.00086488
0.00086488
0.00086488
0.00086488
0.00086488
0.00086488
0.00086488
0.00086488
0.00086488
0.00086488
0.00086488
0.00086488
0.00086488
0.00086488
0.00086488
0.00086488
0.00086488
0.00086488
0.00086488
0.00086488
0.00086488
0.00086488
0.00086488
0.00086488
0.00086488
0.00086488
0.00086488
0.00086488
0.00086488
0.00086488
0.00086488
0.00086488
0.00086488
0.00086488
0.00086488
0.00086488
0.00086488
0.00086488
0.00086488
0.00086488
0.00086488
0.00086488
0.00086488
0.00086488
0.00086488
0.00086488
0.00086488
0.00086488
0.00086488
0.00086488
0.00086488
0.00086488
0.00086488
0.00086488
0.00086488
0.00086488
0.00086488
0.00086488
0.00086488
0.00086488
0.00086488
0.00086488
0.00086488
0.00086488
0.00086488
0.00086488
0.00086488
0.00086488
0.00086488
0.00086488
0.00086488
0.00086488
0.00086488
0.00086488
0.00086488
0.00086488
0.00086488
0.00086488
0.00086488
0.00086488
0.00086488
0.00086488
0.00086488
0.00086488
0.00086488
0.00086488
0.00086488
0.00086488
0.00086488
0.00086488
0.00086488
0.00086488
0.00086488
0.00086488
0.00086488
0.00086488
0.00086488
0.00086488
0.00086488
0.00086488
0.00086488
0.00086488
0.00086488
0.00086488
0.00086488
0.00086488
0.00086488
0.00086488
0.00086488
0.00086488
0.00086488
0.00086488
0.00086488
0.00086488
0.00086488
0.00086488
0.00086488
0.00086488
0.00086488
0.00086488
0.00086488
0.00086488
0.00086488
0.00086488
0.00086488
0.00086488
0.00086488
0.00125666
0.00086488
0.00086488
0.00086488
0.00086488
0.00086488
0.00086488
0.00086488
0.00086488
0.00086488
0.00086488
0.00086488
0.00086488
0.00086488
0.00086488
0.00086488
0.00086488
0.00086488
0.00086488
0.00086488
0.00086488
0.00086488
0.00086488
0.00086488
0.00086488
0.00086488
0.00086488
0.00086488
0.00086488
0.00086488
0.00086488
0.00086488
0.00086488
0.00086488
0.00086488
0.00086488
0.00086488
0.00086488
0.00086488
0.00086488
0.00086488
0.00086488
0.00086488
0.00086488
0.00086488
0.00086488
0.00137883
0.00086488
0.00086488
0.00086488
0.00086488
0.00086488
0.00086488
0.00086488
0.00086488
0.00086488
0.00086488
0.00086488
0.00086488
0.00086488
0.00086488
0.00086488
0.00086488
0.00086488
0.00086488
0.00086488
0.00086488
0.00086488
0.00086488
0.00086488
0.00086488
0.00086488
0.00140147
0.00086488
0.00086488
0.00086488
0.00086488
0.00086488
0.00086488
0.00086488
0.00086488
0.00086488
0.00086488
0.00086488
0.00086488
0.00101374
0.00086488
0.00086488
0.00086488
0.00086488
0.00086488
0.00086488
0.00086488
0.00086488
0.00086488
0.00086488
0.00086488
0.00086488
0.00086488
0.00086488
0.00086488
0.00086488
0.00086488
0.00086488
0.00086488
0.00086488
0.00086488
0.00086488
0.00086488
0.00086488
0.00086488
0.00086488
0.00086488
0.00086488
0.00086488
0.00086488
0.00086488
0.00086488
0.00086488
0.00086488
0.00086488
0.00086488
0.00086488
0.00086488
0.00086488
0.00086488
0.00086488
0.00086488
0.00086488
0.00086488
0.00086488
0.00086488
0.00086488
0.00086488
0.00089633
0.00086488
0.00086488
0.00086488
0.00086488
0.00086488
0.00086488
0.00086488
0.00086488
0.00086488
0.00086488
0.00086488
0.00086488
0.00086488
0.00086488
0.00086488
0.00086488
0.00086488
0.00086488
0.00086488
0.00086488
0.00086488
0.00086488
0.00086488
0.00086488
0.00142631
0.00086488
0.00086488
0.00086488
0.00086488
0.00086488
0.00086488
0.00086488
0.00086488
0.00086488
0.00086488
0.00086488
0.00086488
0.00086488
0.00086488
0.00086488
0.00086488
0.00086488
0.00086488
0.00086488
0.00086488
0.00086488
0.00086488
0.00086488
0.00086488
0.00086488
0.00086488
0.00086488
0.00086488
0.00086488
0.00086488
0.00086488
0.00086488
0.00086488
0.00086488
0.00089633
0.00086488
0.00086488
0.00086488
0.00086488
0.00086488
0.00086488
0.00086488
0.00086488
0.00086488
0.00086488
0.00086488
0.00086488
0.00086488
0.00086488
0.00086488
0.00086488
0.00086488
0.00086488
0.00086488
0.00086488
0.00086488
0.00205452
0.00086488
0.00086488
0.00086488
0.00086488
0.00086488
0.00086488
0.00086488
0.00086488
0.00086488
0.00086488
0.00086488
0.00086488
0.00086488
0.00086488
0.00086488
0.00086488
0.00086488
0.00086488
0.00086488
0.00086488
0.00086488
0.00086488
0.00086488
0.00086488
0.00086488
0.00086488
0.00086488
0.00086488
0.00086488
0.00086488
0.00086488
0.00086488
0.00086488
0.00086488
0.00086488
0.00086488
0.00086488
0.00126224
0.00086488
0.00086488
0.00086488
0.00086488
0.00086488
0.00086488
0.00086488
0.00086488
0.00086488
0.00086488
0.00086488
0.00086488
0.00086488
0.00086488
0.00086488
0.00086488
0.00086488
0.00086488
0.00086488
0.00086488
0.00086488
0.00086488
0.00086488
0.00086488
0.00086488
0.00086488
0.00086488
0.00086488
0.00086488
0.00086488
0.00086488
0.00086488
0.00086488
0.00086488
0.00086488
0.00086488
0.00086488
0.00086488
0.00086488
0.00086488
0.00086488
0.00086488
0.00086488
0.00086488
0.00086488
0.00086488
0.00086488
0.00086488
0.00086488
0.00086488
0.00086488
0.00086488
0.00086488
0.00086488
0.00086488
0.00086488
0.00086488
0.00086488
0.00086488
0.00086488
0.00086488
0.00086488
0.00086488
0.00086488
0.00086488
0.00086488
0.00086488
0.00086488
0.00086488
0.00086488
0.00086488
0.00086488
0.00086488
0.00086488
0.00086488
0.00086488
0.00086488
0.00086488
0.00086488
0.00086488
0.00086488
0.00086488
0.00086488
0.00086488
0.00086488
0.00086488
0.00086488
0.00086488
0.00086488
0.00086488
0.00086488
0.00086488
0.00086488
0.00086488
0.00086488
0.00086488
0.00086488
0.00086488
0.00086488
0.00086488
0.00086488
0.00086488
0.00086488
0.00086488
0.00086488
0.00086488
0.00086488
0.00086488
0.00086488
0.00086488
0.00086488
0.00086488
0.00086488
0.00086488
0.00086488
0.00086488
0.00086488
0.00086488
0.00086488
0.00086488
0.00086488
0.00086488
0.00086488
0.00086488
0.00086488
0.00086488
0.00086488
0.00086488
0.00086488
0.00086488
0.00086488
0.00086488
0.00086488
0.00086488
0.00086488
0.00086488
0.00086488
0.00086488
0.00086488
0.00086488
0.00086488
0.00086488
0.00086488
0.00086488
0.00086488
0.00086488
0.00086488
0.00086488
0.00086488
0.00086488
0.00086488
0.00086488
0.00086488
0.00086488
0.00086488
0.00086488
0.00086488
0.00086488
0.00086488
0.00086488
0.00086488
0.00086488
0.00086488
0.00086488
0.00086488
0.00086488
0.00086488
0.00086488
0.00086488
0.00086488
0.00086488
0.00086488
0.00086488
0.00086488
0.00086488
0.00086488
0.00086488
0.00086488
0.00086488
0.00086488
0.00104415
0.00129738
0.00086488
0.00086488
0.00086488
0.00086488
0.00086488
0.00086488
0.00086488
0.00086488
0.00086488
0.00086488
0.00086488
0.00086488
0.00086488
0.00086488
0.00086488
0.00086488
0.00086488
0.00086488
0.00086488
0.00086488
0.00086488
0.00086488
0.00086488
0.00086488
0.00086488
0.00086488
0.00086488
0.00086488
0.00086488
0.00102434
0.00086488
0.00086488
0.00086488
0.00086488
0.00086488
0.00086488
0.00086488
0.00086488
0.00086488
0.00086488
0.00086488
0.00086488
0.00086488
0.00086488
0.00086488
0.00086488
0.00086488
0.00086488
0.00086488
0.00086488
0.00086488
0.00086488
0.00086488
0.00086488
0.00086488
0.00086488
0.00086488
0.00086488
0.00086488
0.00086488
0.00086488
0.00086488
0.00086488
