0.2
0.0430415
0.0212406
0.00875299
0.000926326
0.000926326
0.000926326
0.000926326
0.000926326
0.000926326
0.000926326
0.000926326
0.000926326
0.000926326
0.000926326
0.000926326
0.000926326
0.000926326
0.000926326
0.000926326
0.000926326
0.000926326
0.000926326
0.000926326
0.000926326
0.000926326
0.000926326
0.000926326
0.000926326
0.000926326
0.000926326
0.000926326
0.000926326
0.000926326
0.000926326
0.000926326
0.000926326
0.000926326
0.000926326
0.000926326
0.000926326
0.000926326
0.000926326
0.000926326
0.000926326
0.000926326
0.000926326
0.000926326
0.000926326
0.000926326
0.000926326
0.000926326
0.000926326
0.000926326
0.000926326
0.000926326
0.000926326
0.000926326
0.000926326
0.000926326
0.000926326
0.000926326
0.000926326
0.000926326
0.000926326
0.000926326
0.000926326
0.000926326
0.000926326
0.000926326
0.000926326
0.000926326
0.000926326
0.000926326
0.000926326
0.000926326
0.000926326
0.000926326
0.000926326
0.000926326
0.000926326
0.000926326
0.000926326
0.000926326
0.000926326
0.000926326
0.000926326
0.000926326
0.000926326
0.000926326
0.000926326
0.000926326
0.000926326
0.000926326
0.000926326
0.000926326
0.000926326
0.000926326
0.000926326
0.000926326
0.000926326
0.000926326
0.000926326
0.000926326
0.000926326
0.000926326
0.000926326
0.000926326
0.000926326
0.000926326
0.000926326
0.000926326
0.000926326
0.000926326
0.000926326
0.000926326
0.000926326
0.000926326
0.000926326
0.000926326
0.000926326
0.000926326
0.000926326
0.000926326
0.000926326
0.000926326
0.000926326
0.00147326
0.000926326
0.000926326
0.000926326
0.000926326
0.000926326
0.000926326
0.000926326
0.000926326
0.000926326
0.000926326
0.000926326
0.000926326
0.000926326
0.000926326
0.000926326
0.000926326
0.000926326
0.000926326
0.000926326
0.000926326
0.000926326
0.000926326
0.000926326
0.000926326
0.000926326
0.000926326
0.000971596
0.000926326
0.000926326
0.000926326
0.000926326
0.000926326
0.000926326
0.000926326
0.000926326
0.000926326
0.000926326
0.000926326
0.000926326
0.000926326
0.000926326
0.000926326
0.000926326
0.000926326
0.000926326
0.000926326
0.000926326
0.000926326
0.000926326
0.000926326
0.000926326
0.000926326
0.000926326
0.000926326
0.000926326
0.000926326
0.000926326
0.000926326
0.000926326
0.000926326
0.000926326
0.000926326
0.000926326
0.000926326
0.000926326
0.000926326
0.000926326
0.000926326
0.000926326
0.000926326
0.000926326
0.000926326
0.000926326
0.000926326
0.000926326
0.000926326
0.000926326
0.000926326
0.000926326
0.000926326
0.000926326
0.000926326
0.000926326
0.000926326
0.000926326
0.000926326
0.000926326
0.000926326
0.000926326
0.000926326
0.000926326
0.000926326
0.000926326
0.000926326
0.000926326
0.000926326
0.000926326
0.000926326
0.000926326
0.000926326
0.000926326
0.000926326
0.000926326
0.000926326
0.000926326
0.000926326
0.000926326
0.000926326
0.000926326
0.000926326
0.000926326
0.000926326
0.000926326
0.000926326
0.000926326
0.000926326
0.000926326
0.000926326
0.000926326
0.000926326
0.000926326
0.000926326
0.000926326
0.000926326
0.000926326
0.000926326
0.000926326
0.000926326
0.000926326
0.000926326
0.000926326
0.000926326
0.000926326
0.000926326
0.000926326
0.000926326
0.000926326
0.000926326
0.000926326
0.000926326
0.000926326
0.000926326
0.000926326
0.00120604
0.000926326
0.000926326
0.000926326
0.000926326
0.000926326
0.000926326
0.000926326
0.000926326
0.000926326
0.000926326
0.000926326
0.000926326
0.000926326
0.000926326
0.000926326
0.000926326
0.000926326
0.000926326
0.000926326
0.000926326
0.000926326
0.000926326
0.000926326
0.000926326
0.000926326
0.000926326
0.000926326
0.000926326
0.000926326
0.000926326
0.000968011
0.000926326
0.000926326
0.000926326
0.000926326
0.000926326
0.000926326
0.000926326
0.000926326
0.000926326
0.000926326
0.000926326
0.000926326
0.000926326
0.000926326
0.000926326
0.000926326
0.000926326
0.000926326
0.000926326
0.000926326
0.000926326
0.000926326
0.000926326
0.000926326
0.000926326
0.000926326
0.000926326
0.000926326
0.000926326
0.000926326
0.000926326
0.000926326
0.000926326
0.000926326
0.000926326
0.000926326
0.000926326
0.000926326
0.000926326
0.000926326
0.000926326
0.000926326
0.000926326
0.000926326
0.000926326
0.000926326
0.000926326
0.000926326
0.000926326
0.000926326
0.000926326
0.000926326
0.000926326
0.000926326
0.000926326
0.000926326
0.000926326
0.000926326
0.000926326
0.000926326
0.000926326
0.000926326
0.000926326
0.000926326
0.000926326
0.000926326
0.000926326
0.000926326
0.000926326
0.000926326
0.000926326
0.000926326
0.000926326
0.000926326
0.000926326
0.000926326
0.000926326
0.000926326
0.000926326
0.000926326
0.000926326
0.000926326
0.000926326
0.000926326
0.000926326
0.000926326
0.000926326
0.000926326
0.000926326
0.000926326
0.000926326
0.000926326
0.000926326
0.000926326
0.000926326
0.000926326
0.000926326
0.000926326
0.000926326
0.000926326
0.000926326
0.000926326
0.000926326
0.000926326
0.000926326
0.000926326
0.000926326
0.000926326
0.000926326
0.000926326
0.000926326
0.000926326
0.000926326
0.000926326
0.000926326
0.000926326
0.000926326
0.000926326
0.000926326
0.000926326
0.000926326
0.000926326
0.000926326
0.000926326
0.000926326
0.000926326
0.000926326
0.000926326
0.000926326
0.000926326
0.000926326
0.000926326
0.000926326
0.000926326
0.000926326
0.000926326
0.000926326
0.000926326
0.000926326
0.000926326
0.000926326
0.000926326
0.000926326
0.000926326
0.000926326
0.000926326
0.000926326
0.000926326
0.000926326
0.000926326
0.000926326
0.000926326
0.000926326
0.000926326
0.000926326
0.000926326
0.000926326
0.000926326
0.000926326
0.00122376
0.000926326
0.000926326
0.000926326
0.000926326
0.000926326
0.000926326
0.000926326
0.000926326
0.000926326
0.000926326
0.000926326
0.000926326
0.000926326
0.000926326
0.000926326
0.000926326
0.000926326
0.000926326
0.000926326
0.000926326
0.000926326
0.000926326
0.000926326
0.000926326
0.000926326
0.000926326
0.000926326
0.000926326
0.000926326
0.000926326
0.000926326
0.000926326
0.000926326
0.000926326
0.000926326
0.000926326
0.000926326
0.000926326
0.000926326
0.000926326
0.000926326
0.000926326
0.000926326
0.000926326
0.000926326
0.000926326
0.000926326
0.000926326
0.000926326
0.000926326
0.000926326
0.000926326
0.000926326
0.000926326
0.000926326
0.000926326
0.000926326
0.000926326
0.000926326
0.000926326
0.000926326
0.000926326
0.000926326
0.000926326
0.000926326
0.000926326
0.000926326
0.000926326
0.000926326
0.000926326
0.000926326
0.000926326
0.000926326
0.000926326
0.000926326
0.000926326
0.000926326
0.000926326
0.000926326
0.000926326
0.000926326
0.000926326
0.000926326
0.000926326
0.000926326
0.000926326
0.000926326
0.000926326
0.000926326
0.000926326
0.000926326
0.000926326
0.000926326
0.000926326
0.000926326
0.000926326
0.000926326
0.000926326
0.000926326
0.000926326
0.00111459
0.000926326
0.000926326
0.000926326
0.000926326
0.000926326
0.000926326
0.000926326
0.000926326
0.000926326
0.000926326
0.000926326
0.000926326
0.000926326
0.000926326
0.000926326
0.000926326
0.000926326
0.000926326
0.000926326
0.000926326
0.000926326
0.000926326
0.000926326
0.000926326
0.000926326
0.000926326
0.000926326
0.000926326
0.000926326
0.000926326
0.000926326
0.000926326
0.000926326
0.000926326
0.000926326
0.000926326
0.000926326
0.000926326
0.000926326
0.000926326
0.000926326
0.000926326
0.000926326
0.000926326
0.000926326
0.000926326
0.000926326
0.000975536
0.000926326
0.000926326
0.000926326
0.000926326
0.000926326
0.000996838
0.000926326
0.000926326
0.00119998
0.000926326
0.000926326
0.000926326
0.000926326
0.000926326
0.000926326
0.000926326
0.000926326
0.000926326
0.000926326
0.000926326
0.000926326
0.000926326
0.000926326
0.000926326
0.000926326
0.000926326
0.000926326
0.000926326
0.000926326
0.000926326
0.000926326
0.000926326
0.000926326
0.000926326
0.000926326
0.000926326
0.000926326
0.000926326
0.000926326
0.000926326
0.000926326
0.000926326
0.000926326
0.000926326
0.000926326
0.000926326
0.000926326
0.000926326
0.000926326
0.00106007
0.000926326
0.000926326
0.000926326
0.000926326
0.000926326
0.000926326
0.000926326
0.000926326
0.000926326
0.000926326
0.000926326
0.000926326
0.000926326
0.000926326
0.000926326
0.000926326
0.000926326
0.0014848
0.000926326
0.000926326
0.000926326
0.000926326
0.000926326
0.000926326
0.000926326
0.000926326
0.000926326
0.000926326
0.000926326
0.000926326
0.000926326
0.000926326
0.000926326
0.000926326
0.000926326
0.000926326
0.000926326
0.000926326
0.000926326
0.000926326
0.000926326
0.000926326
0.000926326
0.000926326
0.000926326
0.000926326
0.000926326
0.000926326
0.000926326
0.000926326
0.000926326
0.000926326
0.000926326
0.000926326
0.000926326
0.000926326
0.000926326
0.000926326
0.000926326
0.000926326
0.000926326
0.000926326
0.000926326
0.000926326
0.000926326
0.000926326
0.000926326
0.000926326
0.000926326
0.000926326
0.000926326
0.000926326
0.000926326
0.000926326
0.000926326
0.000926326
0.000926326
0.000926326
0.000926326
0.000926326
0.000926326
0.000926326
0.000926326
0.000926326
0.000926326
0.000926326
0.000926326
0.000926326
0.000926326
0.000926326
0.000926326
0.000926326
0.000926326
0.000926326
0.000926326
0.000926326
0.000926326
0.000926326
0.000926326
0.000926326
0.000926326
0.000926326
0.000926326
0.000926326
0.000926326
0.000926326
0.000926326
0.000926326
0.000926326
0.000926326
0.000926326
0.000926326
0.000926326
0.000926326
0.000926326
0.000926326
0.000926326
0.000926326
0.000926326
0.000926326
0.000926326
0.000926326
0.000926326
0.000944853
0.000926326
0.000926326
0.000926326
0.000926326
0.000926326
0.000926326
0.000926326
0.000926326
0.000926326
0.000926326
0.000926326
0.000926326
0.000926326
0.000926326
0.000926326
0.000926326
0.000926326
0.000926326
0.000926326
0.000926326
0.000926326
0.000926326
0.000926326
0.000926326
0.000926326
0.000926326
0.000926326
0.000926326
0.000926326
0.000926326
0.000926326
0.000926326
0.000926326
0.000926326
0.000926326
0.000926326
0.000926326
0.000926326
0.000926326
0.000926326
0.000926326
0.000926326
0.000926326
0.000926326
0.000926326
0.000926326
0.000926326
0.000926326
0.000926326
0.000926326
0.000926326
0.000926326
0.000926326
0.000926326
0.000926326
0.000926326
0.000926326
0.000926326
0.000926326
0.000926326
0.000926326
0.000926326
0.000926326
0.000926326
0.000926326
0.000926326
0.000926326
0.000926326
0.000926326
0.000926326
0.000926326
0.000926326
0.00165777
0.000926326
0.000926326
0.000926326
0.00104028
0.000926326
0.000926326
0.000926326
0.000926326
0.000926326
0.000926326
0.000926326
0.000926326
0.000926326
0.000926326
0.000926326
0.000926326
0.000926326
0.000926326
0.000926326
0.000926326
0.000926326
0.000926326
0.000926326
0.000926326
0.000926326
0.000926326
0.000926326
0.000926326
0.000926326
0.000926326
0.000926326
0.000926326
0.000926326
0.000926326
0.000926326
0.000926326
0.000926326
0.000926326
0.000926326
0.000926326
0.000926326
0.000926326
0.000926326
0.000926326
0.000926326
0.000926326
0.000926326
0.000926326
0.000926326
0.000926326
0.000926326
0.000926326
0.000926326
0.000926326
0.000926326
0.000926326
0.000926326
0.000926326
0.000926326
0.000926326
0.000926326
0.000926326
0.000926326
0.000926326
0.000926326
0.000926326
0.000926326
0.000926326
0.000926326
0.000926326
0.000926326
0.000926326
0.000926326
0.000926326
0.000926326
0.000926326
0.000926326
0.000926326
0.000926326
0.000926326
0.000926326
0.000926326
0.000926326
0.000926326
0.000926326
0.000926326
0.000926326
0.000926326
0.000926326
0.000926326
0.000926326
0.000926326
0.000926326
0.000926326
0.000926326
0.000926326
0.000926326
0.000926326
0.000926326
0.000926326
0.000926326
0.000926326
0.000926326
0.000926326
0.000926326
0.000926326
0.000926326
0.000926326
0.000926326
0.000926326
0.000926326
0.000926326
0.000926326
0.000926326
0.000926326
0.000926326
0.000926326
0.000926326
0.000926326
0.000926326
0.000995007
0.000926326
0.000926326
0.000926326
0.000926326
0.000926326
0.000926326
0.000926326
0.000926326
0.000926326
0.000926326
0.000926326
0.000926326
0.000926326
0.000926326
0.000926326
0.000926326
0.000926326
0.000926326
0.000926326
0.000926326
0.000926326
