0.7
0.104998
0.0503955
0.0186291
0.000816471
0.000816471
0.000816471
0.000816471
0.000816471
0.000816471
0.000816471
0.000816471
0.000816471
0.000816471
0.000816471
0.000816471
0.000816471
0.000816471
0.000816471
0.000816471
0.000816471
0.000816471
0.000816471
0.000816471
0.000816471
0.000816471
0.000816471
0.000816471
0.000816471
0.000816471
0.000816471
0.000816471
0.000816471
0.000816471
0.000816471
0.000816471
0.000816471
0.000816471
0.000816471
0.000816471
0.000816471
0.000816471
0.000816471
0.000816471
0.000816471
0.000816471
0.000816471
0.000816471
0.000816471
0.000816471
0.000816471
0.000816471
0.000816471
0.000816471
0.000816471
0.000816471
0.000816471
0.000816471
0.000816471
0.000816471
0.000816471
0.000816471
0.000816471
0.000816471
0.000816471
0.000816471
0.000816471
0.000816471
0.000816471
0.000816471
0.000816471
0.000816471
0.000816471
0.000816471
0.000816471
0.000816471
0.000816471
0.00423721
0.000816471
0.000816471
0.000816471
0.000816471
0.000816471
0.000816471
0.000816471
0.000816471
0.000816471
0.000816471
0.000816471
0.000816471
0.000816471
0.000873624
0.000816471
0.000816471
0.000816471
0.000816471
0.000816471
0.000816471
0.000816471
0.000816471
0.000816471
0.000816471
0.000816471
0.000816471
0.000816471
0.000816471
0.000816471
0.000816471
0.000816471
0.000816471
0.000816471
0.000816471
0.000816471
0.000816471
0.000816471
0.000816471
0.000816471
0.000816471
0.000816471
0.000816471
0.000816471
0.000816471
0.000816471
0.000816471
0.000816471
0.000816471
0.000816471
0.000816471
0.000816471
0.000816471
0.000816471
0.000816471
0.000816471
0.000816471
0.000816471
0.00140763
0.000816471
0.000816471
0.000816471
0.000816471
0.000816471
0.000816471
0.000816471
0.000816471
0.000816471
0.000816471
0.000816471
0.000816471
0.000816471
0.000816471
0.000816471
0.000816471
0.000816471
0.000816471
0.000816471
0.000816471
0.000816471
0.000816471
0.000816471
0.000816471
0.000816471
0.000816471
0.000816471
0.000816471
0.000816471
0.000816471
0.000816471
0.000816471
0.000816471
0.000816471
0.000816471
0.000816471
0.000816471
0.000816471
0.000816471
0.000816471
0.000816471
0.000816471
0.000816471
0.000816471
0.000816471
0.000816471
0.000816471
0.000816471
0.000816471
0.000816471
0.000816471
0.000816471
0.000816471
0.000816471
0.000816471
0.000816471
0.000816471
0.000816471
0.000816471
0.000816471
0.000816471
0.000816471
0.000816471
0.000816471
0.000816471
0.000816471
0.000816471
0.000816471
0.000816471
0.000816471
0.000816471
0.000816471
0.000816471
0.000816471
0.000816471
0.000816471
0.000816471
0.000816471
0.000816471
0.000816471
0.000816471
0.000816471
0.000816471
0.000816471
0.000816471
0.000816471
0.000816471
0.000816471
0.000816471
0.000816471
0.000816471
0.000816471
0.000816471
0.000816471
0.000816471
0.000816471
0.000816471
0.000816471
0.000816471
0.000816471
0.000816471
0.000816471
0.000816471
0.000816471
0.000816471
0.000816471
0.000816471
0.000816471
0.000816471
0.000816471
0.000816471
0.000816471
0.000816471
0.000816471
0.000816471
0.000816471
0.000816471
0.000816471
0.000816471
0.000816471
0.000816471
0.000816471
0.000816471
0.000816471
0.000816471
0.000816471
0.000816471
0.000816471
0.000816471
0.000816471
0.000816471
0.000816471
0.000816471
0.000816471
0.000816471
0.000816471
0.000816471
0.000816471
0.000816471
0.000816471
0.000816471
0.000816471
0.000816471
0.000816471
0.000816471
0.000816471
0.000816471
0.00107437
0.000816471
0.000816471
0.000816471
0.000816471
0.000816471
0.000816471
0.000816471
0.000816471
0.000816471
0.000816471
0.000816471
0.000816471
0.000816471
0.000816471
0.000816471
0.000816471
0.000964354
0.000816471
0.000816471
0.000816471
0.000816471
0.000816471
0.000816471
0.00121037
0.000816471
0.000816471
0.000816471
0.000816471
0.000816471
0.001315
0.000816471
0.000816471
0.000816471
0.000816471
0.000816471
0.000816471
0.000816471
0.000816471
0.000816471
0.000816471
0.000816471
0.000816471
0.000816471
0.000816471
0.000816471
0.000816471
0.000816471
0.000816471
0.000816471
0.000816471
0.000816471
0.000816471
0.000816471
0.000816471
0.000816471
0.000816471
0.000816471
0.000816471
0.000816471
0.000816471
0.000816471
0.000816471
0.000816471
0.000816471
0.000816471
0.000816471
0.000816471
0.000816471
0.000816471
0.000816471
0.000816471
0.000816471
0.000816471
0.000816471
0.000816471
0.000816471
0.000816471
0.000816471
0.000816471
0.000816471
0.000816471
0.000816471
0.000816471
0.000816471
0.000816471
0.000816471
0.000816471
0.000816471
0.000816471
0.000816471
0.000816471
0.000816471
0.000816471
0.000816471
0.000816471
0.000816471
0.000816471
0.000816471
0.000816471
0.000816471
0.000816471
0.000816471
0.000816471
0.000816471
0.000816471
0.000816471
0.00133306
0.000816471
0.000816471
0.000816471
0.000816471
0.000816471
0.000816471
0.000816471
0.000816471
0.000816471
0.000816471
0.000816471
0.000816471
0.000816471
0.000816471
0.000816471
0.000816471
0.000816471
0.000816471
0.000816471
0.000816471
0.000816471
0.000816471
0.000816471
0.000816471
0.000816471
0.000816471
0.000816471
0.000816471
0.000816471
0.000816471
0.000816471
0.000816471
0.000816471
0.000816471
0.000816471
0.000816471
0.000816471
0.000816471
0.000816471
0.000816471
0.000816471
0.000816471
0.000816471
0.000816471
0.000816471
0.000816471
0.000816471
0.000816471
0.000816471
0.000816471
0.000816471
0.000816471
0.000816471
0.000816471
0.000816471
0.000816471
0.000816471
0.000816471
0.000816471
0.000816471
0.000816471
0.000816471
0.000816471
0.000816471
0.000816471
0.000816471
0.000816471
0.000816471
0.000816471
0.000816471
0.000816471
0.000816471
0.000816471
0.000816471
0.000816471
0.000816471
0.000816471
0.000816471
0.000816471
0.000816471
0.000816471
0.000816471
0.000816471
0.000816471
0.000816471
0.000816471
0.000816471
0.000816471
0.000816471
0.000816471
0.000816471
0.000816471
0.000816471
0.000816471
0.000816471
0.000816471
0.000816471
0.000816471
0.000816471
0.000816471
0.000816471
0.000816471
0.000816471
0.00135411
0.000816471
0.000816471
0.00128681
0.000816471
0.000816471
0.000816471
0.000816471
0.000816471
0.000816471
0.000816471
0.000816471
0.000816471
0.000816471
0.000816471
0.000816471
0.000816471
0.000816471
0.000816471
0.000816471
0.000816471
0.000816471
0.000816471
0.000816471
0.000816471
0.000816471
0.000816471
0.000816471
0.000816471
0.000816471
0.000816471
0.000816471
0.000816471
0.000816471
0.000816471
0.000816471
0.000816471
0.000816471
0.000816471
0.000816471
0.000816471
0.000816471
0.000816471
0.000816471
0.000816471
0.000816471
0.000816471
0.000816471
0.000816471
0.00211068
0.000816471
0.000816471
0.000816471
0.000816471
0.000816471
0.000816471
0.000816471
0.000816471
0.000816471
0.000816471
0.000816471
0.000816471
0.000816471
0.000816471
0.000816471
0.000816471
0.000816471
0.000816471
0.000816471
0.000816471
0.000816471
0.000816471
0.000816471
0.000816471
0.000816471
0.000816471
0.000816471
0.000816471
0.000816471
0.000816471
0.000816471
0.000816471
0.000816471
0.000816471
0.000816471
0.000816471
0.000816471
0.000816471
0.000816471
0.000816471
0.000816471
0.000816471
0.000816471
0.000816471
0.000816471
0.000816471
0.000816471
0.000816471
0.00241724
0.000816471
0.000816471
0.000816471
0.000816471
0.000816471
0.000816471
0.00101222
0.000816471
0.00138805
0.000816471
0.000816471
0.000816471
0.000816471
0.000816471
0.000816471
0.000816471
0.000816471
0.000816471
0.000816471
0.000816471
0.000816471
0.000816471
0.000816471
0.000816471
0.000816471
0.000816471
0.000816471
0.000816471
0.000816471
0.000816471
0.000816471
0.000816471
0.000816471
0.000816471
0.000816471
0.000816471
0.000816471
0.000816471
0.000816471
0.000816471
0.000816471
0.000816471
0.000816471
0.000816471
0.000816471
0.000816471
0.000816471
0.000816471
0.000816471
0.000816471
0.000816471
0.000816471
0.000816471
0.000816471
0.000816471
0.000816471
0.000816471
0.000816471
0.000816471
0.000816471
0.000816471
0.000816471
0.000816471
0.000816471
0.000816471
0.000816471
0.000816471
0.000816471
0.000816471
0.000816471
0.000816471
0.000816471
0.000816471
0.000816471
0.000816471
0.000816471
0.000816471
0.000816471
0.000816471
0.000816471
0.000816471
0.000816471
0.000816471
0.000816471
0.000816471
0.000816471
0.000816471
0.000816471
0.000816471
0.000816471
0.000816471
0.000816471
0.000816471
0.000816471
0.000816471
0.000816471
0.000816471
0.000816471
0.000816471
0.000816471
0.000816471
0.000816471
0.000816471
0.000816471
0.000816471
0.000816471
0.000816471
0.000816471
0.000816471
0.000816471
0.000816471
0.000816471
0.000816471
0.000816471
0.000816471
0.000816471
0.000816471
0.000816471
0.000816471
0.000816471
0.000816471
0.000816471
0.000816471
0.000816471
0.000816471
0.000816471
0.000816471
0.000816471
0.000816471
0.000816471
0.000816471
0.000816471
0.000816471
0.000816471
0.000816471
0.000816471
0.000816471
0.000816471
0.000816471
0.000816471
0.000816471
0.000816471
0.000816471
0.000816471
0.000816471
0.000816471
0.000816471
0.000816471
0.000816471
0.000816471
0.000816471
0.000816471
0.000816471
0.000816471
0.000816471
0.000816471
0.000816471
0.000816471
0.000816471
0.000816471
0.000816471
0.000816471
0.000816471
0.000816471
0.000816471
0.00102151
0.000816471
0.000816471
0.000816471
0.000816471
0.000816471
0.000816471
0.000816471
0.000816471
0.000816471
0.000816471
0.000816471
0.000816471
0.000816471
0.000816471
0.000816471
0.000816471
0.000816471
0.000816471
0.000816471
0.000816471
0.000816471
0.000816471
0.000816471
0.000816471
0.000816471
0.000816471
0.000816471
0.000816471
0.000816471
0.000816471
0.000816471
0.000816471
0.000816471
0.000816471
0.000816471
0.000816471
0.000816471
0.000816471
0.000816471
0.000816471
0.000816471
0.000816471
0.000816471
0.000816471
0.000816471
0.000816471
0.000816471
0.000816471
0.000816471
0.000816471
0.000816471
0.000816471
0.000816471
0.000816471
0.000816471
0.000816471
0.000816471
0.000816471
0.000816471
0.000816471
0.000816471
0.000816471
0.000816471
0.000816471
0.000816471
0.000816471
0.000816471
0.000816471
0.000816471
0.000816471
0.000816471
0.000816471
0.000816471
0.000816471
0.000887912
0.000816471
0.000816471
0.000816471
0.000816471
0.000816471
0.000816471
0.000816471
0.000816471
0.000816471
0.000816471
0.000816471
0.000816471
0.000816471
0.000816471
0.000816471
0.000816471
0.000816471
0.000816471
0.000816471
0.000816471
0.000816471
0.000816471
0.000816471
0.000816471
0.000816471
0.000816471
0.000816471
0.000816471
0.000816471
0.000816471
0.000816471
0.000816471
0.000816471
0.000816471
0.000816471
0.000816471
0.000816471
0.000816471
0.000816471
0.000816471
0.000816471
0.000816471
0.000816471
0.000816471
0.000816471
0.000816471
0.000816471
0.000816471
0.000816471
0.000816471
0.000816471
0.000816471
0.000816471
0.000816471
0.000816471
0.000816471
0.000816471
0.000816471
0.000816471
0.000816471
0.000816471
0.000816471
0.000816471
0.000816471
0.000816471
0.000816471
0.000816471
0.000816471
0.000816471
0.000816471
0.000816471
0.000816471
0.000816471
0.000816471
0.000816471
0.000816471
0.000816471
0.000816471
0.000816471
0.000816471
0.000816471
0.000816471
0.000816471
0.000816471
0.000816471
0.000816471
0.000816471
0.000816471
0.000816471
0.000816471
0.000816471
0.000816471
0.000816471
0.000816471
0.000816471
0.000816471
0.000816471
0.000816471
0.000816471
0.000816471
0.000816471
0.000816471
0.000816471
0.000816471
0.000816471
0.000816471
0.000816471
0.000816471
0.000816471
0.000816471
0.000816471
0.000816471
0.000816471
0.000816471
0.000816471
0.000816471
0.000816471
0.000816471
0.000816471
0.000816471
0.000816471
0.000816471
0.000816471
0.000816471
0.000816471
0.000816471
0.000816471
0.000816471
0.000816471
0.000816471
0.000816471
0.000816471
0.000816471
0.000816471
0.000816471
0.000816471
0.000816471
0.000816471
0.000816471
0.000816471
0.000816471
0.000816471
0.000816471
0.000816471
0.000816471
0.000816471
0.000816471
0.000816471
0.000816471
0.000816471
0.000816471
0.000816471
0.000816471
0.000816471
0.00194118
0.000816471
0.000816471
0.000816471
0.000816471
0.000816471
0.000816471
0.000816471
0.000816471
0.000816471
0.000816471
0.000816471
0.000816471
