0.6
0.111476
0.0522822
0.0202329
0.000808761
0.000808761
0.000808761
0.000808761
0.000808761
0.000808761
0.000808761
0.000808761
0.000808761
0.000808761
0.000808761
0.000808761
0.000808761
0.000808761
0.00185241
0.000808761
0.000808761
0.000808761
0.000808761
0.000808761
0.000808761
0.000808761
0.000808761
0.000808761
0.000808761
0.000808761
0.000808761
0.000808761
0.000808761
0.000808761
0.0034507
0.000808761
0.000808761
0.000808761
0.000808761
0.000808761
0.000808761
0.000808761
0.000808761
0.000808761
0.000808761
0.000808761
0.000808761
0.000808761
0.000808761
0.000808761
0.000808761
0.000808761
0.000808761
0.000808761
0.000808761
0.000808761
0.000808761
0.000808761
0.000808761
0.000808761
0.000808761
0.000808761
0.000808761
0.000808761
0.000808761
0.000808761
0.000808761
0.000808761
0.000808761
0.000808761
0.000808761
0.000808761
0.000808761
0.000808761
0.000808761
0.000808761
0.000808761
0.000808761
0.000808761
0.000808761
0.000808761
0.000808761
0.000808761
0.000808761
0.000808761
0.000808761
0.000808761
0.000808761
0.000808761
0.000808761
0.000808761
0.000808761
0.000808761
0.000808761
0.000808761
0.000808761
0.000808761
0.000808761
0.000808761
0.000808761
0.000808761
0.000808761
0.000808761
0.000808761
0.000808761
0.000808761
0.000808761
0.000808761
0.000808761
0.000808761
0.000808761
0.000997761
0.000808761
0.000808761
0.000808761
0.000808761
0.000808761
0.000808761
0.000808761
0.000808761
0.000808761
0.000808761
0.000808761
0.000808761
0.000808761
0.000808761
0.000808761
0.000808761
0.000808761
0.000808761
0.000808761
0.000808761
0.000808761
0.000808761
0.000808761
0.000808761
0.000808761
0.000808761
0.000808761
0.000808761
0.000808761
0.000808761
0.000808761
0.000808761
0.000808761
0.000808761
0.000808761
0.000808761
0.000808761
0.000808761
0.000808761
0.000808761
0.000808761
0.000808761
0.000808761
0.000808761
0.000808761
0.000808761
0.000808761
0.000808761
0.000808761
0.000808761
0.000808761
0.000808761
0.000808761
0.000808761
0.000934397
0.000808761
0.000808761
0.000808761
0.000808761
0.000808761
0.000808761
0.000808761
0.000808761
0.000808761
0.000808761
0.000808761
0.000808761
0.000808761
0.000808761
0.000808761
0.000808761
0.000808761
0.000808761
0.000808761
0.000808761
0.000808761
0.000808761
0.000808761
0.000808761
0.000808761
0.000808761
0.000808761
0.000808761
0.000808761
0.000808761
0.000808761
0.000808761
0.000808761
0.000808761
0.000808761
0.000808761
0.000808761
0.000808761
0.000808761
0.000808761
0.000808761
0.000808761
0.000808761
0.000808761
0.000808761
0.000808761
0.000808761
0.000808761
0.000808761
0.000808761
0.000808761
0.000808761
0.000808761
0.000808761
0.000808761
0.000808761
0.000808761
0.000808761
0.000808761
0.000808761
0.000808761
0.000808761
0.000808761
0.000808761
0.000808761
0.000808761
0.000808761
0.000808761
0.000808761
0.000808761
0.000808761
0.000808761
0.000808761
0.000808761
0.000808761
0.000808761
0.000808761
0.000808761
0.000808761
0.000808761
0.000808761
0.000808761
0.000808761
0.000808761
0.000808761
0.000808761
0.000808761
0.000808761
0.000808761
0.000808761
0.000808761
0.000808761
0.000808761
0.000808761
0.000808761
0.000808761
0.000808761
0.000808761
0.000808761
0.000808761
0.000808761
0.000808761
0.00109754
0.000808761
0.000808761
0.000808761
0.000808761
0.000808761
0.000808761
0.000808761
0.000808761
0.000808761
0.000808761
0.000808761
0.000808761
0.000808761
0.000808761
0.000808761
0.000808761
0.000808761
0.000808761
0.000808761
0.000808761
0.000808761
0.000808761
0.000808761
0.000808761
0.000808761
0.000808761
0.000808761
0.000808761
0.000808761
0.000808761
0.000808761
0.000808761
0.000808761
0.000808761
0.000808761
0.000808761
0.000808761
0.000808761
0.000808761
0.000808761
0.000808761
0.000808761
0.000808761
0.000808761
0.000808761
0.000808761
0.000808761
0.000808761
0.000808761
0.000808761
0.000808761
0.000808761
0.000808761
0.000808761
0.000808761
0.000808761
0.000808761
0.000808761
0.000808761
0.000808761
0.000808761
0.000808761
0.000808761
0.000808761
0.000808761
0.000808761
0.000808761
0.000808761
0.000808761
0.000808761
0.000808761
0.000808761
0.000808761
0.000808761
0.000808761
0.000808761
0.000808761
0.000808761
0.000808761
0.000808761
0.000808761
0.000808761
0.000808761
0.000808761
0.000808761
0.000808761
0.000808761
0.000808761
0.000808761
0.000808761
0.000808761
0.000808761
0.000808761
0.000808761
0.000808761
0.000808761
0.000808761
0.000808761
0.000808761
0.000808761
0.000808761
0.000808761
0.000808761
0.000808761
0.000808761
0.000808761
0.000808761
0.000808761
0.000808761
0.000808761
0.000808761
0.000808761
0.000808761
0.000808761
0.000808761
0.000808761
0.000808761
0.000808761
0.000808761
0.000808761
0.000808761
0.000808761
0.000808761
0.000808761
0.000808761
0.000808761
0.000808761
0.000808761
0.00139198
0.000808761
0.000808761
0.000808761
0.000808761
0.000808761
0.000808761
0.000808761
0.000808761
0.000808761
0.000808761
0.000808761
0.000808761
0.000808761
0.000808761
0.000808761
0.000808761
0.000808761
0.000808761
0.000808761
0.000808761
0.000808761
0.000808761
0.000808761
0.000808761
0.000808761
0.000808761
0.000808761
0.000808761
0.000808761
0.000808761
0.000808761
0.000808761
0.000808761
0.000808761
0.000808761
0.0013045
0.000808761
0.000808761
0.000808761
0.000808761
0.000808761
0.000808761
0.000808761
0.000808761
0.000808761
0.000808761
0.000808761
0.000808761
0.000808761
0.000808761
0.000808761
0.000808761
0.000808761
0.000808761
0.000808761
0.000808761
0.000808761
0.000808761
0.000808761
0.000808761
0.000808761
0.000808761
0.000808761
0.000808761
0.000808761
0.000808761
0.000808761
0.000808761
0.000808761
0.0009662
0.000808761
0.000808761
0.000808761
0.000808761
0.000808761
0.000808761
0.000808761
0.000808761
0.000808761
0.000808761
0.000808761
0.000808761
0.000808761
0.000808761
0.000808761
0.000808761
0.000808761
0.000808761
0.000808761
0.000808761
0.000808761
0.000808761
0.000808761
0.000808761
0.000808761
0.000808761
0.000808761
0.000808761
0.000808761
0.000808761
0.000808761
0.000808761
0.000808761
0.000808761
0.000808761
0.000808761
0.000808761
0.000808761
0.000808761
0.000808761
0.000808761
0.000808761
0.000808761
0.000808761
0.000808761
0.000808761
0.000808761
0.000808761
0.000808761
0.000808761
0.000808761
0.000808761
0.000808761
0.000808761
0.000808761
0.000808761
0.000808761
0.000808761
0.000808761
0.000808761
0.000808761
0.000808761
0.000808761
0.000808761
0.000808761
0.000808761
0.000808761
0.000808761
0.000808761
0.000808761
0.000808761
0.000808761
0.000808761
0.000808761
0.000808761
0.000808761
0.000808761
0.000808761
0.000808761
0.000808761
0.000808761
0.000808761
0.000808761
0.000808761
0.000808761
0.000808761
0.000808761
0.000808761
0.000808761
0.000808761
0.000808761
0.000808761
0.000808761
0.000808761
0.000808761
0.000808761
0.000808761
0.000808761
0.000808761
0.000808761
0.000808761
0.000808761
0.000808761
0.000808761
0.000808761
0.000808761
0.000808761
0.000808761
0.000808761
0.000808761
0.000808761
0.000808761
0.000808761
0.000808761
0.000808761
0.000808761
0.000808761
0.000808761
0.000808761
0.000808761
0.000808761
0.000808761
0.000808761
0.000808761
0.000808761
0.000808761
0.000808761
0.000808761
0.000808761
0.000808761
0.000808761
0.000808761
0.000808761
0.000808761
0.000808761
0.000808761
0.000808761
0.000808761
0.000808761
0.000808761
0.000808761
0.000808761
0.000808761
0.000808761
0.000808761
0.000808761
0.000808761
0.000808761
0.000808761
0.000808761
0.000808761
0.000808761
0.000808761
0.000808761
0.000808761
0.000808761
0.000808761
0.000808761
0.000808761
0.000808761
0.000808761
0.000808761
0.000808761
0.000808761
0.000808761
0.000808761
0.000808761
0.000808761
0.000808761
0.000808761
0.000808761
0.000808761
0.000808761
0.000808761
0.000808761
0.000808761
0.000808761
0.000808761
0.000808761
0.000808761
0.000808761
0.000808761
0.000808761
0.000808761
0.000808761
0.000808761
0.000808761
0.000808761
0.000808761
0.000808761
0.00161993
0.000808761
0.000808761
0.000808761
0.000808761
0.000808761
0.000808761
0.000808761
0.000808761
0.000808761
0.000808761
0.000808761
0.000808761
0.000808761
0.000808761
0.000808761
0.000808761
0.000808761
0.000808761
0.000808761
0.000808761
0.000808761
0.000808761
0.000808761
0.000862679
0.000808761
0.000808761
0.000808761
0.000808761
0.000808761
0.000808761
0.000808761
0.00089424
0.000808761
0.000808761
0.000808761
0.000808761
0.000808761
0.000808761
0.000808761
0.000808761
0.000808761
0.000808761
0.000808761
0.000808761
0.000808761
0.000808761
0.000808761
0.000808761
0.000808761
0.000808761
0.000808761
0.000808761
0.000808761
0.000808761
0.000808761
0.000808761
0.000808761
0.000808761
0.000808761
0.000808761
0.000808761
0.000808761
0.000808761
0.000808761
0.000808761
0.000808761
0.00111505
0.000808761
0.000808761
0.000808761
0.00108175
0.000808761
0.000808761
0.000808761
0.000808761
0.000808761
0.000808761
0.000808761
0.000808761
0.000808761
0.000808761
0.000808761
0.000808761
0.000808761
0.000808761
0.000808761
0.000808761
0.000808761
0.000808761
0.000808761
0.000808761
0.000808761
0.000808761
0.000808761
0.000808761
0.000808761
0.000808761
0.000808761
0.000808761
0.000808761
0.000808761
0.000808761
0.000808761
0.000808761
0.000808761
0.000808761
0.000808761
0.000808761
0.000808761
0.000808761
0.000808761
0.000808761
0.000808761
0.000808761
0.000808761
0.000808761
0.000808761
0.000808761
0.000808761
0.000808761
0.000808761
0.000808761
0.000808761
0.000808761
0.000808761
0.000808761
0.000808761
0.000808761
0.000808761
0.000808761
0.000808761
0.000808761
0.000808761
0.000808761
0.000808761
0.00243137
0.000808761
0.000808761
0.000808761
0.000808761
0.000808761
0.000808761
0.000808761
0.000808761
0.000808761
0.000808761
0.000808761
0.000808761
0.000808761
0.000808761
0.000808761
0.000808761
0.000808761
0.000808761
0.000808761
0.00123765
0.000808761
0.000808761
0.000808761
0.000808761
0.000808761
0.000808761
0.000808761
0.000808761
0.000808761
0.000808761
0.000808761
0.000808761
0.000808761
0.000808761
0.000808761
0.000808761
0.000808761
0.000808761
0.000808761
0.000808761
0.000808761
0.000808761
0.000808761
0.000808761
0.000808761
0.000808761
0.000808761
0.000808761
0.000808761
0.000808761
0.000808761
0.000808761
0.000808761
0.000808761
0.000808761
0.000808761
0.000808761
0.000808761
0.000808761
0.000808761
0.000808761
0.000808761
0.000808761
0.000808761
0.000808761
0.000808761
0.000808761
0.000808761
0.000808761
0.000808761
0.000808761
0.000808761
0.000808761
0.000808761
0.000808761
0.000808761
0.000808761
0.000808761
0.000808761
0.000808761
0.000808761
0.000808761
0.000808761
0.000808761
0.000808761
0.000808761
0.000808761
0.000808761
0.000808761
0.000808761
0.000808761
0.000808761
0.000808761
0.000808761
0.000808761
0.000808761
0.000808761
0.000808761
0.000808761
0.000808761
0.000808761
0.000808761
0.000808761
0.000808761
0.000808761
0.000808761
0.000808761
0.000808761
0.000808761
0.000808761
0.000808761
0.000808761
0.000808761
0.000808761
0.000808761
0.000808761
0.000808761
0.000808761
0.000808761
0.000808761
0.000808761
0.000808761
0.000808761
0.000808761
0.000808761
0.000808761
0.000808761
0.000808761
0.000808761
0.000808761
0.000808761
0.000808761
0.000808761
0.000808761
0.000808761
0.000808761
0.000808761
0.000808761
0.000808761
0.000808761
0.000808761
0.000808761
0.000808761
0.000808761
0.000808761
0.000808761
0.000808761
0.000808761
0.000808761
0.000808761
0.000808761
0.000808761
0.000808761
0.000808761
0.000808761
0.000808761
0.000808761
0.000808761
0.000808761
0.000808761
0.000808761
0.000808761
0.000808761
0.000808761
0.000808761
0.000808761
0.000808761
0.000808761
0.000808761
0.000808761
0.000808761
0.000808761
0.000808761
0.000808761
0.000808761
0.000808761
0.000808761
0.000808761
0.000808761
0.000808761
0.000808761
0.000808761
0.000808761
0.000808761
0.000808761
0.000808761
0.000808761
0.000808761
0.000808761
0.000808761
0.000808761
0.000808761
0.000808761
0.000808761
0.000808761
0.000808761
0.000808761
0.000808761
0.000808761
0.00137636
0.000808761
0.000808761
0.000808761
0.000808761
0.000808761
