0.7
0.0624884
0.0303715
0.012361
0.00088676
0.00088676
0.00088676
0.00088676
0.00088676
0.00088676
0.00088676
0.00088676
0.00088676
0.00088676
0.00088676
0.00088676
0.00088676
0.00088676
0.00088676
0.00088676
0.00088676
0.00088676
0.00088676
0.00088676
0.00088676
0.00088676
0.00088676
0.00088676
0.00088676
0.00088676
0.00088676
0.00088676
0.00111527
0.00088676
0.00088676
0.00088676
0.00088676
0.00088676
0.00088676
0.00088676
0.00088676
0.00088676
0.00088676
0.00088676
0.00088676
0.00088676
0.00088676
0.00088676
0.00088676
0.00088676
0.00088676
0.00088676
0.00088676
0.00088676
0.00088676
0.00088676
0.00088676
0.00088676
0.00088676
0.00088676
0.00088676
0.00088676
0.00088676
0.00088676
0.00088676
0.00088676
0.00088676
0.00088676
0.00088676
0.00088676
0.00088676
0.00088676
0.00088676
0.00088676
0.00088676
0.00088676
0.00088676
0.00088676
0.00088676
0.00088676
0.00088676
0.00088676
0.00088676
0.00088676
0.00088676
0.00088676
0.00088676
0.00088676
0.00088676
0.00088676
0.00088676
0.00088676
0.00088676
0.00088676
0.00088676
0.00088676
0.00088676
0.00088676
0.00088676
0.00088676
0.00088676
0.00088676
0.00088676
0.00088676
0.00088676
0.00088676
0.00088676
0.00088676
0.00088676
0.00088676
0.00088676
0.00088676
0.00088676
0.00088676
0.00088676
0.00088676
0.00088676
0.00088676
0.00088676
0.00088676
0.00088676
0.00088676
0.00088676
0.00088676
0.00088676
0.00088676
0.00088676
0.00088676
0.00088676
0.00088676
0.00088676
0.00088676
0.00165129
0.00088676
0.00088676
0.00088676
0.00088676
0.00088676
0.00088676
0.00088676
0.00088676
0.00088676
0.00088676
0.00088676
0.00088676
0.00088676
0.00088676
0.00088676
0.00088676
0.00088676
0.00088676
0.00088676
0.00088676
0.00088676
0.00088676
0.00088676
0.00088676
0.00088676
0.00088676
0.00088676
0.00088676
0.00088676
0.00088676
0.00088676
0.00104194
0.00088676
0.00088676
0.00088676
0.00088676
0.00088676
0.00088676
0.00088676
0.00088676
0.00088676
0.00088676
0.00088676
0.00088676
0.00088676
0.00088676
0.00088676
0.00088676
0.00088676
0.00088676
0.00088676
0.00088676
0.00088676
0.00088676
0.00088676
0.00088676
0.00088676
0.00088676
0.00088676
0.00088676
0.00088676
0.00088676
0.00088676
0.00088676
0.00088676
0.00088676
0.00088676
0.00088676
0.00088676
0.00088676
0.00088676
0.00088676
0.00088676
0.00088676
0.00088676
0.00088676
0.00088676
0.00088676
0.00088676
0.00088676
0.00088676
0.00088676
0.00088676
0.00088676
0.00088676
0.00088676
0.00088676
0.00088676
0.00088676
0.00088676
0.00088676
0.00088676
0.00088676
0.00088676
0.00088676
0.00088676
0.00088676
0.00088676
0.00088676
0.00088676
0.00088676
0.00088676
0.00088676
0.00088676
0.00088676
0.00088676
0.00088676
0.00088676
0.00088676
0.00088676
0.00088676
0.00088676
0.00088676
0.00088676
0.00088676
0.00088676
0.00088676
0.00088676
0.00088676
0.00088676
0.00088676
0.00088676
0.00088676
0.00088676
0.00088676
0.00088676
0.00088676
0.00088676
0.00088676
0.00088676
0.00088676
0.00088676
0.00088676
0.00088676
0.00088676
0.00088676
0.00088676
0.00088676
0.00145944
0.00088676
0.00088676
0.00088676
0.00088676
0.00088676
0.00088676
0.00088676
0.00088676
0.00088676
0.00088676
0.00088676
0.00088676
0.00088676
0.00088676
0.00088676
0.00088676
0.00088676
0.00088676
0.00088676
0.00088676
0.00088676
0.00088676
0.00088676
0.00088676
0.00088676
0.00088676
0.00088676
0.00088676
0.00088676
0.00088676
0.00088676
0.00088676
0.00088676
0.00088676
0.00088676
0.00088676
0.00088676
0.00088676
0.00088676
0.00088676
0.00088676
0.00088676
0.00088676
0.00088676
0.00088676
0.00088676
0.00088676
0.00088676
0.00088676
0.00088676
0.00088676
0.00088676
0.00088676
0.00088676
0.00088676
0.00088676
0.00088676
0.00088676
0.00088676
0.00088676
0.00088676
0.00088676
0.00088676
0.00088676
0.00088676
0.00088676
0.00088676
0.00088676
0.00088676
0.00088676
0.00088676
0.00088676
0.00088676
0.00088676
0.00088676
0.00088676
0.00088676
0.00088676
0.00088676
0.00088676
0.00088676
0.00088676
0.00088676
0.00088676
0.00088676
0.00088676
0.00088676
0.00088676
0.00088676
0.00088676
0.00088676
0.00088676
0.00088676
0.00088676
0.00088676
0.00088676
0.00088676
0.00088676
0.00088676
0.00131692
0.00088676
0.00088676
0.00088676
0.00088676
0.00088676
0.00088676
0.00088676
0.00088676
0.00088676
0.00088676
0.00088676
0.00088676
0.00088676
0.00088676
0.00088676
0.00088676
0.00088676
0.00088676
0.00088676
0.00088676
0.00088676
0.00088676
0.00088676
0.00088676
0.00088676
0.00088676
0.00088676
0.00088676
0.00088676
0.00088676
0.00088676
0.00088676
0.00088676
0.00088676
0.00088676
0.00088676
0.00088676
0.00088676
0.00088676
0.00088676
0.0010691
0.00088676
0.00088676
0.00088676
0.00088676
0.00088676
0.00088676
0.00088676
0.00088676
0.00088676
0.00088676
0.00088676
0.00088676
0.00088676
0.00088676
0.00088676
0.00088676
0.00088676
0.00088676
0.00088676
0.00088676
0.00088676
0.00088676
0.00088676
0.00088676
0.00088676
0.00088676
0.00088676
0.00088676
0.00088676
0.00088676
0.00088676
0.00088676
0.00088676
0.00088676
0.00088676
0.00088676
0.00088676
0.00088676
0.00088676
0.00088676
0.00088676
0.00088676
0.00088676
0.00135839
0.00088676
0.00088676
0.00088676
0.00088676
0.00088676
0.00088676
0.00088676
0.00088676
0.00088676
0.00088676
0.00088676
0.00088676
0.00088676
0.00088676
0.00088676
0.00088676
0.00088676
0.00088676
0.00088676
0.00088676
0.00088676
0.00088676
0.00088676
0.00088676
0.00088676
0.00088676
0.00088676
0.00088676
0.00088676
0.00088676
0.00088676
0.00088676
0.00088676
0.00088676
0.00088676
0.00088676
0.00088676
0.00088676
0.00088676
0.00088676
0.00088676
0.00088676
0.00088676
0.00088676
0.00088676
0.00088676
0.00088676
0.00088676
0.00234933
0.00088676
0.00088676
0.00088676
0.00088676
0.00088676
0.00088676
0.00088676
0.00088676
0.00088676
0.00088676
0.00088676
0.00088676
0.00088676
0.00088676
0.00088676
0.00088676
0.00088676
0.00088676
0.00088676
0.00088676
0.00088676
0.00088676
0.00088676
0.00088676
0.00088676
0.00088676
0.00088676
0.00088676
0.00088676
0.00088676
0.00088676
0.00088676
0.00088676
0.00088676
0.00088676
0.00088676
0.00088676
0.00088676
0.00088676
0.00119713
0.00088676
0.00088676
0.00088676
0.00088676
0.00088676
0.00088676
0.00088676
0.00088676
0.00088676
0.00088676
0.00088676
0.00088676
0.00088676
0.00088676
0.00088676
0.00088676
0.00088676
0.00088676
0.00088676
0.00088676
0.00088676
0.00088676
0.00088676
0.00088676
0.00088676
0.00088676
0.00088676
0.00088676
0.00088676
0.00088676
0.00088676
0.00088676
0.00088676
0.00088676
0.00088676
0.00088676
0.00088676
0.00088676
0.00088676
0.00088676
0.00088676
0.00088676
0.00088676
0.00088676
0.00088676
0.00088676
0.00088676
0.00088676
0.00088676
0.00088676
0.00088676
0.00088676
0.00088676
0.00088676
0.00088676
0.00088676
0.00088676
0.00088676
0.00088676
0.00104194
0.00088676
0.00088676
0.00088676
0.00088676
0.00088676
0.00088676
0.00088676
0.00088676
0.00088676
0.00088676
0.00088676
0.00088676
0.00088676
0.00088676
0.00088676
0.00088676
0.00088676
0.00088676
0.00088676
0.00088676
0.00088676
0.00144025
0.00088676
0.00088676
0.00088676
0.00088676
0.00088676
0.00088676
0.00088676
0.00088676
0.00088676
0.00088676
0.00088676
0.00088676
0.00088676
0.00088676
0.00088676
0.00088676
0.00088676
0.00088676
0.00088676
0.00088676
0.00088676
0.00088676
0.00088676
0.00088676
0.00088676
0.00088676
0.00088676
0.00141613
0.00088676
0.00088676
0.00088676
0.00088676
0.00088676
0.00088676
0.00088676
0.00088676
0.00088676
0.00088676
0.00088676
0.00088676
0.00088676
0.00088676
0.00088676
0.00088676
0.00088676
0.00088676
0.00088676
0.00088676
0.00088676
0.00088676
0.00088676
0.00088676
0.00088676
0.00088676
0.00088676
0.00088676
0.00088676
0.00088676
0.00088676
0.00088676
0.00088676
0.00088676
0.00088676
0.00088676
0.00088676
0.00088676
0.00088676
0.00088676
0.00088676
0.00088676
0.00088676
0.00088676
0.00088676
0.00088676
0.00088676
0.00088676
0.00088676
0.00088676
0.00088676
0.00088676
0.00088676
0.00088676
0.00088676
0.00088676
0.00088676
0.00088676
0.00088676
0.00088676
0.00088676
0.00088676
0.00088676
0.00088676
0.00088676
0.00088676
0.00088676
0.00088676
0.00088676
0.00088676
0.00088676
0.00088676
0.00088676
0.00088676
0.00088676
0.00088676
0.00088676
0.00088676
0.00088676
0.00088676
0.00088676
0.00088676
0.00088676
0.00088676
0.00088676
0.00088676
0.00088676
0.00088676
0.00088676
0.00088676
0.00088676
0.00088676
0.00088676
0.00088676
0.00088676
0.00088676
0.00088676
0.00088676
0.00088676
0.00088676
0.00088676
0.00088676
0.00088676
0.00088676
0.00088676
0.00088676
0.00088676
0.00088676
0.00088676
0.00088676
0.00088676
0.00088676
0.00088676
0.00088676
0.00088676
0.00088676
0.00088676
0.00088676
0.00088676
0.00088676
0.00088676
0.00088676
0.00088676
0.00088676
0.00088676
0.00088676
0.00088676
0.00088676
0.00088676
0.00088676
0.00130575
0.00088676
0.00088676
0.00088676
0.00088676
0.00088676
0.00088676
0.00088676
0.00088676
0.00088676
0.00088676
0.00088676
0.00088676
0.00088676
0.00088676
0.00088676
0.00088676
0.00088676
0.00088676
0.00088676
0.00088676
0.00088676
0.00088676
0.00088676
0.00088676
0.00088676
0.00088676
0.00088676
0.00088676
0.00088676
0.00088676
0.00088676
0.00088676
0.00088676
0.00088676
0.00088676
0.00088676
0.00088676
0.00088676
0.00088676
0.00088676
0.00088676
0.00088676
0.00088676
0.00088676
0.00088676
0.00088676
0.00088676
0.00088676
0.00088676
0.00088676
0.00088676
0.00088676
0.00088676
0.00088676
0.00088676
0.00088676
0.00088676
0.00088676
0.00088676
0.00088676
0.00088676
0.00088676
0.00088676
0.00088676
0.00088676
0.00088676
0.00088676
0.00088676
0.00088676
0.00088676
0.00088676
0.00088676
0.00088676
0.00088676
0.00088676
0.00088676
0.00088676
0.00088676
0.00088676
0.00088676
0.00088676
0.00088676
0.00088676
0.00088676
0.00088676
0.00088676
0.00088676
0.00088676
0.00088676
0.00088676
0.00088676
0.00088676
0.00088676
0.00088676
0.00088676
0.00088676
0.00088676
0.00088676
0.00088676
0.00088676
0.00088676
0.00088676
0.00088676
0.00088676
0.00088676
0.00088676
0.00088676
0.00088676
0.00088676
0.00088676
0.00088676
0.00088676
0.00088676
0.00088676
0.00088676
0.00088676
0.00088676
0.00088676
0.00088676
0.00088676
0.00088676
0.00088676
0.00088676
0.00088676
0.00155275
0.00088676
0.00088676
0.00088676
0.00088676
0.00088676
0.00088676
0.00088676
0.00088676
0.00088676
0.00088676
0.00088676
0.00088676
0.0040639
0.00088676
0.00088676
0.00088676
0.00088676
0.00088676
0.00088676
0.00148809
0.00088676
0.00088676
0.00088676
0.00088676
0.00088676
0.00088676
0.00088676
0.00088676
0.00088676
0.00088676
0.00088676
0.00088676
0.00088676
0.00088676
0.00088676
0.00088676
0.00088676
0.00088676
0.00088676
0.00088676
0.00088676
0.00088676
0.00088676
0.00088676
0.00088676
0.00088676
0.00088676
0.00088676
0.00088676
0.00088676
0.00088676
0.00088676
0.00088676
0.00088676
0.00088676
0.00088676
0.00088676
0.00088676
0.00088676
0.00088676
0.00088676
0.00088676
0.00088676
0.00088676
0.00088676
0.00088676
0.00088676
0.00088676
0.00088676
0.00088676
0.00088676
0.00088676
0.00088676
0.00088676
0.00088676
0.00088676
0.00088676
0.00088676
0.00088676
0.00088676
0.00088676
0.00088676
0.00088676
0.00088676
0.00088676
0.00088676
0.00088676
0.00088676
0.00088676
