1
0.163098
0.0769279
0.0273164
0.000712603
0.000712603
0.000712603
0.000712603
0.000712603
0.000712603
0.000712603
0.000712603
0.000712603
0.000712603
0.000712603
0.000712603
0.000712603
0.000712603
0.000712603
0.000712603
0.000712603
0.000712603
0.000712603
0.000712603
0.000712603
0.000712603
0.000712603
0.000712603
0.000712603
0.000712603
0.000712603
0.000712603
0.000712603
0.000712603
0.000712603
0.000712603
0.000712603
0.000712603
0.000712603
0.000712603
0.00119116
0.000712603
0.000712603
0.000712603
0.000712603
0.000712603
0.000712603
0.000712603
0.000712603
0.000712603
0.000712603
0.000712603
0.000712603
0.000712603
0.000712603
0.000712603
0.000712603
0.000712603
0.000712603
0.000712603
0.000712603
0.000712603
0.000712603
0.000712603
0.000712603
0.000712603
0.000712603
0.000712603
0.000712603
0.000712603
0.0011042
0.000712603
0.000712603
0.000712603
0.000712603
0.000712603
0.000712603
0.000712603
0.000712603
0.000712603
0.000712603
0.000712603
0.000712603
0.000712603
0.000712603
0.000712603
0.000712603
0.000712603
0.000712603
0.000712603
0.000712603
0.000712603
0.000712603
0.000712603
0.000712603
0.000712603
0.000712603
0.000712603
0.000712603
0.000712603
0.000712603
0.003024
0.000712603
0.000712603
0.000712603
0.000712603
0.000712603
0.000712603
0.000712603
0.000712603
0.000712603
0.000712603
0.000712603
0.000712603
0.000712603
0.000712603
0.000712603
0.000712603
0.000712603
0.000712603
0.000712603
0.000712603
0.000712603
0.000712603
0.000712603
0.000712603
0.000712603
0.000712603
0.000712603
0.000712603
0.000712603
0.000712603
0.000712603
0.000712603
0.000712603
0.000712603
0.000712603
0.000712603
0.000712603
0.000712603
0.000712603
0.000712603
0.000712603
0.000712603
0.000712603
0.000712603
0.000712603
0.000712603
0.000712603
0.000712603
0.000712603
0.000712603
0.000712603
0.000712603
0.000712603
0.000712603
0.000712603
0.000712603
0.000712603
0.000712603
0.000712603
0.000712603
0.000712603
0.000712603
0.000712603
0.000712603
0.000712603
0.000712603
0.000712603
0.000712603
0.000712603
0.000712603
0.000712603
0.000712603
0.000712603
0.000712603
0.000712603
0.000712603
0.000712603
0.000712603
0.000712603
0.000712603
0.000712603
0.000712603
0.000712603
0.000712603
0.000712603
0.000712603
0.00168047
0.000712603
0.000712603
0.000712603
0.000712603
0.000712603
0.000712603
0.000712603
0.00397787
0.000712603
0.000712603
0.000712603
0.000712603
0.000712603
0.000712603
0.000712603
0.000712603
0.000712603
0.000712603
0.000712603
0.000712603
0.000712603
0.000712603
0.000712603
0.000712603
0.000712603
0.000712603
0.000712603
0.000712603
0.000984778
0.000712603
0.000712603
0.000712603
0.000712603
0.000712603
0.000712603
0.000712603
0.000712603
0.000712603
0.000712603
0.000712603
0.000712603
0.000712603
0.000712603
0.000712603
0.000712603
0.000712603
0.000712603
0.000712603
0.000712603
0.000712603
0.000712603
0.000712603
0.000712603
0.000712603
0.000712603
0.000712603
0.000712603
0.000712603
0.000712603
0.000712603
0.000712603
0.000712603
0.000712603
0.000712603
0.000712603
0.000712603
0.000712603
0.000712603
0.000712603
0.000712603
0.000712603
0.000712603
0.000712603
0.000712603
0.000712603
0.000712603
0.000712603
0.000712603
0.000712603
0.000712603
0.000712603
0.000712603
0.000712603
0.000712603
0.000712603
0.000712603
0.000712603
0.000712603
0.000712603
0.000712603
0.000712603
0.000712603
0.000712603
0.000712603
0.000712603
0.000712603
0.000712603
0.000712603
0.000712603
0.000712603
0.000712603
0.000712603
0.000712603
0.000712603
0.000712603
0.000712603
0.000712603
0.000712603
0.000712603
0.000712603
0.000712603
0.000712603
0.000712603
0.000712603
0.000712603
0.000712603
0.000712603
0.000712603
0.000712603
0.000712603
0.000712603
0.000712603
0.000712603
0.00120436
0.000712603
0.000712603
0.000712603
0.000712603
0.000712603
0.000712603
0.000712603
0.0016924
0.000712603
0.000712603
0.000712603
0.000712603
0.000712603
0.000712603
0.000712603
0.000712603
0.000712603
0.000712603
0.000712603
0.000712603
0.000712603
0.000712603
0.000712603
0.000712603
0.000712603
0.000712603
0.000712603
0.000712603
0.000712603
0.000712603
0.00110255
0.000712603
0.000712603
0.000712603
0.000712603
0.000712603
0.000712603
0.000712603
0.000712603
0.000712603
0.000712603
0.000712603
0.000712603
0.000712603
0.000712603
0.000712603
0.000712603
0.000712603
0.000712603
0.000712603
0.000712603
0.000712603
0.000712603
0.00378401
0.00239464
0.000712603
0.000712603
0.000712603
0.000712603
0.000712603
0.000712603
0.000712603
0.000712603
0.000712603
0.000712603
0.000712603
0.000712603
0.000712603
0.000712603
0.000712603
0.00368633
0.000712603
0.000712603
0.000712603
0.000712603
0.000712603
0.000712603
0.000712603
0.000712603
0.000712603
0.000712603
0.000712603
0.000712603
0.000712603
0.000712603
0.000712603
0.000712603
0.000712603
0.000712603
0.000712603
0.000712603
0.000712603
0.000712603
0.000712603
0.000712603
0.000712603
0.000712603
0.000712603
0.000712603
0.00126295
0.000712603
0.000712603
0.000712603
0.000712603
0.000712603
0.000712603
0.000712603
0.000712603
0.000712603
0.000712603
0.000712603
0.000712603
0.000712603
0.000712603
0.000712603
0.000712603
0.000712603
0.000712603
0.000712603
0.000712603
0.000712603
0.000712603
0.000712603
0.000712603
0.000712603
0.000712603
0.000712603
0.000712603
0.000712603
0.000712603
0.000712603
0.000712603
0.000712603
0.000712603
0.000712603
0.000712603
0.000712603
0.000712603
0.000712603
0.000712603
0.000712603
0.000712603
0.000712603
0.000712603
0.000712603
0.000712603
0.000712603
0.000712603
0.000712603
0.000712603
0.000712603
0.000712603
0.000712603
0.000712603
0.000712603
0.000712603
0.000712603
0.000712603
0.000712603
0.000712603
0.000712603
0.000712603
0.000712603
0.000712603
0.000712603
0.000712603
0.000712603
0.000712603
0.000712603
0.000712603
0.000712603
0.000712603
0.000712603
0.000712603
0.000712603
0.000712603
0.000712603
0.000712603
0.000712603
0.000712603
0.000712603
0.000712603
0.000712603
0.000712603
0.000712603
0.000712603
0.000712603
0.000712603
0.000712603
0.000712603
0.000712603
0.000712603
0.000712603
0.000712603
0.000712603
0.000712603
0.000712603
0.000712603
0.000712603
0.000712603
0.000712603
0.000712603
0.000712603
0.000712603
0.000712603
0.000712603
0.000712603
0.000712603
0.000712603
0.000712603
0.000712603
0.000712603
0.000712603
0.000712603
0.000712603
0.000712603
0.000712603
0.000712603
0.000712603
0.000712603
0.000712603
0.000712603
0.000712603
0.000712603
0.000712603
0.000712603
0.000712603
0.000712603
0.000712603
0.000712603
0.000712603
0.000712603
0.000712603
0.000712603
0.000712603
0.000712603
0.000712603
0.000712603
0.000712603
0.000712603
0.000712603
0.000712603
0.000712603
0.000712603
0.000712603
0.000712603
0.000712603
0.000712603
0.000712603
0.000712603
0.000712603
0.000712603
0.000712603
0.000712603
0.000712603
0.000712603
0.000712603
0.000712603
0.000712603
0.000712603
0.000712603
0.000712603
0.000712603
0.000712603
0.000712603
0.000712603
0.000712603
0.000712603
0.000712603
0.000712603
0.000712603
0.000712603
0.000712603
0.000712603
0.000712603
0.000712603
0.000712603
0.000712603
0.000712603
0.000712603
0.000712603
0.000712603
0.000712603
0.000712603
0.000712603
0.000712603
0.000712603
0.000712603
0.000712603
0.000712603
0.000712603
0.000712603
0.000712603
0.000712603
0.000712603
0.000712603
0.000712603
0.000712603
0.000712603
0.000712603
0.000712603
0.000712603
0.000712603
0.000712603
0.000712603
0.000712603
0.000712603
0.000712603
0.000712603
0.00465139
0.000712603
0.000712603
0.000712603
0.000712603
0.000712603
0.00083137
0.000712603
0.000712603
0.000712603
0.000712603
0.000712603
0.000712603
0.000712603
0.000712603
0.000712603
0.000712603
0.000712603
0.000712603
0.000712603
0.000712603
0.000712603
0.000712603
0.000712603
0.000712603
0.000712603
0.000712603
0.000712603
0.000712603
0.000712603
0.000712603
0.000712603
0.000712603
0.000712603
0.000712603
0.000712603
0.000712603
0.000712603
0.000712603
0.000712603
0.000712603
0.000712603
0.000712603
0.000712603
0.000712603
0.000712603
0.000712603
0.000712603
0.000712603
0.000712603
0.000712603
0.000712603
0.000712603
0.000712603
0.000712603
0.000712603
0.000712603
0.000712603
0.000712603
0.000712603
0.000712603
0.000712603
0.000712603
0.000712603
0.000712603
0.000712603
0.000712603
0.000712603
0.000712603
0.000712603
0.000712603
0.000712603
0.000712603
0.000712603
0.000712603
0.000712603
0.000712603
0.000712603
0.000712603
0.000712603
0.000712603
0.000712603
0.000712603
0.000712603
0.000712603
0.000712603
0.000712603
0.000712603
0.000712603
0.000712603
0.000712603
0.000712603
0.000712603
0.000712603
0.000712603
0.000712603
0.000712603
0.000712603
0.000712603
0.000712603
0.000712603
0.000712603
0.000712603
0.000712603
0.000712603
0.000712603
0.000712603
0.000712603
0.000712603
0.000712603
0.00102225
0.000712603
0.000712603
0.000712603
0.000712603
0.000712603
0.000712603
0.000712603
0.000712603
0.000712603
0.000712603
0.000712603
0.000712603
0.000712603
0.000712603
0.000712603
0.000712603
0.000712603
0.000712603
0.000712603
0.000712603
0.000712603
0.000712603
0.000712603
0.000712603
0.000712603
0.000712603
0.000712603
0.000712603
0.000712603
0.000712603
0.000712603
0.000712603
0.000712603
0.000712603
0.000712603
0.000712603
0.000712603
0.000712603
0.000712603
0.000712603
0.000712603
0.000712603
0.000712603
0.000712603
0.000712603
0.000712603
0.000712603
0.000712603
0.000712603
0.000712603
0.000712603
0.000712603
0.000712603
0.000712603
0.000712603
0.000712603
0.000712603
0.000712603
0.000712603
0.000712603
0.000712603
0.000712603
0.000712603
0.000712603
0.000712603
0.000712603
0.000712603
0.000712603
0.000712603
0.000712603
0.000712603
0.000712603
0.000712603
0.000712603
0.000712603
0.000712603
0.000712603
0.000712603
0.000712603
0.000712603
0.000712603
0.000712603
0.000712603
0.000712603
0.000712603
0.000712603
0.000712603
0.000712603
0.000712603
0.000712603
0.000712603
0.000712603
0.000712603
0.000712603
0.000712603
0.000712603
0.000712603
0.000712603
0.000712603
0.000712603
0.000712603
0.000712603
0.000712603
0.000712603
0.000712603
0.000712603
0.000712603
0.000712603
0.000712603
0.000712603
0.000712603
0.000712603
0.000712603
0.000712603
0.000712603
0.000712603
0.000712603
0.000712603
0.000712603
0.000712603
0.000712603
0.000712603
0.000712603
0.000712603
0.000712603
0.000712603
0.000712603
0.000712603
0.000712603
0.000712603
0.000712603
0.000712603
0.000712603
0.000712603
0.000712603
0.000712603
0.000712603
0.000712603
0.000712603
0.000712603
0.000712603
0.000712603
0.000712603
0.000712603
0.000712603
0.000712603
0.000712603
0.000712603
0.000712603
0.000712603
0.000712603
0.000712603
0.000712603
0.000712603
0.000712603
0.000712603
0.000712603
0.000712603
0.000712603
0.000712603
0.000712603
0.000712603
0.000712603
0.000712603
0.000712603
0.000712603
0.000712603
0.000712603
0.000712603
0.000712603
0.000712603
0.000712603
0.000712603
0.000712603
0.000712603
0.000712603
0.000712603
0.000712603
0.000712603
0.000712603
0.000712603
0.000712603
0.000712603
0.000712603
0.000712603
0.000712603
0.000712603
0.000712603
0.000712603
0.000712603
0.000712603
0.000712603
0.000712603
0.000712603
0.000712603
0.000712603
0.000712603
0.000712603
0.000712603
0.000712603
0.000712603
0.000712603
0.000712603
0.000712603
0.000712603
0.000712603
0.000712603
0.000712603
0.000712603
0.000712603
0.000712603
0.000712603
0.000712603
0.000712603
0.000712603
0.000712603
0.000712603
0.000712603
0.000712603
0.000712603
0.000712603
0.000712603
0.000712603
0.000712603
0.000712603
0.000712603
0.000712603
0.000712603
0.000712603
0.000712603
0.000712603
0.000712603
0.000712603
0.000712603
0.000712603
0.000712603
0.000712603
0.000712603
0.000712603
0.000712603
0.000712603
0.000712603
0.000712603
0.000712603
0.000712603
0.000712603
0.000712603
0.000712603
0.000712603
0.000712603
0.000712603
0.000712603
0.000712603
0.000712603
0.000712603
0.000712603
0.000712603
0.000712603
0.000712603
0.000712603
0.000712603
0.000712603
0.000712603
0.000712603
0.000712603
0.000712603
0.000712603
0.000712603
