0.7
0.196551
0.085728
0.0316573
0.000932659
0.000676141
0.000676141
0.000676141
0.000676141
0.000736242
0.000892041
0.000676141
0.000676141
0.000676141
0.000676141
0.000676141
0.000676141
0.000676141
0.000676141
0.000676141
0.000676141
0.000676141
0.000676141
0.000676141
0.00135354
0.000676141
0.000676141
0.000676141
0.000676141
0.000676141
0.000676141
0.000676141
0.000676141
0.000676141
0.000676141
0.000676141
0.000676141
0.000676141
0.000676141
0.000676141
0.000676141
0.000676141
0.000676141
0.000676141
0.000676141
0.000676141
0.000676141
0.000676141
0.000676141
0.000676141
0.000676141
0.000676141
0.000676141
0.000676141
0.000676141
0.000676141
0.000676141
0.000676141
0.000676141
0.000676141
0.000676141
0.000676141
0.000676141
0.000676141
0.000676141
0.000676141
0.000676141
0.000676141
0.000676141
0.000676141
0.000676141
0.000676141
0.000676141
0.000676141
0.000676141
0.000676141
0.000676141
0.000676141
0.000676141
0.000676141
0.000676141
0.000676141
0.000676141
0.000676141
0.000676141
0.000676141
0.000676141
0.000676141
0.000676141
0.000676141
0.000676141
0.000676141
0.000676141
0.000676141
0.000676141
0.000676141
0.000676141
0.000676141
0.000676141
0.000676141
0.000676141
0.000676141
0.000676141
0.000676141
0.000676141
0.000676141
0.000676141
0.000676141
0.000676141
0.000676141
0.000676141
0.000676141
0.000676141
0.000676141
0.000676141
0.000676141
0.000676141
0.000676141
0.000676141
0.000676141
0.000676141
0.000676141
0.000676141
0.000676141
0.000676141
0.000676141
0.000676141
0.000676141
0.000802737
0.000676141
0.000676141
0.000676141
0.00135354
0.000676141
0.000676141
0.000676141
0.000676141
0.000676141
0.000676141
0.000676141
0.000676141
0.000676141
0.000676141
0.000676141
0.000676141
0.000676141
0.000676141
0.000676141
0.000676141
0.000676141
0.000676141
0.000676141
0.000676141
0.000676141
0.000676141
0.000676141
0.000676141
0.000676141
0.000676141
0.000676141
0.000676141
0.000676141
0.000676141
0.000676141
0.000676141
0.000676141
0.000676141
0.000676141
0.000676141
0.000676141
0.000676141
0.000676141
0.000676141
0.000676141
0.000676141
0.000676141
0.000676141
0.000676141
0.000676141
0.000676141
0.000676141
0.000676141
0.000676141
0.000676141
0.000676141
0.000676141
0.000676141
0.000676141
0.000676141
0.000734646
0.000676141
0.000676141
0.000676141
0.000676141
0.000676141
0.000676141
0.000676141
0.000676141
0.000676141
0.000676141
0.000676141
0.000676141
0.000676141
0.000676141
0.000676141
0.000676141
0.000676141
0.000676141
0.000676141
0.000676141
0.000676141
0.000676141
0.000676141
0.000676141
0.000676141
0.000676141
0.000676141
0.000676141
0.000676141
0.000676141
0.000676141
0.000676141
0.000676141
0.000676141
0.000676141
0.000676141
0.000676141
0.000676141
0.000676141
0.000676141
0.000676141
0.000676141
0.000676141
0.000676141
0.000676141
0.000676141
0.000676141
0.000676141
0.000676141
0.000676141
0.000676141
0.000676141
0.000676141
0.000676141
0.000676141
0.000676141
0.000676141
0.000676141
0.000676141
0.000676141
0.000676141
0.000676141
0.000676141
0.000676141
0.000676141
0.000676141
0.000676141
0.000676141
0.000676141
0.000676141
0.000676141
0.000676141
0.000676141
0.000676141
0.000676141
0.000676141
0.000676141
0.000676141
0.000676141
0.000676141
0.000676141
0.000676141
0.000676141
0.000676141
0.000676141
0.000676141
0.000676141
0.000676141
0.000842873
0.000676141
0.000676141
0.000676141
0.000676141
0.000676141
0.000676141
0.000676141
0.000676141
0.000676141
0.000676141
0.000676141
0.000676141
0.000676141
0.000676141
0.000676141
0.000676141
0.000676141
0.000676141
0.000676141
0.000676141
0.00287467
0.000676141
0.000676141
0.000676141
0.000676141
0.000676141
0.000676141
0.000676141
0.000676141
0.000676141
0.000676141
0.000676141
0.000676141
0.000676141
0.000676141
0.000676141
0.000676141
0.000676141
0.000676141
0.000676141
0.000676141
0.000676141
0.000676141
0.000676141
0.000676141
0.000676141
0.000676141
0.000676141
0.000676141
0.000676141
0.000676141
0.000676141
0.000676141
0.000676141
0.000676141
0.000676141
0.000676141
0.000676141
0.000676141
0.000676141
0.000676141
0.000676141
0.000676141
0.000676141
0.000676141
0.000676141
0.000676141
0.00117373
0.000676141
0.000676141
0.000676141
0.000676141
0.000676141
0.000676141
0.000676141
0.000676141
0.000676141
0.000676141
0.000676141
0.000676141
0.000676141
0.000676141
0.000676141
0.000676141
0.000676141
0.000676141
0.000676141
0.000676141
0.000676141
0.000676141
0.000676141
0.000676141
0.000676141
0.000676141
0.000676141
0.000676141
0.000676141
0.000676141
0.000676141
0.000676141
0.000676141
0.000676141
0.000676141
0.000676141
0.000676141
0.000676141
0.000676141
0.000676141
0.000676141
0.000676141
0.000676141
0.000676141
0.000676141
0.000676141
0.000676141
0.000676141
0.000676141
0.000676141
0.000676141
0.000676141
0.000676141
0.000676141
0.000676141
0.000676141
0.000676141
0.000676141
0.000676141
0.000676141
0.000676141
0.000676141
0.000676141
0.000676141
0.000676141
0.000676141
0.000676141
0.000676141
0.000676141
0.000676141
0.000676141
0.000676141
0.000676141
0.000676141
0.000676141
0.000676141
0.000676141
0.000676141
0.000676141
0.000676141
0.000676141
0.000676141
0.000676141
0.000676141
0.000676141
0.000676141
0.000676141
0.000676141
0.000676141
0.000676141
0.000676141
0.000676141
0.000676141
0.000676141
0.000676141
0.000676141
0.000676141
0.000676141
0.000676141
0.000676141
0.000676141
0.000676141
0.000676141
0.000676141
0.000676141
0.000676141
0.000676141
0.000676141
0.000676141
0.000676141
0.000676141
0.000676141
0.000676141
0.000676141
0.000676141
0.000676141
0.000676141
0.000676141
0.000676141
0.000676141
0.000676141
0.000676141
0.000676141
0.000676141
0.000676141
0.000676141
0.000676141
0.000676141
0.000676141
0.000676141
0.000676141
0.000676141
0.000676141
0.000676141
0.000676141
0.000676141
0.000676141
0.000676141
0.000676141
0.000676141
0.000676141
0.000676141
0.000676141
0.000676141
0.000676141
0.000676141
0.000676141
0.000676141
0.000676141
0.000676141
0.000676141
0.000676141
0.000676141
0.000676141
0.000676141
0.000676141
0.000676141
0.000676141
0.000676141
0.000676141
0.000676141
0.000676141
0.000676141
0.000676141
0.000676141
0.000676141
0.000676141
0.000676141
0.000676141
0.000676141
0.000676141
0.000676141
0.000676141
0.000676141
0.000676141
0.000676141
0.000676141
0.000676141
0.000676141
0.000676141
0.000676141
0.000676141
0.000676141
0.000676141
0.000676141
0.000676141
0.000676141
0.000676141
0.000676141
0.000676141
0.000676141
0.000676141
0.000676141
0.000676141
0.000676141
0.000676141
0.000676141
0.000676141
0.000676141
0.000676141
0.000676141
0.000676141
0.000676141
0.000676141
0.000676141
0.000676141
0.000676141
0.000676141
0.000676141
0.000676141
0.000676141
0.000676141
0.000676141
0.000676141
0.000676141
0.000676141
0.000676141
0.000676141
0.000676141
0.000676141
0.000676141
0.000676141
0.000676141
0.000676141
0.000676141
0.000676141
0.000676141
0.000676141
0.000676141
0.000676141
0.000676141
0.000676141
0.000676141
0.000676141
0.000676141
0.000676141
0.000676141
0.000676141
0.000676141
0.000676141
0.000676141
0.000676141
0.000676141
0.000676141
0.000676141
0.000676141
0.000676141
0.000676141
0.000676141
0.000676141
0.000676141
0.000676141
0.000676141
0.000676141
0.000676141
0.000676141
0.000676141
0.000676141
0.000676141
0.000676141
0.000676141
0.000676141
0.000676141
0.000676141
0.000676141
0.000676141
0.000676141
0.000676141
0.000676141
0.000676141
0.000676141
0.000676141
0.000676141
0.000676141
0.000676141
0.000676141
0.000676141
0.000676141
0.000676141
0.000676141
0.000676141
0.000676141
0.000676141
0.000676141
0.000676141
0.000676141
0.000676141
0.000676141
0.000676141
0.000676141
0.000676141
0.000676141
0.000676141
0.000676141
0.000676141
0.000676141
0.000676141
0.000676141
0.000676141
0.000676141
0.000676141
0.000676141
0.000676141
0.000676141
0.000676141
0.000676141
0.000676141
0.000676141
0.000676141
0.000676141
0.000676141
0.000676141
0.000676141
0.000676141
0.000676141
0.000676141
0.000676141
0.000676141
0.000676141
0.000676141
0.000676141
0.000676141
0.000676141
0.000676141
0.000676141
0.000676141
0.000676141
0.000676141
0.000676141
0.000676141
0.000676141
0.00114696
0.000676141
0.000676141
0.000676141
0.000676141
0.000676141
0.000676141
0.000676141
0.000676141
0.000676141
0.000676141
0.000676141
0.000676141
0.000676141
0.000676141
0.000676141
0.000676141
0.000676141
0.000676141
0.000676141
0.000676141
0.000676141
0.000676141
0.00366238
0.000676141
0.000676141
0.000676141
0.000676141
0.000676141
0.000676141
0.000676141
0.000676141
0.000676141
0.000676141
0.000676141
0.000676141
0.000676141
0.000676141
0.000676141
0.000676141
0.000676141
0.000676141
0.000676141
0.000676141
0.000676141
0.000676141
0.000676141
0.000676141
0.000676141
0.000676141
0.000676141
0.000676141
0.00196565
0.000676141
0.000676141
0.000676141
0.000676141
0.000676141
0.000676141
0.000676141
0.000676141
0.000676141
0.000676141
0.000676141
0.000676141
0.000676141
0.000676141
0.000676141
0.000676141
0.000676141
0.000676141
0.000676141
0.000676141
0.000676141
0.000676141
0.000676141
0.000676141
0.000676141
0.000676141
0.000676141
0.000676141
0.000676141
0.000676141
0.000676141
0.000676141
0.000676141
0.000676141
0.000676141
0.000676141
0.000676141
0.000676141
0.000676141
0.000676141
0.000676141
0.000676141
0.000676141
0.000676141
0.000676141
0.000676141
0.000676141
0.000676141
0.000676141
0.000676141
0.000676141
0.000676141
0.000676141
0.000676141
0.000676141
0.000676141
0.000676141
0.000676141
0.000676141
0.000676141
0.000676141
0.000676141
0.000676141
0.000676141
0.000676141
0.000676141
0.000676141
0.000676141
0.000676141
0.000676141
0.000676141
0.000676141
0.000676141
0.000676141
0.000676141
0.000676141
0.000676141
0.000676141
0.000676141
0.000676141
0.000676141
0.000676141
0.000676141
0.000676141
0.000676141
0.00125729
0.000676141
0.000676141
0.000676141
0.000676141
0.000676141
0.000676141
0.000676141
0.000676141
0.000676141
0.000676141
0.000676141
0.000676141
0.000676141
0.000676141
0.00192813
0.000676141
0.000676141
0.000676141
0.000676141
0.000676141
0.000676141
0.000676141
0.000676141
0.000676141
0.000676141
0.000676141
0.000676141
0.000676141
0.000676141
0.000676141
0.000676141
0.000676141
0.000676141
0.000676141
0.000676141
0.000676141
0.000676141
0.000676141
0.000676141
0.000676141
0.000676141
0.000676141
0.000676141
0.000676141
0.000676141
0.000676141
0.000676141
0.000676141
0.000676141
0.000676141
0.000676141
0.000676141
0.000676141
0.000676141
0.000676141
0.000842873
0.000676141
0.000676141
0.000676141
0.000676141
0.000676141
0.000676141
0.000676141
0.000676141
0.000676141
0.000676141
0.000676141
0.000676141
0.000676141
0.000676141
0.000676141
0.000676141
0.000676141
0.000676141
0.000676141
0.000676141
0.000676141
0.000676141
0.000676141
0.000676141
0.000676141
0.000676141
0.000676141
0.000676141
0.000676141
0.000676141
0.000676141
0.000676141
0.000676141
0.000676141
0.000676141
0.000676141
0.000676141
0.000676141
0.000676141
0.000676141
0.000676141
0.000676141
0.000676141
0.000676141
0.000676141
0.000676141
0.000676141
0.000676141
0.000676141
0.000676141
0.000676141
0.000676141
0.000676141
0.000676141
0.000676141
0.000676141
0.000676141
0.000676141
0.000676141
0.000676141
0.000676141
0.000676141
0.000676141
0.000676141
0.000676141
0.000676141
0.000676141
0.000676141
0.000676141
0.000676141
0.000676141
0.000676141
0.000676141
0.000676141
0.000676141
0.000676141
0.000676141
0.000945678
0.000676141
0.000676141
0.000676141
0.000676141
0.000676141
0.000676141
0.000676141
0.000676141
0.000676141
0.000676141
0.000676141
0.000676141
0.000676141
0.000676141
0.000676141
0.000676141
0.000676141
0.000676141
0.000676141
0.000676141
0.000676141
0.000676141
0.000676141
0.000676141
0.000676141
0.000676141
0.000676141
0.000676141
0.000676141
0.000676141
0.000676141
0.000676141
0.000676141
0.000676141
0.000676141
0.000676141
0.000676141
0.000676141
0.000676141
0.000676141
0.000676141
0.000676141
0.000676141
0.000676141
0.000676141
0.000676141
0.000676141
0.000676141
0.000676141
0.000676141
