0.7
0.144887
0.0662016
0.0260693
0.000754287
0.000754287
0.000754287
0.000754287
0.000754287
0.000754287
0.000754287
0.000754287
0.000754287
0.000754287
0.000754287
0.000754287
0.000754287
0.000754287
0.000754287
0.000754287
0.000754287
0.000754287
0.000754287
0.000754287
0.000754287
0.000754287
0.000754287
0.000754287
0.000754287
0.000754287
0.000754287
0.000754287
0.000754287
0.000754287
0.000754287
0.000754287
0.000754287
0.000754287
0.000754287
0.000754287
0.000754287
0.000754287
0.000754287
0.000754287
0.000754287
0.000754287
0.000754287
0.000754287
0.000754287
0.000754287
0.000754287
0.000754287
0.000754287
0.000754287
0.000754287
0.000754287
0.000754287
0.000754287
0.000754287
0.000754287
0.000754287
0.000754287
0.000754287
0.000754287
0.000754287
0.00133525
0.000754287
0.000754287
0.000754287
0.000754287
0.000754287
0.000754287
0.000754287
0.000754287
0.000754287
0.000754287
0.000754287
0.000754287
0.000754287
0.000754287
0.000754287
0.000754287
0.000754287
0.000754287
0.000754287
0.000754287
0.000754287
0.000754287
0.000754287
0.000754287
0.000754287
0.000754287
0.000754287
0.000754287
0.000754287
0.000754287
0.000754287
0.000754287
0.000754287
0.000754287
0.000754287
0.000754287
0.000754287
0.000754287
0.000754287
0.000754287
0.000754287
0.000754287
0.000754287
0.000754287
0.000754287
0.000754287
0.000754287
0.000754287
0.000754287
0.000754287
0.000754287
0.000754287
0.000754287
0.000754287
0.000754287
0.000754287
0.000754287
0.000754287
0.000754287
0.000754287
0.000754287
0.000754287
0.000754287
0.000754287
0.000754287
0.000754287
0.000754287
0.000754287
0.000754287
0.000754287
0.000754287
0.000754287
0.000754287
0.000754287
0.000754287
0.000754287
0.000754287
0.000754287
0.000754287
0.000754287
0.000754287
0.000754287
0.000754287
0.000754287
0.000754287
0.000754287
0.000754287
0.000754287
0.000754287
0.000754287
0.000754287
0.000754287
0.000754287
0.000754287
0.000754287
0.000754287
0.000754287
0.000754287
0.000754287
0.000754287
0.000754287
0.000754287
0.000754287
0.000754287
0.000754287
0.000754287
0.000754287
0.000754287
0.000754287
0.000754287
0.000754287
0.000754287
0.000754287
0.000754287
0.000754287
0.000754287
0.000754287
0.000754287
0.000754287
0.000877453
0.000754287
0.000754287
0.000754287
0.000754287
0.000754287
0.000754287
0.00145151
0.000754287
0.000754287
0.000754287
0.000754287
0.000754287
0.000754287
0.000754287
0.000754287
0.000754287
0.000754287
0.000754287
0.000754287
0.000754287
0.000754287
0.000754287
0.000754287
0.000754287
0.000754287
0.000754287
0.000754287
0.000754287
0.000754287
0.000754287
0.000754287
0.000754287
0.000754287
0.000754287
0.000754287
0.000754287
0.000754287
0.000754287
0.000754287
0.000754287
0.000754287
0.000754287
0.000754287
0.000754287
0.000754287
0.000754287
0.000754287
0.000754287
0.000754287
0.000754287
0.000754287
0.000754287
0.000754287
0.000754287
0.000754287
0.000754287
0.000754287
0.000754287
0.000754287
0.000754287
0.000754287
0.000754287
0.000754287
0.000754287
0.000754287
0.000754287
0.000754287
0.000754287
0.000754287
0.000754287
0.000754287
0.000754287
0.000754287
0.000754287
0.000754287
0.000754287
0.000754287
0.000754287
0.000754287
0.000754287
0.000754287
0.000754287
0.000754287
0.000754287
0.000754287
0.000754287
0.000754287
0.000754287
0.000754287
0.000754287
0.000754287
0.000754287
0.000754287
0.000754287
0.000754287
0.000754287
0.000754287
0.000754287
0.000754287
0.000754287
0.000754287
0.000754287
0.000754287
0.000754287
0.000754287
0.000754287
0.000754287
0.000754287
0.000754287
0.000754287
0.000754287
0.000754287
0.00122123
0.000754287
0.000754287
0.000754287
0.000754287
0.000754287
0.000754287
0.000754287
0.000754287
0.000754287
0.000754287
0.000754287
0.000754287
0.000754287
0.000754287
0.00123727
0.000754287
0.000754287
0.000754287
0.000754287
0.000754287
0.000754287
0.000754287
0.000754287
0.000754287
0.000754287
0.000754287
0.000754287
0.000754287
0.000754287
0.000754287
0.000754287
0.000754287
0.000754287
0.000754287
0.000754287
0.000754287
0.000754287
0.000754287
0.000754287
0.000754287
0.000754287
0.000754287
0.000754287
0.000754287
0.000754287
0.000754287
0.000754287
0.000754287
0.00177876
0.000754287
0.000754287
0.000754287
0.000754287
0.000754287
0.000754287
0.000754287
0.000754287
0.000754287
0.000754287
0.000754287
0.000754287
0.000754287
0.000754287
0.000754287
0.000754287
0.000754287
0.000754287
0.000754287
0.000754287
0.000754287
0.000754287
0.000754287
0.000754287
0.000754287
0.000754287
0.000754287
0.000754287
0.000754287
0.000754287
0.000754287
0.000754287
0.000754287
0.000754287
0.000754287
0.000754287
0.000754287
0.000754287
0.00113264
0.000754287
0.000754287
0.000754287
0.000754287
0.000754287
0.000754287
0.00186248
0.000754287
0.000754287
0.000754287
0.000754287
0.000754287
0.000754287
0.000754287
0.000754287
0.000754287
0.000754287
0.00101361
0.000754287
0.000754287
0.000754287
0.000754287
0.000754287
0.000754287
0.000754287
0.000754287
0.000754287
0.000754287
0.000754287
0.000754287
0.000754287
0.000754287
0.000754287
0.000754287
0.000754287
0.000754287
0.000754287
0.000754287
0.000754287
0.000754287
0.000754287
0.000754287
0.000754287
0.000754287
0.000754287
0.000754287
0.000754287
0.000754287
0.000754287
0.000754287
0.000754287
0.000754287
0.000754287
0.000754287
0.000754287
0.000754287
0.000754287
0.000754287
0.000754287
0.000754287
0.00123517
0.000754287
0.000754287
0.000754287
0.000754287
0.000754287
0.000754287
0.000754287
0.000754287
0.000754287
0.000754287
0.000754287
0.000754287
0.000754287
0.000754287
0.000754287
0.000754287
0.000754287
0.000754287
0.000754287
0.000754287
0.000754287
0.000754287
0.000754287
0.000754287
0.000754287
0.000754287
0.000754287
0.000754287
0.000754287
0.000895087
0.000754287
0.000754287
0.000754287
0.000754287
0.000754287
0.000754287
0.000754287
0.000754287
0.000754287
0.000754287
0.000754287
0.000754287
0.000754287
0.000754287
0.000754287
0.000754287
0.000754287
0.000754287
0.000754287
0.000754287
0.000754287
0.000754287
0.000754287
0.000754287
0.000754287
0.000754287
0.000754287
0.000754287
0.000754287
0.000754287
0.000754287
0.000754287
0.000754287
0.000754287
0.000754287
0.000754287
0.000754287
0.000754287
0.000754287
0.000754287
0.000754287
0.000754287
0.000754287
0.000754287
0.000754287
0.000754287
0.000754287
0.000754287
0.000754287
0.000754287
0.000754287
0.000754287
0.000754287
0.000754287
0.000754287
0.000754287
0.000754287
0.000754287
0.000754287
0.000754287
0.000754287
0.000754287
0.000754287
0.000754287
0.000754287
0.000754287
0.000754287
0.000754287
0.000754287
0.000754287
0.000754287
0.000754287
0.000754287
0.000754287
0.000754287
0.000754287
0.000754287
0.000754287
0.000754287
0.000754287
0.000754287
0.000754287
0.000754287
0.000754287
0.000754287
0.000754287
0.000754287
0.000754287
0.000754287
0.000754287
0.000754287
0.000754287
0.000754287
0.000754287
0.000754287
0.000754287
0.000754287
0.000754287
0.000754287
0.000754287
0.000754287
0.000754287
0.000754287
0.000754287
0.000754287
0.000754287
0.000754287
0.000754287
0.000754287
0.000754287
0.000754287
0.000754287
0.000754287
0.000754287
0.000754287
0.000754287
0.000754287
0.000754287
0.000754287
0.000754287
0.000754287
0.000754287
0.000754287
0.000754287
0.000754287
0.000754287
0.000754287
0.000754287
0.000754287
0.000754287
0.000754287
0.000754287
0.000754287
0.000754287
0.000754287
0.000754287
0.000754287
0.000754287
0.000754287
0.000754287
0.000754287
0.000754287
0.000754287
0.000754287
0.000754287
0.000754287
0.000754287
0.000754287
0.000754287
0.000754287
0.000754287
0.0027292
0.000754287
0.000754287
0.000754287
0.000754287
0.000754287
0.000754287
0.000754287
0.000754287
0.000754287
0.000754287
0.000754287
0.000754287
0.000754287
0.000754287
0.000754287
0.000754287
0.000754287
0.000754287
0.000754287
0.000754287
0.000754287
0.000754287
0.000754287
0.000754287
0.000754287
0.000754287
0.000754287
0.000962098
0.000754287
0.000754287
0.000754287
0.000754287
0.000754287
0.000754287
0.000754287
0.000754287
0.000754287
0.000754287
0.000754287
0.000754287
0.000754287
0.000754287
0.000754287
0.000754287
0.000754287
0.000754287
0.000754287
0.000754287
0.000754287
0.000754287
0.000754287
0.000754287
0.000754287
0.000754287
0.000754287
0.000754287
0.000754287
0.000754287
0.000754287
0.000754287
0.000754287
0.000754287
0.000754287
0.000754287
0.000754287
0.000754287
0.000754287
0.000754287
0.000754287
0.000754287
0.000754287
0.000754287
0.000754287
0.000754287
0.000754287
0.000754287
0.000754287
0.00126761
0.000754287
0.000754287
0.000754287
0.000754287
0.000754287
0.000754287
0.000754287
0.000754287
0.000754287
0.000754287
0.000754287
0.000754287
0.000754287
0.000754287
0.000754287
0.000754287
0.000754287
0.000754287
0.000754287
0.000754287
0.000754287
0.000754287
0.000754287
0.000754287
0.000754287
0.000754287
0.000754287
0.000754287
0.000754287
0.000754287
0.000754287
0.000754287
0.000754287
0.000754287
0.000754287
0.000754287
0.000754287
0.000754287
0.000754287
0.000754287
0.000754287
0.000754287
0.000754287
0.000754287
0.000754287
0.000754287
0.000754287
0.000754287
0.000754287
0.000754287
0.000754287
0.000754287
0.000754287
0.000754287
0.000754287
0.000754287
0.000754287
0.000754287
0.000754287
0.000754287
0.000754287
0.000754287
0.000754287
0.000754287
0.000754287
0.000754287
0.000754287
0.000754287
0.000754287
0.000754287
0.000754287
0.000754287
0.000754287
0.000754287
0.000754287
0.000754287
0.000754287
0.000754287
0.000754287
0.000754287
0.000754287
0.000754287
0.000754287
0.000754287
0.000754287
0.000754287
0.000754287
0.000754287
0.000754287
0.000754287
0.000754287
0.000754287
0.000754287
0.000754287
0.000754287
0.000754287
0.000754287
0.000754287
0.000754287
0.000754287
0.000754287
0.000754287
0.000754287
0.000754287
0.000754287
0.000754287
0.000754287
0.000754287
0.000754287
0.000754287
0.000754287
0.000754287
0.000754287
0.000754287
0.000754287
0.000754287
0.000754287
0.000754287
0.000754287
0.000754287
0.000754287
0.000754287
0.000754287
0.000754287
0.000754287
0.000754287
0.000754287
0.000754287
0.000754287
0.000754287
0.000754287
0.000754287
0.000754287
0.000754287
0.000754287
0.000754287
0.000754287
0.000947301
0.000754287
0.000754287
0.000754287
0.000754287
0.000754287
0.000754287
0.000754287
0.000754287
0.000754287
0.000754287
0.000754287
0.000754287
0.000754287
0.000754287
0.000754287
0.000754287
0.000754287
0.000754287
0.000754287
0.000754287
0.000754287
0.000754287
0.000754287
0.000754287
0.000754287
0.000754287
0.000754287
0.000754287
0.00112426
0.000754287
0.000754287
0.000754287
0.000754287
0.000754287
0.000754287
0.000754287
0.000754287
0.000754287
0.000754287
0.000754287
0.000754287
0.000754287
0.000754287
0.000754287
0.000754287
0.000754287
0.000754287
0.000754287
0.000754287
0.000754287
0.000754287
0.000754287
0.000754287
0.000754287
0.000754287
0.000754287
0.000754287
0.000754287
0.000754287
0.000754287
0.000754287
0.000754287
0.000754287
0.000754287
0.000754287
0.000754287
0.000754287
0.000754287
0.000754287
0.000754287
0.000754287
0.000754287
0.000754287
0.000754287
0.000754287
0.000754287
0.000754287
0.000754287
0.000754287
0.000754287
0.000754287
0.000754287
0.000754287
0.000754287
0.000754287
0.000754287
0.000754287
0.000754287
0.000754287
0.000754287
0.000754287
0.000754287
0.000754287
0.000754287
0.000754287
0.000754287
0.000754287
0.000754287
0.000754287
0.000754287
0.000754287
0.000754287
0.000754287
0.000754287
0.000754287
0.000754287
0.000754287
0.000754287
0.000754287
0.000754287
0.000754287
0.000754287
0.000754287
0.000754287
0.000754287
0.000754287
0.000754287
0.000754287
0.000754287
0.000754287
0.000754287
0.000754287
0.000754287
0.000754287
0.000754287
0.000754287
0.000754287
0.000754287
0.000754287
0.00257039
0.000754287
0.000754287
0.000754287
0.000754287
0.000754287
0.000754287
0.000754287
0.000754287
0.000754287
0.000754287
0.000754287
0.000754287
0.000754287
0.000754287
0.000754287
0.000754287
0.000754287
0.000754287
0.000754287
0.000754287
0.000754287
0.000754287
0.000754287
0.000754287
0.000754287
