0.7
0.172916
0.0776899
0.0310289
0.000706272
0.000706272
0.000706272
0.000706272
0.000706272
0.000706272
0.000706272
0.000706272
0.000706272
0.000706272
0.000706272
0.000706272
0.000706272
0.000706272
0.000706272
0.000706272
0.000706272
0.000706272
0.000706272
0.000706272
0.000706272
0.000706272
0.000706272
0.000706272
0.000706272
0.000706272
0.000706272
0.000706272
0.000706272
0.000706272
0.000706272
0.000706272
0.000706272
0.000706272
0.000706272
0.000706272
0.000706272
0.000706272
0.000706272
0.000706272
0.000706272
0.000706272
0.000706272
0.000706272
0.000706272
0.000706272
0.000706272
0.000706272
0.000706272
0.000706272
0.000706272
0.000706272
0.000706272
0.000706272
0.000706272
0.000706272
0.000706272
0.000706272
0.000706272
0.000706272
0.000706272
0.000706272
0.000706272
0.000706272
0.000706272
0.0018485
0.000706272
0.000706272
0.000706272
0.000706272
0.000706272
0.000706272
0.000706272
0.000706272
0.000706272
0.000706272
0.000706272
0.000706272
0.000706272
0.000706272
0.000706272
0.000706272
0.000706272
0.000706272
0.000706272
0.000706272
0.000706272
0.000706272
0.000706272
0.000706272
0.000706272
0.000706272
0.000706272
0.000706272
0.000706272
0.000706272
0.000706272
0.000706272
0.000706272
0.000706272
0.000706272
0.000706272
0.000706272
0.000706272
0.000706272
0.000706272
0.000706272
0.000706272
0.000706272
0.000706272
0.000706272
0.000706272
0.000706272
0.000706272
0.000706272
0.000706272
0.000706272
0.000706272
0.000706272
0.000706272
0.000706272
0.000706272
0.000706272
0.000706272
0.000706272
0.000706272
0.000706272
0.000706272
0.000706272
0.000706272
0.000706272
0.000706272
0.000706272
0.000706272
0.000706272
0.0010115
0.000706272
0.000706272
0.000706272
0.000706272
0.000706272
0.000706272
0.000706272
0.000706272
0.000706272
0.000706272
0.000706272
0.000706272
0.000706272
0.000706272
0.000706272
0.000706272
0.000706272
0.000706272
0.000706272
0.000706272
0.000706272
0.000706272
0.000706272
0.000706272
0.000706272
0.000706272
0.000706272
0.000706272
0.000706272
0.000706272
0.000706272
0.000748739
0.000706272
0.000706272
0.000706272
0.000706272
0.000706272
0.000706272
0.000706272
0.000706272
0.000706272
0.000706272
0.000706272
0.000706272
0.000706272
0.000706272
0.000706272
0.000706272
0.000706272
0.000706272
0.000706272
0.000706272
0.000706272
0.000706272
0.000706272
0.000706272
0.000706272
0.000706272
0.000706272
0.000706272
0.000706272
0.000706272
0.000706272
0.000706272
0.000706272
0.000706272
0.000706272
0.000706272
0.000706272
0.000706272
0.000706272
0.000706272
0.000706272
0.000706272
0.000706272
0.000706272
0.000706272
0.000706272
0.000706272
0.000706272
0.000706272
0.000706272
0.000706272
0.000706272
0.000706272
0.000706272
0.000706272
0.000706272
0.000706272
0.000706272
0.000706272
0.000706272
0.000706272
0.000706272
0.000706272
0.000706272
0.000706272
0.000706272
0.000996052
0.000706272
0.000706272
0.000706272
0.000706272
0.000706272
0.000706272
0.000706272
0.000706272
0.000706272
0.000706272
0.000706272
0.000706272
0.000706272
0.000706272
0.000706272
0.000706272
0.000706272
0.000706272
0.000706272
0.000706272
0.000706272
0.000706272
0.000706272
0.000706272
0.000706272
0.000706272
0.00337523
0.000706272
0.000706272
0.000706272
0.000706272
0.000706272
0.000706272
0.000706272
0.000706272
0.000706272
0.000706272
0.000706272
0.000706272
0.000706272
0.000706272
0.000706272
0.000706272
0.000706272
0.000706272
0.000706272
0.000706272
0.000706272
0.000706272
0.000706272
0.000706272
0.000706272
0.000706272
0.000706272
0.000706272
0.000706272
0.000706272
0.000706272
0.000706272
0.000706272
0.000706272
0.000706272
0.000706272
0.000706272
0.000706272
0.000706272
0.000706272
0.000706272
0.000706272
0.000706272
0.000706272
0.000706272
0.000706272
0.000706272
0.000706272
0.000706272
0.000706272
0.000706272
0.000706272
0.000706272
0.000706272
0.000706272
0.000706272
0.000706272
0.000706272
0.000706272
0.000706272
0.000706272
0.000706272
0.000706272
0.000706272
0.000706272
0.000706272
0.000706272
0.000706272
0.000706272
0.00115483
0.000706272
0.000706272
0.000706272
0.000706272
0.000706272
0.000706272
0.000706272
0.000706272
0.000706272
0.000706272
0.000706272
0.000706272
0.000706272
0.000706272
0.000706272
0.000706272
0.000706272
0.000706272
0.000706272
0.000706272
0.000706272
0.000706272
0.000706272
0.000706272
0.000706272
0.000706272
0.000706272
0.000706272
0.000706272
0.000706272
0.000706272
0.000706272
0.000706272
0.000706272
0.000706272
0.000706272
0.000706272
0.000706272
0.000706272
0.000706272
0.00125454
0.000706272
0.000706272
0.000706272
0.000706272
0.000706272
0.000706272
0.000706272
0.000706272
0.000706272
0.000706272
0.000706272
0.000706272
0.000706272
0.000706272
0.000706272
0.000706272
0.000706272
0.000706272
0.000706272
0.000706272
0.000706272
0.000706272
0.000706272
0.000706272
0.000706272
0.000706272
0.000706272
0.000706272
0.000706272
0.000706272
0.000706272
0.000706272
0.000706272
0.000706272
0.000706272
0.000706272
0.000706272
0.000706272
0.000706272
0.000706272
0.000706272
0.000706272
0.000706272
0.000706272
0.000706272
0.000706272
0.000706272
0.000706272
0.000706272
0.000706272
0.000706272
0.000706272
0.000706272
0.000706272
0.000706272
0.000706272
0.000706272
0.000706272
0.000706272
0.000706272
0.000706272
0.000706272
0.000706272
0.000706272
0.000706272
0.000706272
0.000706272
0.000706272
0.000706272
0.000706272
0.000706272
0.000706272
0.000706272
0.000706272
0.000706272
0.000706272
0.000706272
0.000706272
0.000706272
0.000706272
0.000706272
0.000706272
0.000706272
0.000706272
0.000706272
0.000706272
0.000706272
0.000706272
0.000706272
0.000706272
0.000706272
0.000706272
0.000706272
0.000706272
0.000706272
0.000706272
0.000706272
0.000706272
0.000706272
0.000706272
0.000706272
0.000706272
0.000706272
0.000706272
0.000706272
0.000706272
0.000706272
0.000706272
0.000706272
0.000706272
0.000706272
0.000706272
0.000706272
0.000706272
0.000706272
0.000706272
0.000706272
0.000706272
0.000706272
0.000706272
0.000706272
0.000706272
0.000706272
0.000706272
0.000706272
0.000706272
0.000706272
0.000706272
0.000706272
0.000706272
0.000706272
0.000706272
0.000706272
0.000706272
0.000706272
0.000706272
0.000706272
0.000706272
0.000706272
0.000706272
0.000706272
0.000706272
0.000706272
0.000706272
0.000706272
0.000706272
0.000706272
0.000706272
0.000706272
0.000706272
0.000706272
0.000706272
0.000706272
0.000706272
0.000706272
0.000706272
0.000706272
0.000706272
0.000706272
0.000706272
0.000706272
0.000706272
0.00135996
0.000706272
0.000706272
0.000706272
0.000706272
0.000706272
0.000706272
0.000706272
0.000706272
0.000706272
0.000706272
0.000706272
0.000706272
0.000706272
0.000706272
0.000706272
0.000706272
0.000706272
0.000706272
0.000706272
0.000706272
0.000706272
0.000706272
0.000706272
0.000706272
0.000706272
0.000706272
0.000706272
0.000706272
0.000706272
0.000706272
0.000706272
0.000706272
0.000706272
0.000706272
0.000706272
0.000706272
0.000706272
0.000706272
0.000706272
0.000706272
0.000706272
0.000706272
0.000706272
0.000706272
0.000706272
0.000706272
0.000706272
0.000706272
0.000706272
0.000706272
0.000706272
0.000706272
0.000706272
0.000706272
0.000706272
0.000706272
0.000706272
0.000706272
0.000706272
0.000706272
0.000706272
0.000706272
0.000706272
0.000706272
0.000706272
0.000706272
0.000706272
0.000706272
0.000706272
0.000706272
0.000706272
0.000706272
0.000706272
0.000706272
0.000706272
0.000706272
0.000706272
0.000706272
0.000706272
0.000706272
0.000706272
0.000706272
0.000806843
0.000706272
0.000706272
0.000706272
0.000706272
0.000706272
0.000706272
0.000706272
0.000706272
0.000706272
0.000706272
0.000706272
0.000706272
0.000706272
0.000706272
0.000706272
0.000706272
0.000706272
0.000706272
0.000706272
0.000706272
0.000706272
0.000706272
0.000706272
0.00168358
0.000706272
0.000706272
0.000706272
0.000706272
0.000706272
0.000706272
0.000706272
0.000706272
0.000706272
0.000706272
0.000706272
0.000706272
0.000706272
0.000706272
0.000706272
0.000706272
0.000706272
0.000706272
0.000706272
0.000706272
0.000706272
0.000706272
0.000706272
0.000706272
0.000706272
0.000706272
0.000706272
0.000706272
0.000706272
0.000706272
0.000706272
0.000706272
0.000706272
0.000706272
0.000788671
0.000706272
0.000706272
0.000706272
0.000706272
0.000706272
0.000706272
0.000706272
0.000706272
0.000706272
0.000706272
0.000706272
0.000706272
0.000706272
0.000706272
0.000706272
0.000706272
0.000706272
0.000706272
0.000848173
0.000706272
0.000706272
0.000706272
0.000706272
0.000706272
0.000706272
0.000706272
0.000706272
0.000706272
0.000706272
0.000706272
0.000706272
0.000706272
0.000706272
0.000706272
0.000706272
0.000706272
0.00165171
0.000706272
0.000706272
0.000706272
0.000706272
0.000706272
0.000706272
0.000706272
0.000706272
0.000706272
0.000706272
0.000706272
0.000706272
0.000706272
0.000706272
0.000706272
0.000706272
0.000706272
0.000706272
0.000706272
0.000706272
0.000706272
0.000706272
0.000706272
0.000706272
0.000706272
0.000706272
0.000706272
0.00306106
0.000706272
0.000706272
0.000706272
0.000706272
0.000706272
0.000706272
0.000706272
0.00089548
0.000706272
0.000706272
0.000706272
0.000706272
0.000706272
0.000706272
0.000706272
0.000706272
0.000706272
0.000706272
0.000706272
0.000706272
0.000706272
0.000706272
0.000706272
0.000706272
0.000706272
0.000706272
0.000706272
0.000706272
0.000706272
0.000706272
0.000706272
0.000706272
0.000706272
0.000706272
0.000706272
0.000706272
0.000706272
0.000706272
0.000706272
0.000706272
0.000706272
0.000706272
0.000706272
0.000706272
0.000706272
0.000706272
0.000706272
0.000706272
0.000706272
0.000706272
0.000706272
0.000706272
0.000706272
0.000706272
0.000706272
0.000706272
0.000706272
0.000706272
0.000706272
0.000706272
0.000706272
0.000706272
0.000706272
0.000706272
0.000706272
0.000706272
0.000706272
0.000706272
0.000706272
0.000706272
0.000706272
0.000706272
0.000706272
0.000706272
0.000706272
0.000706272
0.000706272
0.000706272
0.000706272
0.000706272
0.000706272
0.000706272
0.000706272
0.000706272
0.000706272
0.000706272
0.00370382
0.000706272
0.000706272
0.000706272
0.000706272
0.000706272
0.000706272
0.000706272
0.000706272
0.000706272
0.000706272
0.000706272
0.000706272
0.000706272
0.000706272
0.000706272
0.000706272
0.000706272
0.000706272
0.000706272
0.000706272
0.000706272
0.000706272
0.000706272
0.000706272
0.000706272
0.000706272
0.000706272
0.000706272
0.000706272
0.000706272
0.000706272
0.000706272
0.000706272
0.000706272
0.000706272
0.000706272
0.000706272
0.000706272
0.000706272
0.000706272
0.000706272
0.000706272
0.000706272
0.000706272
0.000706272
0.000706272
0.000706272
0.000706272
0.000706272
0.000706272
0.000706272
0.000706272
0.000706272
0.000706272
0.000706272
0.000706272
0.000706272
0.000706272
0.000706272
0.000706272
0.000706272
0.000706272
0.000706272
0.000706272
0.000706272
0.000706272
0.000706272
0.000706272
0.000706272
0.000706272
0.000706272
0.000706272
0.000706272
0.000706272
0.000706272
0.000706272
0.000706272
0.000706272
0.000706272
0.000706272
0.000706272
0.000706272
0.000706272
0.000706272
0.000706272
0.000706272
0.000706272
0.000706272
0.000706272
0.000706272
0.000706272
0.000706272
0.000706272
0.000706272
0.000706272
0.000706272
0.000706272
0.000706272
0.000706272
0.000706272
0.000706272
0.000706272
0.000706272
0.000706272
0.000706272
0.000706272
0.000706272
0.000706272
0.000706272
0.000706272
0.000706272
0.000706272
0.000706272
0.000706272
0.000706272
0.000706272
0.000706272
0.000706272
0.000706272
0.000706272
0.000706272
0.000706272
0.000706272
0.000706272
0.000706272
0.000706272
0.000706272
0.000706272
0.000706272
0.000706272
0.000706272
0.000706272
0.000706272
0.000706272
0.000706272
0.000706272
0.000706272
0.000706272
0.000706272
0.000706272
0.000706272
0.000706272
0.000706272
0.000706272
0.000706272
0.000706272
0.000706272
0.000706272
0.000706272
0.000706272
0.000706272
0.000706272
0.000706272
0.000706272
0.000706272
0.000706272
0.0010295
0.000706272
0.000706272
0.000706272
0.000706272
0.000706272
0.000706272
0.000706272
0.000706272
0.000706272
0.000706272
