0.7
0.115347
0.0533147
0.0213948
0.0814632
0.000720363
0.000720363
0.000720363
0.000720363
0.000720363
0.000720363
0.000720363
0.000720363
0.000720363
0.00213657
0.000720363
0.000720363
0.000720363
0.000720363
0.000720363
0.000720363
0.000720363
0.000720363
0.000720363
0.000720363
0.000720363
0.000720363
0.000720363
0.000720363
0.000720363
0.000720363
0.000720363
0.000720363
0.000720363
0.000720363
0.000720363
0.000720363
0.000720363
0.000720363
0.000720363
0.000720363
0.000720363
0.000720363
0.000720363
0.000720363
0.000720363
0.000720363
0.000720363
0.000720363
0.000720363
0.000720363
0.000720363
0.000720363
0.000720363
0.000720363
0.000720363
0.000720363
0.000720363
0.000720363
0.000720363
0.000720363
0.000720363
0.000720363
0.000720363
0.000720363
0.000720363
0.000720363
0.000720363
0.000720363
0.000720363
0.000720363
0.000720363
0.000720363
0.000720363
0.000720363
0.000720363
0.000720363
0.000720363
0.000720363
0.000720363
0.000720363
0.000720363
0.000720363
0.000720363
0.000720363
0.000720363
0.000720363
0.000720363
0.000720363
0.000720363
0.000720363
0.000720363
0.000720363
0.000720363
0.000720363
0.000720363
0.000720363
0.000720363
0.000720363
0.000720363
0.000720363
0.000720363
0.000720363
0.000720363
0.000720363
0.000720363
0.000720363
0.000720363
0.000720363
0.000720363
0.000720363
0.000720363
0.000720363
0.000720363
0.000720363
0.000720363
0.000720363
0.000720363
0.000720363
0.000720363
0.000720363
0.000720363
0.000720363
0.000720363
0.000720363
0.000720363
0.000720363
0.000720363
0.000720363
0.000720363
0.000720363
0.000720363
0.000720363
0.000720363
0.000720363
0.000720363
0.000720363
0.000720363
0.000720363
0.000720363
0.000720363
0.000720363
0.000720363
0.000720363
0.000720363
0.000720363
0.000720363
0.000720363
0.000720363
0.000720363
0.000720363
0.000720363
0.000720363
0.000720363
0.000720363
0.000720363
0.000720363
0.000720363
0.000720363
0.000720363
0.000720363
0.000720363
0.000720363
0.000720363
0.000720363
0.000720363
0.000720363
0.000720363
0.000720363
0.000720363
0.000720363
0.000720363
0.000720363
0.000720363
0.000720363
0.000720363
0.00102316
0.000720363
0.000720363
0.000720363
0.000720363
0.000720363
0.000720363
0.000720363
0.000720363
0.000720363
0.000720363
0.000720363
0.000720363
0.000720363
0.000720363
0.000720363
0.000720363
0.000720363
0.000720363
0.000720363
0.000720363
0.000720363
0.000720363
0.000720363
0.000720363
0.000720363
0.000720363
0.000720363
0.000720363
0.000720363
0.000720363
0.000720363
0.000720363
0.000720363
0.000720363
0.000720363
0.000720363
0.000720363
0.000720363
0.000720363
0.000720363
0.000720363
0.000720363
0.000720363
0.000720363
0.000720363
0.000720363
0.000720363
0.000720363
0.000720363
0.000720363
0.000720363
0.000720363
0.000720363
0.000720363
0.000720363
0.000720363
0.000720363
0.000720363
0.000720363
0.000720363
0.000720363
0.000720363
0.000720363
0.000720363
0.000720363
0.000720363
0.000720363
0.000720363
0.000720363
0.000720363
0.000720363
0.000720363
0.000720363
0.000720363
0.000720363
0.000720363
0.000720363
0.000720363
0.000720363
0.000720363
0.000720363
0.000720363
0.000720363
0.000720363
0.000720363
0.000720363
0.000720363
0.000720363
0.000720363
0.000720363
0.000720363
0.000720363
0.000720363
0.000720363
0.000720363
0.000720363
0.000720363
0.000720363
0.000720363
0.000720363
0.000720363
0.000720363
0.000720363
0.000720363
0.000720363
0.000720363
0.000720363
0.000720363
0.000720363
0.000720363
0.000720363
0.000720363
0.000720363
0.000720363
0.000720363
0.000720363
0.000720363
0.000720363
0.000720363
0.000720363
0.000720363
0.000720363
0.000720363
0.000720363
0.000720363
0.000720363
0.000826816
0.000720363
0.000720363
0.000720363
0.000720363
0.000720363
0.000720363
0.000720363
0.000720363
0.000720363
0.000720363
0.000720363
0.000720363
0.000720363
0.000720363
0.000720363
0.000720363
0.000720363
0.00085347
0.000720363
0.000720363
0.000720363
0.000720363
0.000720363
0.000720363
0.000720363
0.000720363
0.000720363
0.000720363
0.000720363
0.000720363
0.000720363
0.000720363
0.000984189
0.000720363
0.000720363
0.000720363
0.000720363
0.000720363
0.000720363
0.000720363
0.000720363
0.000720363
0.000720363
0.000720363
0.000720363
0.000720363
0.000770788
0.000720363
0.000720363
0.000720363
0.000720363
0.000720363
0.000720363
0.000720363
0.000720363
0.000720363
0.000720363
0.000720363
0.000720363
0.000720363
0.000720363
0.000720363
0.000720363
0.000720363
0.000720363
0.000720363
0.000720363
0.000720363
0.000720363
0.000720363
0.000720363
0.000720363
0.000720363
0.000720363
0.000720363
0.000720363
0.000720363
0.000720363
0.000720363
0.000720363
0.000720363
0.000720363
0.000720363
0.000720363
0.000720363
0.000720363
0.000720363
0.000720363
0.000720363
0.000720363
0.000720363
0.000720363
0.000720363
0.000720363
0.000720363
0.000720363
0.000720363
0.000720363
0.000720363
0.000720363
0.000720363
0.00422821
0.000720363
0.000720363
0.000720363
0.000720363
0.000720363
0.000720363
0.000720363
0.000720363
0.000720363
0.000720363
0.000720363
0.000720363
0.000720363
0.000720363
0.000720363
0.000720363
0.000720363
0.000720363
0.000720363
0.000720363
0.000720363
0.000720363
0.000720363
0.000720363
0.000720363
0.000720363
0.000720363
0.000720363
0.000720363
0.000720363
0.000720363
0.000720363
0.000720363
0.000720363
0.000720363
0.000720363
0.000720363
0.000720363
0.000720363
0.000720363
0.000720363
0.000720363
0.000720363
0.000720363
0.000720363
0.000720363
0.000720363
0.000720363
0.000720363
0.000720363
0.000720363
0.000720363
0.000720363
0.000720363
0.000720363
0.000720363
0.000720363
0.000720363
0.000720363
0.000720363
0.000720363
0.000720363
0.000720363
0.000720363
0.000720363
0.000720363
0.000720363
0.000720363
0.000720363
0.000720363
0.000720363
0.000720363
0.000720363
0.000720363
0.000720363
0.000720363
0.000967128
0.000720363
0.000720363
0.000720363
0.000720363
0.000720363
0.000720363
0.000720363
0.000720363
0.000720363
0.000720363
0.000720363
0.000720363
0.000720363
0.000720363
0.000720363
0.000720363
0.000720363
0.000720363
0.000720363
0.000720363
0.000720363
0.000720363
0.000720363
0.000720363
0.000720363
0.000720363
0.000720363
0.000720363
0.000720363
0.000720363
0.000720363
0.000720363
0.000720363
0.000720363
0.000720363
0.000720363
0.000720363
0.000720363
0.000720363
0.000720363
0.000720363
0.000720363
0.000720363
0.000720363
0.000720363
0.000720363
0.000720363
0.000720363
0.000720363
0.00102867
0.000720363
0.00172493
0.000720363
0.000720363
0.000720363
0.000720363
0.000720363
0.000720363
0.000720363
0.000720363
0.000720363
0.000720363
0.000720363
0.000720363
0.000720363
0.000720363
0.000720363
0.000720363
0.000720363
0.000720363
0.000720363
0.000720363
0.000720363
0.000720363
0.000720363
0.000720363
0.000720363
0.000720363
0.000720363
0.000720363
0.000770788
0.000720363
0.000720363
0.000720363
0.000720363
0.000720363
0.000720363
0.000720363
0.000720363
0.000720363
0.000720363
0.000720363
0.000720363
0.000720363
0.000720363
0.000720363
0.000720363
0.000720363
0.000720363
0.000720363
0.000720363
0.000720363
0.000720363
0.000720363
0.000720363
0.000720363
0.000720363
0.000720363
0.000720363
0.00111698
0.000720363
0.000720363
0.000720363
0.000720363
0.000720363
0.000720363
0.000720363
0.000720363
0.000720363
0.000720363
0.000720363
0.000720363
0.000720363
0.000720363
0.000720363
0.000720363
0.000720363
0.000720363
0.000720363
0.000720363
0.000720363
0.000720363
0.000720363
0.000720363
0.000720363
0.000720363
0.000720363
0.000720363
0.000720363
0.000720363
0.000720363
0.000720363
0.000720363
0.000720363
0.000720363
0.000720363
0.000720363
0.000720363
0.000720363
0.000720363
0.000720363
0.000720363
0.000720363
0.000720363
0.000720363
0.000720363
0.000720363
0.000720363
0.000720363
0.000720363
0.000720363
0.000720363
0.000720363
0.000720363
0.000720363
0.000720363
0.000720363
0.000720363
0.000720363
0.000720363
0.000720363
0.000720363
0.000720363
0.000720363
0.000720363
0.000720363
0.000720363
0.000720363
0.000720363
0.000720363
0.000720363
0.000720363
0.000720363
0.000720363
0.000720363
0.000720363
0.000720363
0.000720363
0.000720363
0.000720363
0.000720363
0.000720363
0.000720363
0.000720363
0.000720363
0.000720363
0.000720363
0.000720363
0.000720363
0.000720363
0.000720363
0.000720363
0.000720363
0.000720363
0.000720363
0.000720363
0.000720363
0.000720363
0.000720363
0.000720363
0.000720363
0.000720363
0.000720363
0.000720363
0.000720363
0.000720363
0.000720363
0.000720363
0.000720363
0.000720363
0.000720363
0.000720363
0.000720363
0.000720363
0.000720363
0.000720363
0.000720363
0.000720363
0.000720363
0.000720363
0.000720363
0.000720363
0.000720363
0.000720363
0.000720363
0.000720363
0.000720363
0.000720363
0.000720363
0.000720363
0.000720363
0.000720363
0.000720363
0.000720363
0.000720363
0.000720363
0.000720363
0.000720363
0.000720363
0.000720363
0.000720363
0.000720363
0.000720363
0.000720363
0.000720363
0.000720363
0.000720363
0.000720363
0.000720363
0.000720363
0.000720363
0.000720363
0.000720363
0.000720363
0.000720363
0.000720363
0.000720363
0.000720363
0.000720363
0.000720363
0.000720363
0.000720363
0.000720363
0.000720363
0.000720363
0.000720363
0.000720363
0.000720363
0.000720363
0.000720363
0.000720363
0.000720363
0.000720363
0.000720363
0.000720363
0.000720363
0.000720363
0.000720363
0.000720363
0.000720363
0.000720363
0.000720363
0.000720363
0.000720363
0.000720363
0.000720363
0.000720363
0.000720363
0.000720363
0.000720363
0.000720363
0.000720363
0.000720363
0.000720363
0.000720363
0.000720363
0.000720363
0.000720363
0.000720363
0.000720363
0.000720363
0.000720363
0.000720363
0.000720363
0.000720363
0.000720363
0.000720363
0.000720363
0.000720363
0.000720363
0.000720363
0.000720363
0.000720363
0.000720363
0.000720363
0.000720363
0.000720363
0.000720363
0.000720363
0.000720363
0.000720363
0.000720363
0.000720363
0.000720363
0.000720363
0.000720363
0.000720363
0.000720363
0.000720363
0.000720363
0.000720363
0.000720363
0.000720363
0.000720363
0.000720363
0.000720363
0.000720363
0.00125306
0.000720363
0.000720363
0.000720363
0.000720363
0.000720363
0.000720363
0.000720363
0.000720363
0.000720363
0.000720363
0.000720363
0.000720363
0.000720363
0.000720363
0.000720363
0.000720363
0.000720363
0.000720363
0.000720363
0.000720363
0.000720363
0.000720363
0.000720363
0.000720363
0.000720363
0.000720363
0.000720363
0.000720363
0.000720363
0.000720363
0.000720363
0.000720363
0.000720363
0.000720363
0.000720363
0.000720363
0.000720363
0.000720363
0.000720363
0.000720363
0.000720363
0.000720363
0.000720363
0.000720363
0.000720363
0.000720363
0.000720363
0.000720363
0.000720363
0.000720363
0.000720363
0.000720363
0.000720363
0.000720363
0.000720363
0.000720363
0.000720363
0.000720363
0.000720363
0.00110388
0.000720363
0.000884301
0.000720363
0.000720363
0.000720363
0.000720363
0.000720363
0.000720363
0.000720363
0.000720363
0.000720363
0.000720363
0.000720363
0.000720363
0.000720363
0.000720363
0.000720363
0.000720363
0.000720363
0.000720363
0.000720363
0.000720363
0.00138357
0.000720363
0.000720363
0.000720363
0.000720363
0.000720363
0.000720363
0.000720363
0.000720363
0.000720363
0.000720363
0.000720363
0.000720363
0.000720363
0.000720363
0.000720363
0.000720363
0.000720363
0.000720363
0.000720363
0.000720363
0.000720363
0.000720363
0.000720363
0.000720363
0.000720363
0.000720363
0.000720363
0.000720363
0.000720363
0.000720363
0.000720363
0.000720363
0.000720363
0.000720363
0.000720363
0.000720363
0.000720363
0.000720363
0.000720363
0.000720363
0.000720363
0.000720363
0.00218895
0.000720363
0.000720363
0.000720363
0.000720363
0.000720363
0.000720363
0.000720363
0.000720363
0.000720363
0.000720363
0.000720363
0.000720363
0.000720363
0.000720363
0.000720363
0.000720363
0.000720363
0.000720363
0.000720363
0.000720363
0.000720363
0.000720363
0.000720363
0.000720363
0.000720363
0.000720363
0.000720363
0.000720363
0.000720363
0.000720363
0.000720363
0.000720363
0.000720363
0.000720363
0.000720363
0.000720363
0.000720363
0.000720363
0.000720363
0.000720363
0.000720363
0.000720363
0.000720363
0.000720363
