0.7
0.110281
0.0516708
0.0204911
0.114062
0.000695399
0.000695399
0.000695399
0.000695399
0.000695399
0.000695399
0.000695399
0.000695399
0.000695399
0.000695399
0.000695399
0.000695399
0.000695399
0.000695399
0.000695399
0.000695399
0.000695399
0.000695399
0.000695399
0.000695399
0.000695399
0.000695399
0.000695399
0.000695399
0.000695399
0.000695399
0.000695399
0.000695399
0.000695399
0.000695399
0.000695399
0.000695399
0.000695399
0.000695399
0.000695399
0.000695399
0.000695399
0.000695399
0.000695399
0.000695399
0.000695399
0.000695399
0.000695399
0.000695399
0.000695399
0.000695399
0.000695399
0.000695399
0.000695399
0.000695399
0.000695399
0.000695399
0.000695399
0.000695399
0.000695399
0.000695399
0.000695399
0.000695399
0.000695399
0.000695399
0.000695399
0.000695399
0.000695399
0.000695399
0.000695399
0.000695399
0.000695399
0.000695399
0.000695399
0.000695399
0.000695399
0.000695399
0.000695399
0.000803031
0.000695399
0.000695399
0.000695399
0.000695399
0.000695399
0.000695399
0.000695399
0.000695399
0.000695399
0.000695399
0.000695399
0.000695399
0.000695399
0.000695399
0.000695399
0.000695399
0.000695399
0.000695399
0.000695399
0.000695399
0.000695399
0.000695399
0.000695399
0.000695399
0.000695399
0.000695399
0.000695399
0.000695399
0.000695399
0.000695399
0.000695399
0.000695399
0.000695399
0.000695399
0.000695399
0.000695399
0.000695399
0.000695399
0.000695399
0.000695399
0.000695399
0.000695399
0.000695399
0.000695399
0.000695399
0.000695399
0.000695399
0.000695399
0.000695399
0.000695399
0.000695399
0.000695399
0.000695399
0.000695399
0.000695399
0.000695399
0.000695399
0.000695399
0.000695399
0.000695399
0.00288108
0.000695399
0.000695399
0.000695399
0.000695399
0.000695399
0.000695399
0.000695399
0.000695399
0.000695399
0.000695399
0.000695399
0.000695399
0.000695399
0.000695399
0.000695399
0.000695399
0.000695399
0.000695399
0.000695399
0.000695399
0.000695399
0.000695399
0.000695399
0.000695399
0.000695399
0.000695399
0.000695399
0.000695399
0.000695399
0.000695399
0.000695399
0.000695399
0.000695399
0.000695399
0.000695399
0.000695399
0.000695399
0.000695399
0.000695399
0.000695399
0.000695399
0.000695399
0.000695399
0.000695399
0.000695399
0.000695399
0.000695399
0.000695399
0.000695399
0.000695399
0.000695399
0.000695399
0.000695399
0.000695399
0.000695399
0.000695399
0.000695399
0.000695399
0.000695399
0.000695399
0.000695399
0.000695399
0.000695399
0.000695399
0.000695399
0.000695399
0.000695399
0.000695399
0.000695399
0.000695399
0.000695399
0.000695399
0.000695399
0.000695399
0.000695399
0.000695399
0.000695399
0.000695399
0.000695399
0.000695399
0.000695399
0.000695399
0.000695399
0.000695399
0.000695399
0.000695399
0.000695399
0.000695399
0.000695399
0.000695399
0.000695399
0.000695399
0.000695399
0.000695399
0.000695399
0.000695399
0.000695399
0.000695399
0.000695399
0.000695399
0.000695399
0.000695399
0.000695399
0.000695399
0.000695399
0.000695399
0.000695399
0.000695399
0.000695399
0.000695399
0.000695399
0.000695399
0.000695399
0.000695399
0.000695399
0.000695399
0.000695399
0.000695399
0.000982169
0.000695399
0.000695399
0.000695399
0.000695399
0.000695399
0.000695399
0.000695399
0.000695399
0.000695399
0.000695399
0.000749486
0.000695399
0.000695399
0.000695399
0.000695399
0.000695399
0.000695399
0.000695399
0.000695399
0.000695399
0.000695399
0.000695399
0.000695399
0.000695399
0.000695399
0.000695399
0.000695399
0.000695399
0.000695399
0.000695399
0.000695399
0.000695399
0.000695399
0.000695399
0.000695399
0.000695399
0.000695399
0.000872571
0.000695399
0.000695399
0.000695399
0.000695399
0.000695399
0.000695399
0.000695399
0.000695399
0.000695399
0.000695399
0.000695399
0.000695399
0.000695399
0.000695399
0.000695399
0.000695399
0.000695399
0.000695399
0.000695399
0.000695399
0.000695399
0.000695399
0.000695399
0.000695399
0.000695399
0.000695399
0.000695399
0.000695399
0.000695399
0.000695399
0.000695399
0.000695399
0.000695399
0.000695399
0.000695399
0.000695399
0.000695399
0.000695399
0.000695399
0.000695399
0.000695399
0.000695399
0.000695399
0.000695399
0.000695399
0.000695399
0.000695399
0.000695399
0.000695399
0.000695399
0.000695399
0.000695399
0.000695399
0.000695399
0.000695399
0.000695399
0.000695399
0.000695399
0.000695399
0.000695399
0.000695399
0.000695399
0.000695399
0.000695399
0.000695399
0.000695399
0.000695399
0.000695399
0.000695399
0.000695399
0.000695399
0.000695399
0.000695399
0.000695399
0.000695399
0.000695399
0.000695399
0.000695399
0.000695399
0.000695399
0.000695399
0.000695399
0.000695399
0.000695399
0.000695399
0.000695399
0.000695399
0.000695399
0.000695399
0.000695399
0.000695399
0.000695399
0.000695399
0.000695399
0.000695399
0.000695399
0.00372226
0.000695399
0.000695399
0.000695399
0.000695399
0.000695399
0.000695399
0.000695399
0.000695399
0.000695399
0.000695399
0.000695399
0.000695399
0.000695399
0.000695399
0.000695399
0.000695399
0.000695399
0.000695399
0.000695399
0.000695399
0.000695399
0.000695399
0.000695399
0.000695399
0.000695399
0.000695399
0.000695399
0.000695399
0.000695399
0.000695399
0.000695399
0.00121537
0.000695399
0.000695399
0.000695399
0.000695399
0.000695399
0.000695399
0.000695399
0.000695399
0.000695399
0.000695399
0.000695399
0.000695399
0.000695399
0.000695399
0.000695399
0.000695399
0.000695399
0.000695399
0.000695399
0.000695399
0.000695399
0.000695399
0.000695399
0.000695399
0.000695399
0.000695399
0.000695399
0.000695399
0.000695399
0.000695399
0.000695399
0.000695399
0.000695399
0.000695399
0.000695399
0.000695399
0.000695399
0.000695399
0.000695399
0.000695399
0.000695399
0.000695399
0.000695399
0.000695399
0.000695399
0.000695399
0.000695399
0.000695399
0.000695399
0.000695399
0.000695399
0.000695399
0.000695399
0.000695399
0.000695399
0.000695399
0.000695399
0.000695399
0.000695399
0.000695399
0.000695399
0.000695399
0.000695399
0.000695399
0.000695399
0.000695399
0.000695399
0.000695399
0.000695399
0.000695399
0.000695399
0.000695399
0.000695399
0.000695399
0.000695399
0.000695399
0.000695399
0.000695399
0.000695399
0.000695399
0.000695399
0.000695399
0.000695399
0.000695399
0.000695399
0.000695399
0.000695399
0.000695399
0.000695399
0.00117723
0.000695399
0.000695399
0.000695399
0.000695399
0.000695399
0.000695399
0.000695399
0.000695399
0.000695399
0.000695399
0.000695399
0.000695399
0.000695399
0.000695399
0.000695399
0.000695399
0.000695399
0.000695399
0.000695399
0.000695399
0.000695399
0.000695399
0.000695399
0.000695399
0.000695399
0.000695399
0.000695399
0.000695399
0.000695399
0.000695399
0.000695399
0.000695399
0.000695399
0.000695399
0.000695399
0.000695399
0.000695399
0.000695399
0.000695399
0.000695399
0.000695399
0.000695399
0.000695399
0.000695399
0.000695399
0.000695399
0.000695399
0.000695399
0.000695399
0.000695399
0.000695399
0.000695399
0.000695399
0.000695399
0.000695399
0.000695399
0.000695399
0.000695399
0.000695399
0.000695399
0.000695399
0.000695399
0.000695399
0.000695399
0.000695399
0.000695399
0.000695399
0.000695399
0.000695399
0.000695399
0.000695399
0.000695399
0.000695399
0.000695399
0.000695399
0.000695399
0.000695399
0.000695399
0.000695399
0.000695399
0.000695399
0.000695399
0.000695399
0.000695399
0.000695399
0.000695399
0.000695399
0.000695399
0.000695399
0.000695399
0.000695399
0.000695399
0.000695399
0.000695399
0.000695399
0.000695399
0.000695399
0.000695399
0.000695399
0.000695399
0.000695399
0.000695399
0.000695399
0.000695399
0.000695399
0.000695399
0.000695399
0.000695399
0.000695399
0.000695399
0.000695399
0.000695399
0.000695399
0.000695399
0.000695399
0.000695399
0.000695399
0.000695399
0.000695399
0.000695399
0.000695399
0.000695399
0.000695399
0.000695399
0.000695399
0.000695399
0.000695399
0.000695399
0.000695399
0.000695399
0.000695399
0.000695399
0.000695399
0.000695399
0.000695399
0.000695399
0.000695399
0.000695399
0.000695399
0.000695399
0.000695399
0.000695399
0.000695399
0.000695399
0.000695399
0.000695399
0.00158073
0.000695399
0.000695399
0.000695399
0.000695399
0.000695399
0.000695399
0.000695399
0.000695399
0.000695399
0.000695399
0.000695399
0.000695399
0.000695399
0.000695399
0.000695399
0.000695399
0.000695399
0.000695399
0.000695399
0.000695399
0.000695399
0.000695399
0.000695399
0.000695399
0.000695399
0.000695399
0.000695399
0.000695399
0.000695399
0.000695399
0.000695399
0.000695399
0.000695399
0.000695399
0.000695399
0.000695399
0.000695399
0.000695399
0.000695399
0.000695399
0.000695399
0.000695399
0.000695399
0.000695399
0.000695399
0.000695399
0.000695399
0.000695399
0.000695399
0.000695399
0.000695399
0.000695399
0.000695399
0.000695399
0.000695399
0.000695399
0.000695399
0.000695399
0.000695399
0.000695399
0.000695399
0.000695399
0.000695399
0.000695399
0.000695399
0.000695399
0.000695399
0.000695399
0.000695399
0.000695399
0.000695399
0.000695399
0.000695399
0.00113866
0.000695399
0.000695399
0.000695399
0.000695399
0.000695399
0.000695399
0.000695399
0.000695399
0.000695399
0.000695399
0.000695399
0.000695399
0.000695399
0.000695399
0.000695399
0.000695399
0.000695399
0.000695399
0.000695399
0.000695399
0.000695399
0.000695399
0.000695399
0.000695399
0.000695399
0.000695399
0.000695399
0.000695399
0.000695399
0.000695399
0.000695399
0.000695399
0.000695399
0.000695399
0.000695399
0.000695399
0.000695399
0.000695399
0.000695399
0.000695399
0.000695399
0.000695399
0.000695399
0.000695399
0.000695399
0.000695399
0.000695399
0.000695399
0.000695399
0.000695399
0.000695399
0.000695399
0.000695399
0.000695399
0.00132013
0.000695399
0.000695399
0.000695399
0.000695399
0.000695399
0.000695399
0.000695399
0.000695399
0.000695399
0.000695399
0.000695399
0.000695399
0.000695399
0.000695399
0.000695399
0.000695399
0.000695399
0.000695399
0.000695399
0.000695399
0.000695399
0.000695399
0.000695399
0.000695399
0.000695399
0.000695399
0.000695399
0.000695399
0.000695399
0.000695399
0.000695399
0.000695399
0.000695399
0.000695399
0.000695399
0.000695399
0.000695399
0.000695399
0.000695399
0.000695399
0.000695399
0.000695399
0.000695399
0.000695399
0.000695399
0.000695399
0.000695399
0.000695399
0.000695399
0.000695399
0.000695399
0.000695399
0.000695399
0.000695399
0.000695399
0.000695399
0.000695399
0.000782839
0.000695399
0.000695399
0.000695399
0.000695399
0.000695399
0.000695399
0.000695399
0.000695399
0.000695399
0.000695399
0.000695399
0.000695399
0.000695399
0.000695399
0.000695399
0.000695399
0.000695399
0.000695399
0.000695399
0.000695399
0.000695399
0.000695399
0.000695399
0.000695399
0.000695399
0.000695399
0.000695399
0.000695399
0.000695399
0.000695399
0.000695399
0.000695399
0.000695399
0.00121921
0.000695399
0.000695399
0.000695399
0.000695399
0.000695399
0.000695399
0.000695399
0.000695399
0.000695399
0.000695399
0.000695399
0.000695399
0.000695399
0.000695399
0.000695399
0.000695399
0.000695399
0.000695399
0.000695399
0.000695399
0.000695399
0.000695399
0.000695399
0.000695399
0.000695399
0.000695399
0.000695399
0.000695399
0.000695399
0.000695399
0.000695399
0.000695399
0.000695399
0.000695399
0.000695399
0.000695399
0.000695399
0.000695399
0.000695399
0.000695399
0.000695399
0.000695399
0.000695399
0.00151041
0.000695399
0.000695399
0.000695399
0.000695399
0.000695399
0.000695399
0.000695399
0.000695399
0.000695399
0.000695399
0.000695399
0.000695399
0.000695399
0.000695399
0.000695399
0.000695399
0.000695399
0.000695399
0.000695399
0.000695399
0.000695399
0.000695399
0.000695399
0.000695399
0.000695399
0.000695399
0.000695399
0.000695399
0.000695399
0.000695399
0.000695399
0.000695399
0.000695399
0.000695399
0.000695399
0.000695399
0.000695399
0.000695399
0.000695399
0.000695399
0.000695399
0.000695399
0.000695399
0.000695399
0.000695399
0.000695399
0.000695399
0.00112855
0.000695399
0.000695399
0.000695399
0.000695399
0.000695399
0.000695399
0.000695399
0.000695399
0.000695399
0.000695399
0.000695399
0.000764939
0.000695399
0.000695399
0.000695399
0.000695399
0.000695399
0.000851286
0.000695399
0.000695399
0.000695399
0.000695399
0.000695399
0.000695399
0.000695399
