0.7
0.109125
0.0513346
0.0207997
0.127563
0.000681584
0.000681584
0.000681584
0.000681584
0.000681584
0.000681584
0.000681584
0.000681584
0.000681584
0.000681584
0.000681584
0.000681584
0.000681584
0.000681584
0.000681584
0.000681584
0.000681584
0.000681584
0.000681584
0.000681584
0.000681584
0.000681584
0.000681584
0.000681584
0.000681584
0.000681584
0.000681584
0.000681584
0.000681584
0.000681584
0.000681584
0.000681584
0.000681584
0.000681584
0.000681584
0.000681584
0.000681584
0.000681584
0.000681584
0.000681584
0.00184873
0.000681584
0.000681584
0.000681584
0.000681584
0.000681584
0.000681584
0.000681584
0.000681584
0.000681584
0.000681584
0.000681584
0.000681584
0.000681584
0.000681584
0.000681584
0.000681584
0.000681584
0.000681584
0.000681584
0.000681584
0.000681584
0.000681584
0.000681584
0.000681584
0.000681584
0.000681584
0.000681584
0.000681584
0.000681584
0.000681584
0.000681584
0.000681584
0.000681584
0.000681584
0.000681584
0.000681584
0.000681584
0.000681584
0.000681584
0.000681584
0.000681584
0.000681584
0.000681584
0.000681584
0.000681584
0.000681584
0.000681584
0.000681584
0.000681584
0.000681584
0.000681584
0.000681584
0.000681584
0.000681584
0.00197627
0.000681584
0.000681584
0.000681584
0.000681584
0.000681584
0.000681584
0.000681584
0.000681584
0.000681584
0.000681584
0.000681584
0.000681584
0.000681584
0.000681584
0.000681584
0.000681584
0.000681584
0.000681584
0.000681584
0.000681584
0.000681584
0.000681584
0.000681584
0.000681584
0.000681584
0.000681584
0.000681584
0.000681584
0.000681584
0.000681584
0.000681584
0.000681584
0.000681584
0.000681584
0.000681584
0.000681584
0.000681584
0.000681584
0.000681584
0.000681584
0.000681584
0.000681584
0.000681584
0.000681584
0.000681584
0.000681584
0.000681584
0.000681584
0.000681584
0.000681584
0.000681584
0.000681584
0.000681584
0.000681584
0.000681584
0.000681584
0.000681584
0.000681584
0.000681584
0.000681584
0.000681584
0.000681584
0.000681584
0.000681584
0.000681584
0.000681584
0.000681584
0.000681584
0.000681584
0.000681584
0.000681584
0.000681584
0.000681584
0.000681584
0.000681584
0.000681584
0.000681584
0.000681584
0.000681584
0.000681584
0.000681584
0.000681584
0.000681584
0.000681584
0.000681584
0.000681584
0.000681584
0.000681584
0.000681584
0.000681584
0.000681584
0.000681584
0.000681584
0.000681584
0.000681584
0.000681584
0.000681584
0.000681584
0.000681584
0.000681584
0.000681584
0.000681584
0.000681584
0.000681584
0.000681584
0.000681584
0.000681584
0.000681584
0.000681584
0.000681584
0.000681584
0.000681584
0.000681584
0.000681584
0.000681584
0.000681584
0.000681584
0.000681584
0.000681584
0.000681584
0.000681584
0.000681584
0.000681584
0.000681584
0.000681584
0.000681584
0.000681584
0.000681584
0.000681584
0.000681584
0.000681584
0.000681584
0.000681584
0.000681584
0.000681584
0.000681584
0.000681584
0.000681584
0.000681584
0.000681584
0.000681584
0.000681584
0.000681584
0.000681584
0.000681584
0.000681584
0.000681584
0.000681584
0.000681584
0.000681584
0.000681584
0.000681584
0.000681584
0.000681584
0.000681584
0.000681584
0.000681584
0.000681584
0.000681584
0.000681584
0.00145306
0.000681584
0.000681584
0.000681584
0.000681584
0.000681584
0.000681584
0.000681584
0.000938783
0.000681584
0.000681584
0.000681584
0.000681584
0.000681584
0.000681584
0.000681584
0.000681584
0.000681584
0.000681584
0.000681584
0.000681584
0.000681584
0.000681584
0.000681584
0.000681584
0.000681584
0.000681584
0.000681584
0.000681584
0.000681584
0.000681584
0.000681584
0.000681584
0.000681584
0.000681584
0.000681584
0.000681584
0.000681584
0.000681584
0.000681584
0.000681584
0.000681584
0.000681584
0.000681584
0.000681584
0.000681584
0.000681584
0.000681584
0.000681584
0.00075408
0.000681584
0.000681584
0.000681584
0.000681584
0.000681584
0.000681584
0.000681584
0.000681584
0.000681584
0.000681584
0.000681584
0.000681584
0.000681584
0.000681584
0.000681584
0.000681584
0.000681584
0.000681584
0.000681584
0.000681584
0.000681584
0.000681584
0.000681584
0.000681584
0.000681584
0.000681584
0.000681584
0.000681584
0.000681584
0.000681584
0.000681584
0.000681584
0.000681584
0.000681584
0.0012802
0.000681584
0.000681584
0.000681584
0.000681584
0.000681584
0.000681584
0.000681584
0.000681584
0.000681584
0.000681584
0.000681584
0.000681584
0.000681584
0.000681584
0.000681584
0.000681584
0.000681584
0.000681584
0.000681584
0.000681584
0.000681584
0.000681584
0.000681584
0.000681584
0.000681584
0.000681584
0.000681584
0.000681584
0.000681584
0.000681584
0.000681584
0.000681584
0.000681584
0.000681584
0.000681584
0.000681584
0.000681584
0.000681584
0.000681584
0.000681584
0.000681584
0.000681584
0.000681584
0.000681584
0.000681584
0.000681584
0.000681584
0.000681584
0.000681584
0.000681584
0.000681584
0.000681584
0.000681584
0.000681584
0.000681584
0.000681584
0.00149153
0.000681584
0.000681584
0.000681584
0.000681584
0.000681584
0.000681584
0.000681584
0.000681584
0.000681584
0.000681584
0.000681584
0.000681584
0.000681584
0.000681584
0.000681584
0.000681584
0.000681584
0.000681584
0.000681584
0.000681584
0.000681584
0.000681584
0.000681584
0.000681584
0.000681584
0.000681584
0.000681584
0.000681584
0.000681584
0.000681584
0.00137513
0.000681584
0.000681584
0.000681584
0.000681584
0.000681584
0.000681584
0.000681584
0.000856751
0.000681584
0.000681584
0.000681584
0.000681584
0.000681584
0.000681584
0.000681584
0.000681584
0.000681584
0.000681584
0.000681584
0.000681584
0.000724957
0.000681584
0.000681584
0.000681584
0.000681584
0.000681584
0.000681584
0.000681584
0.000681584
0.000681584
0.000681584
0.000681584
0.000681584
0.00073797
0.000681584
0.000681584
0.000681584
0.000681584
0.000681584
0.000681584
0.000681584
0.000681584
0.000681584
0.000681584
0.000681584
0.000681584
0.000681584
0.000681584
0.000681584
0.000681584
0.000681584
0.000681584
0.000681584
0.000681584
0.000681584
0.000681584
0.000681584
0.000681584
0.000681584
0.000681584
0.000681584
0.000681584
0.000681584
0.000681584
0.000681584
0.000681584
0.000681584
0.000681584
0.000681584
0.000681584
0.000681584
0.000681584
0.000681584
0.000681584
0.000681584
0.000681584
0.000681584
0.000681584
0.000681584
0.000681584
0.000681584
0.000681584
0.000681584
0.000681584
0.000681584
0.000681584
0.000681584
0.000681584
0.000681584
0.000681584
0.000681584
0.000681584
0.000681584
0.000681584
0.000681584
0.000681584
0.000681584
0.000681584
0.000681584
0.000681584
0.000681584
0.000681584
0.000681584
0.000681584
0.000681584
0.000681584
0.000681584
0.000681584
0.000681584
0.000681584
0.000980905
0.000681584
0.000681584
0.000681584
0.000681584
0.000681584
0.000681584
0.000681584
0.000681584
0.000681584
0.000681584
0.000681584
0.000681584
0.000681584
0.000681584
0.000681584
0.000681584
0.000681584
0.000681584
0.000681584
0.000681584
0.000681584
0.000681584
0.000681584
0.000681584
0.000681584
0.000681584
0.000681584
0.000681584
0.000681584
0.000681584
0.000681584
0.000681584
0.000681584
0.000681584
0.000681584
0.000681584
0.000681584
0.000681584
0.000681584
0.000681584
0.000681584
0.000681584
0.000681584
0.000681584
0.000681584
0.000681584
0.000681584
0.000681584
0.000681584
0.000681584
0.000681584
0.000681584
0.000681584
0.000681584
0.000681584
0.000681584
0.000681584
0.000681584
0.000681584
0.000681584
0.000681584
0.000681584
0.000681584
0.000681584
0.000681584
0.000681584
0.000681584
0.000681584
0.000681584
0.000681584
0.000681584
0.000681584
0.000681584
0.000681584
0.000681584
0.000681584
0.000681584
0.000681584
0.000681584
0.000681584
0.000681584
0.000681584
0.000681584
0.000681584
0.000681584
0.000681584
0.000681584
0.000681584
0.000681584
0.000681584
0.000681584
0.000681584
0.000681584
0.000681584
0.000681584
0.000733242
0.000681584
0.000681584
0.000681584
0.000681584
0.000681584
0.000681584
0.000681584
0.000681584
0.000681584
0.000681584
0.000681584
0.000681584
0.000681584
0.000681584
0.000681584
0.000681584
0.000681584
0.000681584
0.000681584
0.000681584
0.000681584
0.000681584
0.000681584
0.000681584
0.000681584
0.000681584
0.000681584
0.000681584
0.000681584
0.000681584
0.000681584
0.000681584
0.000681584
0.000681584
0.000681584
0.000681584
0.000681584
0.000681584
0.000681584
0.000681584
0.000681584
0.000681584
0.000681584
0.000681584
0.000681584
0.000681584
0.000681584
0.000681584
0.00133474
0.000681584
0.000681584
0.000681584
0.000681584
0.000681584
0.000681584
0.000681584
0.000681584
0.000681584
0.000681584
0.000681584
0.000681584
0.000681584
0.000681584
0.000681584
0.000681584
0.000681584
0.000681584
0.000681584
0.000681584
0.000681584
0.000681584
0.000681584
0.000681584
0.000681584
0.000681584
0.000681584
0.000681584
0.000681584
0.000681584
0.000681584
0.000681584
0.000681584
0.000681584
0.000681584
0.000681584
0.000681584
0.000681584
0.000681584
0.000681584
0.000681584
0.000681584
0.000681584
0.000681584
0.000681584
0.000681584
0.000681584
0.000681584
0.000681584
0.00235086
0.000681584
0.000681584
0.000681584
0.000681584
0.000681584
0.000681584
0.000681584
0.000681584
0.000681584
0.000681584
0.000681584
0.000681584
0.000681584
0.000681584
0.000681584
0.000681584
0.000681584
0.000681584
0.000681584
0.000681584
0.000681584
0.000681584
0.000681584
0.000681584
0.000681584
0.000681584
0.000681584
0.000681584
0.000681584
0.000681584
0.000681584
0.000681584
0.000681584
0.000681584
0.000681584
0.000681584
0.000681584
0.000681584
0.000681584
0.000681584
0.000681584
0.000681584
0.000681584
0.000681584
0.000681584
0.000681584
0.000681584
0.000681584
0.000681584
0.000681584
0.000681584
0.000681584
0.000681584
0.000681584
0.000681584
0.000681584
0.000681584
0.000681584
0.000681584
0.000681584
0.000681584
0.000681584
0.000681584
0.000681584
0.000681584
0.000681584
0.000681584
0.000681584
0.000681584
0.000681584
0.000681584
0.000681584
0.000681584
0.000681584
0.000681584
0.000681584
0.000681584
0.000681584
0.000681584
0.000681584
0.000681584
0.000681584
0.000681584
0.000681584
0.000681584
0.000681584
0.000681584
0.000681584
0.000724957
0.000681584
0.000681584
0.000681584
0.000681584
0.000681584
0.000681584
0.000681584
0.000681584
0.000681584
0.000681584
0.000681584
0.000681584
0.000681584
0.000681584
0.000681584
0.000681584
0.000681584
0.000681584
0.000681584
0.000681584
0.000681584
0.000681584
0.000681584
0.000681584
0.000681584
0.000681584
0.000681584
0.000681584
0.000681584
0.000681584
0.000681584
0.00352892
0.000681584
0.000681584
0.000681584
0.000681584
0.000681584
0.000681584
0.000681584
0.000681584
0.000681584
0.000681584
0.000681584
0.000681584
0.000681584
0.000681584
0.000681584
0.000681584
0.000681584
0.000681584
0.000681584
0.000681584
0.000681584
0.000681584
0.000681584
0.000681584
0.000681584
0.000681584
0.000681584
0.000681584
0.000681584
0.00149659
0.000681584
0.000681584
0.000681584
0.000681584
0.000681584
0.000681584
0.000681584
0.000681584
0.000681584
0.000681584
0.000681584
0.000681584
0.000681584
0.000681584
0.000681584
0.000681584
0.000681584
0.000681584
0.000681584
0.000681584
0.000681584
0.000681584
0.000681584
0.000681584
0.000681584
0.000681584
0.000681584
0.000681584
0.000681584
0.000681584
0.000681584
0.000681584
0.000681584
0.000681584
0.000681584
0.000681584
0.000681584
0.000681584
0.000681584
0.000681584
0.000681584
0.000681584
0.000681584
0.000681584
0.000681584
0.000681584
0.000681584
0.000681584
0.000681584
0.000681584
0.000681584
0.000681584
0.000681584
0.000681584
0.000681584
0.000681584
0.000681584
0.000681584
0.000681584
0.000681584
0.000681584
0.000681584
0.000681584
0.000681584
0.000681584
0.000681584
0.000681584
0.000681584
0.000681584
0.000681584
0.000681584
0.000681584
0.000681584
0.000681584
0.000681584
0.000681584
0.000681584
0.000681584
0.000681584
0.000681584
0.000681584
0.000681584
0.000681584
0.000681584
0.000681584
0.000681584
0.000681584
0.000681584
0.000681584
0.000681584
0.000681584
0.000681584
0.000681584
0.000681584
0.000681584
0.000681584
0.000681584
0.000681584
0.000681584
0.000681584
0.000681584
0.000681584
0.000681584
0.000681584
0.000681584
0.000681584
0.000681584
0.000681584
0.000681584
0.000681584
