0.7
0.108309
0.0503463
0.0197904
0.000666343
0.000666343
0.000666343
0.000666343
0.000666343
0.000666343
0.000666343
0.000666343
0.000666343
0.000666343
0.000666343
0.000666343
0.000666343
0.000666343
0.000666343
0.000666343
0.000666343
0.000666343
0.000666343
0.000666343
0.000666343
0.000666343
0.000666343
0.000666343
0.000666343
0.000666343
0.000666343
0.000666343
0.000666343
0.000666343
0.000666343
0.000666343
0.000666343
0.000666343
0.000666343
0.000666343
0.000666343
0.000666343
0.000666343
0.000666343
0.000666343
0.000666343
0.000666343
0.000666343
0.000666343
0.000666343
0.000666343
0.000666343
0.000666343
0.000666343
0.000666343
0.000666343
0.000666343
0.000666343
0.000666343
0.000666343
0.000666343
0.000666343
0.000666343
0.000666343
0.000666343
0.000666343
0.000666343
0.000666343
0.000666343
0.000666343
0.000666343
0.000666343
0.000666343
0.000666343
0.000666343
0.000666343
0.000666343
0.000666343
0.000666343
0.000666343
0.000666343
0.000666343
0.000666343
0.000666343
0.000666343
0.000666343
0.000666343
0.000666343
0.000666343
0.000666343
0.000666343
0.000666343
0.000666343
0.000666343
0.000666343
0.000666343
0.000666343
0.000666343
0.000666343
0.000666343
0.000666343
0.000666343
0.000666343
0.000666343
0.000666343
0.000666343
0.000666343
0.000666343
0.000666343
0.000666343
0.000666343
0.000666343
0.000666343
0.000666343
0.000666343
0.000666343
0.000666343
0.000666343
0.000666343
0.000666343
0.000666343
0.000666343
0.000666343
0.000666343
0.000666343
0.000666343
0.000666343
0.000666343
0.000666343
0.000666343
0.000666343
0.000666343
0.000666343
0.000666343
0.000666343
0.000666343
0.000666343
0.000666343
0.000666343
0.000666343
0.000666343
0.000666343
0.000666343
0.000666343
0.000666343
0.000666343
0.000666343
0.000666343
0.000666343
0.000666343
0.000666343
0.000666343
0.000666343
0.000666343
0.000666343
0.000666343
0.000666343
0.000666343
0.000666343
0.000666343
0.000666343
0.000666343
0.000666343
0.000666343
0.000666343
0.000666343
0.000666343
0.000666343
0.000666343
0.000666343
0.000666343
0.000666343
0.000666343
0.000906904
0.000666343
0.000666343
0.000666343
0.000666343
0.000666343
0.000666343
0.000666343
0.000666343
0.000666343
0.000666343
0.000666343
0.000666343
0.000666343
0.000666343
0.000666343
0.000666343
0.000666343
0.000666343
0.000666343
0.000666343
0.000666343
0.000666343
0.000666343
0.000666343
0.000666343
0.000666343
0.000666343
0.000666343
0.000666343
0.000666343
0.000666343
0.000666343
0.000666343
0.000666343
0.000666343
0.000666343
0.000666343
0.000666343
0.000666343
0.000666343
0.000666343
0.000666343
0.000666343
0.000666343
0.000666343
0.000666343
0.000666343
0.000666343
0.000666343
0.000666343
0.000666343
0.000666343
0.000666343
0.000666343
0.000666343
0.000666343
0.000666343
0.000666343
0.000666343
0.000666343
0.000666343
0.000666343
0.000666343
0.000666343
0.000666343
0.000666343
0.000666343
0.000666343
0.000666343
0.000666343
0.000666343
0.000666343
0.000666343
0.000666343
0.000666343
0.000666343
0.000666343
0.000666343
0.000666343
0.000666343
0.000666343
0.000666343
0.000666343
0.000666343
0.000666343
0.000666343
0.000666343
0.000666343
0.000666343
0.000666343
0.000666343
0.000666343
0.000666343
0.000666343
0.000666343
0.000666343
0.000666343
0.000666343
0.000666343
0.000666343
0.000666343
0.000666343
0.000666343
0.000666343
0.000666343
0.000666343
0.000666343
0.000666343
0.000666343
0.000666343
0.000666343
0.000666343
0.000666343
0.000666343
0.000666343
0.000666343
0.000666343
0.000666343
0.000666343
0.000666343
0.00283892
0.000666343
0.000666343
0.000666343
0.000666343
0.000666343
0.000666343
0.000666343
0.000666343
0.000666343
0.000666343
0.000666343
0.000666343
0.000666343
0.000666343
0.000666343
0.000666343
0.000666343
0.000666343
0.000666343
0.000666343
0.000666343
0.000666343
0.000666343
0.000666343
0.000666343
0.000666343
0.000666343
0.000666343
0.000666343
0.000666343
0.000666343
0.000666343
0.000666343
0.000666343
0.000666343
0.000666343
0.000666343
0.000666343
0.000666343
0.000666343
0.000666343
0.000666343
0.000666343
0.000666343
0.000666343
0.000666343
0.000666343
0.000666343
0.000666343
0.000666343
0.000666343
0.000666343
0.000666343
0.000666343
0.000666343
0.000666343
0.000666343
0.000666343
0.000666343
0.000666343
0.000666343
0.000666343
0.000666343
0.000666343
0.000666343
0.000666343
0.000666343
0.00108664
0.000666343
0.000666343
0.000666343
0.000666343
0.000666343
0.000666343
0.000666343
0.000666343
0.000666343
0.000666343
0.000666343
0.000666343
0.000666343
0.000666343
0.000666343
0.00119894
0.000666343
0.000666343
0.000666343
0.000666343
0.000666343
0.000666343
0.000666343
0.000666343
0.000666343
0.000666343
0.000666343
0.000666343
0.000666343
0.000666343
0.000666343
0.000666343
0.000666343
0.000666343
0.000666343
0.000666343
0.000666343
0.000666343
0.000666343
0.000666343
0.000666343
0.000666343
0.000666343
0.00119843
0.000666343
0.000666343
0.000666343
0.000666343
0.000666343
0.000666343
0.000666343
0.000666343
0.000666343
0.000666343
0.000666343
0.000802388
0.000666343
0.000666343
0.000666343
0.000666343
0.000666343
0.000666343
0.000666343
0.000666343
0.000666343
0.000666343
0.000666343
0.000666343
0.000666343
0.000666343
0.000666343
0.000666343
0.000666343
0.000666343
0.000666343
0.000666343
0.000666343
0.000666343
0.000666343
0.000666343
0.000666343
0.000666343
0.000666343
0.000666343
0.000666343
0.000666343
0.000666343
0.000666343
0.000666343
0.00130017
0.000666343
0.000666343
0.000666343
0.000666343
0.000666343
0.000666343
0.000666343
0.000666343
0.000666343
0.000666343
0.000666343
0.000666343
0.000666343
0.000666343
0.000666343
0.000666343
0.000666343
0.000666343
0.000666343
0.000666343
0.000666343
0.000666343
0.000666343
0.000666343
0.000666343
0.000666343
0.000666343
0.000666343
0.000666343
0.000666343
0.000666343
0.000666343
0.000666343
0.000666343
0.000666343
0.000666343
0.000666343
0.000666343
0.000666343
0.000666343
0.000666343
0.000666343
0.000666343
0.000666343
0.000666343
0.000666343
0.000666343
0.000666343
0.000666343
0.000666343
0.000666343
0.000666343
0.000666343
0.000666343
0.000666343
0.000666343
0.000666343
0.000666343
0.00290048
0.000666343
0.000666343
0.000666343
0.000666343
0.000666343
0.000666343
0.000666343
0.000666343
0.000666343
0.000666343
0.000666343
0.000666343
0.000666343
0.000666343
0.000666343
0.000666343
0.000666343
0.000666343
0.000666343
0.000666343
0.000666343
0.000666343
0.000666343
0.000666343
0.000666343
0.000666343
0.000666343
0.000666343
0.000666343
0.000666343
0.000666343
0.000666343
0.000666343
0.000666343
0.000666343
0.000666343
0.000666343
0.000666343
0.000666343
0.000666343
0.000666343
0.000666343
0.000666343
0.000666343
0.000666343
0.000666343
0.000666343
0.000666343
0.000666343
0.000666343
0.000666343
0.000666343
0.000666343
0.000666343
0.000666343
0.000666343
0.000666343
0.000666343
0.000666343
0.000666343
0.000666343
0.000666343
0.000666343
0.000666343
0.000666343
0.000666343
0.000666343
0.000666343
0.000666343
0.000666343
0.000666343
0.000666343
0.000666343
0.000666343
0.000940932
0.000666343
0.000666343
0.000666343
0.000666343
0.000666343
0.000666343
0.000666343
0.000666343
0.000666343
0.000666343
0.000666343
0.000666343
0.000666343
0.000666343
0.000666343
0.000666343
0.000666343
0.000666343
0.000666343
0.000666343
0.000666343
0.000666343
0.000666343
0.000666343
0.000666343
0.000666343
0.000666343
0.000666343
0.000666343
0.000666343
0.000666343
0.000666343
0.000666343
0.000666343
0.000666343
0.000666343
0.000666343
0.000666343
0.000666343
0.000666343
0.000666343
0.000666343
0.000666343
0.000666343
0.0013356
0.000666343
0.000666343
0.000666343
0.000666343
0.000666343
0.000666343
0.000666343
0.000666343
0.000666343
0.000666343
0.00225596
0.000666343
0.000666343
0.000666343
0.000999237
0.000666343
0.000666343
0.000666343
0.00118198
0.000666343
0.000666343
0.000666343
0.000666343
0.000666343
0.000666343
0.000666343
0.000666343
0.000666343
0.000666343
0.000666343
0.000666343
0.000666343
0.000666343
0.000666343
0.000666343
0.000666343
0.000666343
0.000666343
0.000666343
0.000666343
0.000666343
0.000666343
0.000666343
0.000666343
0.000666343
0.000666343
0.000666343
0.000666343
0.00100082
0.000666343
0.000666343
0.000666343
0.000666343
0.000666343
0.000666343
0.000666343
0.000666343
0.000666343
0.000666343
0.000666343
0.000666343
0.000666343
0.000666343
0.000666343
0.000666343
0.000666343
0.000666343
0.000666343
0.000666343
0.000666343
0.000666343
0.000666343
0.000666343
0.000666343
0.000666343
0.000666343
0.000666343
0.000666343
0.000666343
0.000666343
0.000666343
0.000666343
0.000666343
0.000666343
0.000666343
0.000666343
0.000666343
0.000666343
0.000666343
0.000666343
0.000666343
0.000666343
0.000666343
0.000666343
0.000666343
0.000666343
0.000666343
0.000666343
0.000666343
0.000666343
0.000666343
0.000666343
0.000666343
0.000666343
0.000666343
0.000666343
0.000666343
0.000666343
0.000666343
0.000666343
0.000666343
0.000666343
0.000666343
0.000666343
0.000666343
0.000666343
0.000666343
0.000666343
0.000666343
0.000666343
0.000666343
0.000666343
0.000666343
0.000666343
0.000666343
0.000666343
0.000666343
0.000666343
0.000666343
0.000666343
0.000666343
0.000666343
0.000666343
0.000666343
0.000666343
0.000666343
0.000666343
0.000666343
0.000666343
0.000666343
0.000666343
0.000666343
0.000666343
0.000666343
0.000666343
0.000666343
0.000666343
0.000666343
0.000666343
0.000666343
0.000666343
0.000666343
0.000666343
0.000666343
0.000666343
0.000666343
0.000666343
0.000666343
0.000666343
0.000666343
0.000666343
0.000666343
0.000666343
0.000666343
0.000666343
0.000666343
0.000666343
0.000666343
0.000666343
0.000666343
0.000666343
0.000666343
0.000666343
0.000666343
0.000666343
0.000666343
0.000666343
0.000666343
0.000666343
0.000666343
0.000666343
0.000666343
0.000666343
0.000666343
0.000666343
0.000666343
0.000666343
0.000666343
0.000666343
0.000666343
0.000666343
0.000666343
0.000666343
0.000666343
0.000666343
0.000666343
0.000666343
0.000666343
0.000666343
0.000666343
0.000885674
0.00130913
0.00142628
0.00129317
0.00126012
0.00125161
0.00124994
0.00124953
0.00124943
0.0012494
0.0012494
0.00124939
0.00124939
0.00124939
0.00124939
0.00124939
0.00124939
0.00124939
0.00124939
0.00124939
0.00124939
0.00124939
0.00124939
0.00124939
0.00124939
0.00124939
0.00124939
0.00124939
0.00124939
0.00124939
0.00124939
0.00124939
0.00124939
0.00124939
0.00124939
0.00124939
0.00124939
0.00124939
0.00124939
0.00124939
0.00124939
0.00124939
0.00124939
0.00124939
0.00124939
0.00124939
0.00124939
0.00124939
0.00124939
0.00124939
0.00124939
0.00124939
0.00124939
0.00124939
0.00124939
0.00124939
0.00124939
0.00124939
0.00124939
0.00124939
0.00124939
0.00124939
0.00124939
0.00124939
0.00124939
0.00124939
0.00124939
0.00124939
0.00124939
0.00124939
0.00124939
0.00124939
0.00124939
0.00124939
0.00124939
0.00124939
0.00124939
0.00124939
0.00124939
0.00124939
0.00124939
0.00124939
0.00124939
0.00124939
0.00124939
0.00124939
0.00124939
0.00124939
0.00124939
0.00124939
0.00124939
0.00124939
0.00124939
0.00124939
0.00124939
0.00124939
0.00124939
0.00124939
0.00124939
0.00124939
0.00124939
0.00124939
0.00124939
0.00124939
0.00124939
0.00124939
0.00124939
0.00124939
0.00124939
0.00124939
0.00124939
0.00124939
0.00124939
0.00124939
0.00124939
0.00124939
0.00124939
0.00124939
0.00124939
0.00124939
0.00124939
0.00124939
0.00124939
0.00124939
0.00124939
0.00124939
0.00124939
0.00124939
0.00124939
0.00124939
0.00124939
0.00124939
0.00124939
0.00124939
0.00124939
0.00124939
0.00124939
0.00124939
0.00124939
0.00124939
0.00124939
0.00124939
0.00124939
0.00124939
0.00124939
0.00124939
0.00124939
0.00124939
0.00124939
0.00124939
0.00124939
0.00124939
0.00124939
0.00124939
0.00124939
0.00124939
0.00124939
0.00124939
0.00124939
0.00124939
0.00124938
0.00124932
0.00124911
0.00124823
0.00124469
0.00123042
0.00117277
0.00093999
0.0497864
