0.7
0.113904
0.0535513
0.0201828
0.00070902
0.00070902
0.00070902
0.00070902
0.00070902
0.00070902
0.00070902
0.00070902
0.00070902
0.00070902
0.00070902
0.00070902
0.00070902
0.00070902
0.00070902
0.00070902
0.00070902
0.000754139
0.00070902
0.00070902
0.00070902
0.00070902
0.00070902
0.00070902
0.00070902
0.00070902
0.00070902
0.00070902
0.00070902
0.00070902
0.00070902
0.00070902
0.00070902
0.00070902
0.00070902
0.00070902
0.00070902
0.00070902
0.00070902
0.00070902
0.00070902
0.00070902
0.00070902
0.00070902
0.00070902
0.00070902
0.00070902
0.00070902
0.00070902
0.00070902
0.00070902
0.00070902
0.00070902
0.00070902
0.00070902
0.00070902
0.00070902
0.00070902
0.00070902
0.00070902
0.00070902
0.00070902
0.00070902
0.00070902
0.00070902
0.00070902
0.00070902
0.00070902
0.00070902
0.00070902
0.00070902
0.00070902
0.00070902
0.00070902
0.00070902
0.00070902
0.00070902
0.00070902
0.00070902
0.00070902
0.00070902
0.00070902
0.00070902
0.00070902
0.00070902
0.00070902
0.00070902
0.00070902
0.00070902
0.00070902
0.00070902
0.00070902
0.00070902
0.00070902
0.00070902
0.00070902
0.000873279
0.00070902
0.00070902
0.00070902
0.00070902
0.00070902
0.00070902
0.00070902
0.00070902
0.00070902
0.00070902
0.00070902
0.00070902
0.000916967
0.00070902
0.00070902
0.00070902
0.00070902
0.00070902
0.00070902
0.00070902
0.00070902
0.00070902
0.00070902
0.00070902
0.00070902
0.00070902
0.00070902
0.00070902
0.00070902
0.00070902
0.00070902
0.00070902
0.00070902
0.00070902
0.00070902
0.00070902
0.00070902
0.00070902
0.00070902
0.00070902
0.00070902
0.00070902
0.00070902
0.00070902
0.00070902
0.00070902
0.00070902
0.00070902
0.00070902
0.00070902
0.00070902
0.00070902
0.00070902
0.00070902
0.00070902
0.00070902
0.002387
0.00070902
0.00070902
0.00070902
0.00070902
0.00070902
0.00070902
0.00070902
0.00070902
0.00070902
0.00070902
0.00070902
0.00070902
0.00070902
0.00070902
0.00070902
0.00070902
0.00070902
0.00070902
0.00070902
0.00070902
0.00070902
0.00070902
0.00070902
0.00070902
0.00070902
0.00070902
0.00070902
0.00070902
0.00070902
0.00070902
0.00070902
0.00070902
0.00070902
0.00070902
0.00070902
0.00070902
0.00070902
0.00070902
0.00070902
0.00070902
0.00070902
0.00070902
0.00070902
0.00070902
0.00070902
0.00070902
0.00070902
0.00070902
0.00070902
0.00070902
0.00070902
0.00070902
0.00070902
0.00070902
0.00070902
0.00070902
0.00070902
0.00070902
0.00070902
0.00070902
0.00250029
0.00070902
0.00070902
0.00070902
0.00070902
0.00070902
0.00070902
0.00070902
0.00070902
0.00070902
0.00070902
0.00070902
0.00070902
0.00070902
0.00070902
0.00070902
0.0010222
0.00070902
0.00070902
0.00070902
0.00070902
0.00070902
0.00070902
0.00070902
0.00070902
0.00070902
0.00070902
0.00070902
0.00070902
0.00070902
0.00070902
0.00070902
0.00070902
0.00070902
0.00070902
0.00070902
0.00070902
0.00070902
0.00070902
0.00070902
0.00070902
0.00070902
0.00070902
0.00070902
0.00070902
0.00070902
0.00070902
0.00070902
0.00070902
0.00070902
0.00070902
0.00070902
0.00070902
0.00070902
0.00070902
0.00070902
0.00070902
0.00070902
0.00070902
0.00070902
0.00070902
0.00070902
0.00070902
0.00070902
0.00070902
0.00070902
0.00070902
0.00070902
0.00070902
0.00070902
0.00070902
0.00070902
0.00070902
0.00070902
0.00070902
0.00070902
0.00070902
0.00070902
0.00070902
0.00070902
0.00070902
0.00070902
0.00070902
0.00070902
0.00070902
0.00070902
0.00070902
0.00070902
0.00070902
0.00070902
0.00070902
0.00070902
0.00070902
0.00070902
0.00070902
0.00070902
0.00070902
0.00070902
0.00070902
0.00070902
0.00070902
0.00070902
0.00070902
0.00070902
0.00070902
0.00070902
0.00070902
0.00070902
0.00070902
0.00235834
0.00070902
0.00070902
0.00070902
0.00070902
0.00070902
0.00070902
0.00070902
0.00070902
0.00070902
0.00070902
0.00070902
0.00070902
0.00070902
0.00070902
0.00070902
0.00070902
0.00070902
0.00070902
0.00070902
0.00070902
0.00070902
0.00070902
0.00070902
0.00070902
0.00070902
0.00070902
0.00070902
0.00070902
0.00070902
0.00070902
0.00070902
0.00070902
0.00070902
0.00095504
0.00070902
0.00070902
0.00070902
0.00070902
0.00070902
0.00070902
0.00070902
0.00070902
0.00070902
0.00070902
0.00070902
0.00070902
0.000930443
0.00070902
0.00070902
0.00070902
0.000816178
0.00070902
0.00070902
0.00070902
0.00070902
0.00070902
0.00070902
0.00070902
0.00070902
0.00070902
0.00070902
0.00070902
0.00070902
0.00070902
0.00070902
0.00070902
0.00070902
0.00070902
0.00070902
0.00070902
0.00070902
0.00070902
0.00070902
0.00070902
0.00070902
0.00070902
0.00070902
0.00070902
0.00070902
0.00070902
0.00070902
0.00070902
0.00070902
0.00070902
0.00070902
0.00070902
0.00070902
0.00070902
0.00070902
0.00070902
0.00070902
0.00070902
0.00070902
0.00070902
0.00070902
0.00070902
0.00070902
0.00070902
0.00070902
0.00070902
0.00070902
0.00070902
0.00070902
0.00070902
0.00070902
0.00070902
0.00070902
0.00070902
0.00070902
0.00070902
0.00070902
0.00070902
0.00070902
0.00070902
0.00070902
0.00070902
0.00070902
0.000811239
0.00070902
0.00070902
0.00070902
0.00070902
0.00070902
0.00070902
0.00070902
0.00070902
0.00070902
0.00070902
0.00070902
0.00070902
0.00070902
0.00070902
0.00070902
0.00070902
0.00070902
0.00070902
0.00070902
0.00070902
0.00070902
0.00070902
0.00070902
0.00070902
0.00070902
0.00070902
0.00070902
0.00070902
0.00070902
0.00070902
0.00070902
0.00070902
0.00070902
0.00070902
0.00070902
0.00070902
0.00070902
0.00070902
0.00070902
0.00070902
0.00070902
0.00070902
0.00070902
0.00070902
0.00070902
0.00070902
0.00070902
0.00070902
0.00070902
0.00070902
0.00070902
0.00070902
0.00070902
0.00070902
0.00070902
0.00070902
0.00070902
0.00070902
0.00070902
0.00070902
0.00070902
0.00070902
0.00070902
0.00070902
0.00070902
0.00070902
0.00070902
0.00070902
0.00070902
0.00070902
0.00070902
0.00070902
0.00070902
0.00070902
0.00070902
0.00070902
0.00070902
0.00070902
0.00070902
0.00070902
0.00129348
0.00070902
0.00070902
0.00070902
0.00070902
0.00070902
0.00070902
0.00070902
0.00070902
0.00070902
0.00070902
0.00070902
0.00070902
0.00070902
0.00070902
0.00070902
0.00070902
0.00070902
0.00070902
0.00070902
0.00070902
0.00070902
0.00070902
0.00070902
0.00070902
0.00070902
0.00070902
0.00070902
0.00070902
0.00070902
0.00070902
0.00070902
0.00070902
0.00070902
0.00070902
0.00070902
0.00070902
0.00070902
0.00070902
0.00070902
0.00070902
0.00070902
0.00070902
0.00070902
0.00070902
0.00070902
0.00070902
0.00070902
0.00070902
0.00070902
0.00223829
0.00070902
0.00070902
0.00070902
0.00070902
0.00070902
0.00070902
0.00070902
0.00070902
0.00070902
0.00070902
0.00070902
0.00070902
0.00070902
0.00070902
0.00070902
0.00070902
0.00070902
0.00070902
0.00070902
0.00070902
0.00070902
0.00070902
0.00070902
0.00070902
0.00070902
0.00070902
0.00070902
0.00070902
0.00070902
0.00070902
0.00070902
0.00070902
0.00070902
0.00070902
0.00070902
0.00070902
0.00070902
0.00070902
0.00070902
0.00070902
0.00070902
0.00070902
0.00070902
0.00070902
0.00070902
0.00070902
0.00070902
0.00070902
0.00070902
0.00070902
0.00070902
0.00070902
0.00070902
0.00070902
0.00070902
0.00070902
0.00070902
0.00070902
0.00070902
0.00070902
0.00070902
0.00070902
0.00070902
0.00070902
0.00070902
0.00070902
0.00070902
0.00070902
0.00070902
0.00070902
0.00070902
0.00070902
0.00070902
0.00070902
0.00070902
0.00070902
0.00070902
0.00070902
0.00070902
0.00070902
0.00070902
0.00070902
0.00070902
0.00070902
0.00070902
0.00070902
0.00070902
0.00070902
0.00070902
0.00070902
0.00070902
0.00070902
0.00070902
0.00070902
0.00070902
0.00070902
0.00070902
0.00070902
0.00070902
0.00070902
0.00070902
0.00070902
0.00070902
0.00070902
0.00070902
0.00070902
0.00070902
0.00070902
0.00070902
0.00070902
0.00070902
0.00070902
0.00070902
0.00070902
0.00070902
0.00070902
0.00070902
0.00070902
0.00070902
0.00070902
0.00070902
0.00070902
0.00070902
0.00070902
0.00070902
0.00070902
0.00070902
0.00070902
0.00070902
0.00070902
0.00070902
0.00070902
0.00070902
0.00070902
0.00070902
0.00070902
0.0015402
0.00070902
0.00070902
0.00070902
0.00070902
0.00070902
0.00070902
0.00070902
0.00070902
0.00070902
0.00070902
0.00070902
0.00070902
0.00070902
0.00070902
0.00070902
0.00070902
0.00070902
0.00070902
0.00070902
0.00070902
0.00070902
0.00070902
0.00070902
0.00070902
0.00070902
0.00070902
0.000899902
0.00070902
0.00070902
0.00070902
0.00070902
0.00070902
0.00070902
0.00070902
0.00070902
0.00070902
0.00070902
0.00070902
0.00070902
0.00070902
0.00070902
0.00156712
0.00070902
0.00070902
0.00070902
0.00070902
0.00070902
0.00070902
0.00070902
0.00070902
0.00070902
0.00070902
0.00070902
0.00070902
0.00070902
0.00070902
0.00070902
0.00070902
0.00070902
0.00070902
0.00070902
0.00070902
0.00070902
0.00070902
0.00070902
0.00070902
0.00070902
0.00070902
0.00070902
0.00070902
0.00070902
0.00070902
0.00070902
0.00070902
0.00070902
0.00070902
0.00070902
0.00070902
0.00070902
0.00070902
0.00070902
0.00070902
0.00070902
0.00070902
0.00070902
0.00070902
0.00070902
0.00070902
0.00070902
0.00070902
0.00070902
0.00070902
0.00070902
0.00070902
0.00070902
0.00070902
0.00070902
0.00070902
0.00070902
0.00070902
0.00070902
0.00070902
0.00070902
0.00070902
0.00070902
0.00070902
0.00070902
0.00070902
0.00070902
0.00070902
0.00070902
0.00070902
0.00070902
0.00070902
0.00070902
0.00070902
0.00070902
0.00070902
0.00070902
0.00070902
0.00070902
0.00070902
0.00070902
0.00070902
0.00070902
0.00070902
0.00070902
0.00070902
0.00070902
0.00070902
0.00070902
0.00070902
0.00070902
0.00070902
0.00070902
0.00070902
0.00070902
0.00070902
0.00070902
0.00070902
0.00070902
0.00070902
0.00070902
0.00070902
0.00070902
0.00070902
0.00070902
0.00202749
0.00070902
0.00070902
0.00070902
0.00070902
0.00070902
0.00070902
0.00070902
0.00070902
0.00070902
0.00070902
0.00070902
0.00070902
0.00070902
0.00070902
0.00070902
0.00070902
0.00070902
0.00070902
0.00070902
0.00070902
0.00070902
0.00070902
0.00070902
0.00070902
0.00070902
0.00070902
0.00070902
0.00070902
0.00070902
0.00070902
0.00070902
0.00070902
0.00070902
0.00070902
0.00070902
0.00070902
0.00070902
0.000942398
0.00139297
0.00151762
0.00137599
0.00134083
0.00133177
0.00132999
0.00132956
0.00132945
0.00132942
0.00132941
0.00132941
0.00132941
0.00132941
0.00132941
0.00132941
0.00132941
0.00132941
0.00132941
0.00132941
0.00132941
0.00132941
0.00132941
0.00132941
0.00132941
0.00132941
0.00132941
0.00132941
0.00132941
0.00132941
0.00132941
0.00132941
0.00132941
0.00132941
0.00132941
0.00132941
0.00132941
0.00132941
0.00132941
0.00132941
0.00132941
0.00132941
0.00132941
0.00132941
0.00132941
0.00132941
0.00132941
0.00132941
0.00132941
0.00132941
0.00132941
0.00132941
0.00132941
0.00132941
0.00132941
0.00132941
0.00132941
0.00132941
0.00132941
0.00132941
0.00132941
0.00132941
0.00132941
0.00132941
0.00132941
0.00132941
0.00132941
0.00132941
0.00132941
0.00132941
0.00132941
0.00132941
0.00132941
0.00132941
0.00132941
0.00132941
0.00132941
0.00132941
0.00132941
0.00132941
0.00132941
0.00132941
0.00132941
0.00132941
0.00132941
0.00132941
0.00132941
0.00132941
0.00132941
0.00132941
0.00132941
0.00132941
0.00132941
0.00132939
0.00132934
0.00132911
0.00132817
0.00132441
0.00130922
0.00124788
0.00100019
0.0321919
