0.7
0.118783
0.057212
0.0242856
0.000745601
0.000745601
0.000745601
0.000745601
0.000745601
0.000745601
0.000745601
0.000812502
0.000745601
0.000745601
0.000745601
0.000745601
0.000745601
0.000745601
0.000745601
0.000745601
0.000745601
0.000745601
0.000745601
0.000745601
0.000745601
0.000745601
0.000745601
0.000745601
0.000745601
0.00113266
0.000745601
0.000745601
0.00114659
0.000745601
0.000745601
0.000745601
0.000745601
0.000745601
0.000745601
0.000745601
0.000745601
0.000745601
0.000745601
0.000745601
0.000745601
0.000745601
0.000745601
0.000745601
0.000745601
0.000745601
0.000745601
0.000745601
0.000745601
0.000745601
0.000745601
0.000745601
0.000745601
0.000745601
0.000745601
0.000745601
0.000745601
0.000745601
0.000745601
0.000745601
0.000745601
0.000745601
0.000745601
0.000745601
0.000745601
0.000745601
0.000745601
0.000745601
0.000745601
0.000745601
0.000745601
0.000745601
0.000745601
0.000745601
0.000745601
0.000745601
0.000745601
0.000745601
0.000745601
0.000745601
0.000745601
0.000745601
0.000745601
0.000745601
0.000745601
0.000745601
0.000745601
0.000745601
0.000745601
0.000745601
0.000745601
0.000745601
0.000745601
0.000745601
0.000745601
0.000745601
0.000745601
0.000745601
0.000745601
0.000745601
0.000745601
0.000745601
0.000745601
0.000745601
0.000745601
0.000745601
0.000745601
0.000745601
0.000745601
0.000745601
0.000745601
0.000745601
0.000745601
0.000745601
0.000745601
0.000745601
0.000745601
0.000745601
0.000745601
0.000745601
0.000745601
0.000745601
0.000745601
0.000745601
0.000745601
0.000745601
0.000745601
0.000745601
0.000745601
0.000745601
0.000745601
0.000745601
0.000745601
0.000745601
0.000745601
0.000745601
0.000745601
0.000745601
0.000745601
0.000745601
0.000745601
0.000745601
0.000745601
0.000745601
0.000745601
0.000745601
0.000745601
0.000745601
0.000745601
0.000745601
0.000745601
0.000745601
0.000745601
0.000745601
0.000745601
0.000745601
0.000745601
0.000745601
0.000745601
0.000745601
0.000745601
0.000745601
0.000745601
0.000745601
0.000745601
0.000745601
0.000745601
0.000745601
0.000745601
0.000745601
0.000745601
0.000745601
0.000745601
0.000745601
0.000745601
0.000745601
0.000745601
0.000745601
0.000745601
0.000745601
0.000745601
0.000745601
0.000745601
0.000745601
0.000745601
0.000745601
0.000745601
0.000745601
0.000745601
0.000745601
0.000745601
0.000745601
0.000745601
0.000745601
0.000745601
0.000745601
0.000745601
0.000745601
0.000745601
0.000745601
0.000745601
0.000745601
0.000745601
0.000745601
0.000745601
0.000745601
0.000745601
0.000745601
0.000745601
0.000745601
0.000745601
0.000745601
0.000745601
0.000745601
0.000745601
0.000745601
0.000745601
0.000745601
0.000745601
0.000745601
0.000745601
0.000745601
0.000745601
0.000745601
0.000745601
0.000745601
0.000745601
0.000745601
0.000745601
0.000745601
0.000745601
0.000745601
0.000745601
0.000745601
0.000745601
0.000745601
0.000745601
0.000745601
0.000745601
0.000745601
0.000745601
0.000745601
0.000745601
0.000745601
0.000745601
0.000745601
0.000745601
0.000745601
0.000745601
0.000745601
0.000745601
0.000745601
0.000745601
0.000745601
0.000745601
0.000745601
0.000745601
0.000745601
0.000745601
0.000745601
0.000745601
0.000745601
0.000745601
0.000745601
0.000803593
0.000745601
0.000745601
0.000745601
0.000745601
0.000745601
0.00262668
0.000745601
0.000745601
0.000745601
0.000745601
0.000745601
0.000745601
0.000745601
0.000745601
0.000745601
0.000745601
0.000745601
0.000745601
0.000745601
0.000745601
0.000745601
0.000745601
0.000955716
0.000745601
0.000745601
0.000745601
0.000745601
0.000745601
0.000745601
0.000745601
0.000745601
0.000745601
0.000745601
0.000745601
0.000745601
0.000745601
0.000745601
0.000745601
0.000745601
0.000745601
0.000745601
0.000745601
0.000745601
0.000745601
0.000745601
0.000745601
0.000745601
0.000745601
0.000745601
0.000745601
0.000745601
0.000745601
0.000745601
0.000745601
0.000745601
0.000745601
0.000745601
0.000745601
0.000745601
0.000745601
0.000745601
0.000745601
0.000745601
0.000745601
0.000745601
0.000745601
0.000745601
0.000745601
0.000745601
0.000745601
0.000745601
0.000745601
0.000745601
0.000745601
0.000745601
0.000745601
0.000745601
0.000745601
0.000745601
0.000745601
0.000745601
0.000745601
0.000745601
0.000745601
0.000745601
0.000745601
0.000745601
0.000745601
0.000745601
0.000745601
0.000745601
0.000745601
0.000745601
0.000745601
0.00544864
0.000745601
0.000745601
0.000745601
0.000745601
0.000745601
0.000745601
0.000745601
0.000745601
0.000745601
0.000745601
0.000745601
0.000745601
0.000745601
0.000745601
0.000745601
0.000745601
0.000745601
0.000745601
0.000745601
0.000745601
0.000745601
0.000745601
0.000745601
0.000745601
0.000745601
0.000745601
0.000745601
0.000745601
0.000745601
0.000745601
0.000745601
0.000745601
0.000745601
0.000745601
0.000745601
0.000745601
0.000745601
0.000745601
0.000745601
0.000745601
0.000745601
0.000745601
0.000745601
0.000745601
0.000745601
0.000745601
0.000745601
0.000745601
0.000745601
0.000745601
0.000745601
0.000745601
0.000745601
0.000745601
0.000745601
0.000745601
0.000745601
0.000745601
0.000745601
0.000745601
0.000745601
0.000745601
0.000745601
0.000745601
0.000745601
0.000745601
0.000745601
0.000745601
0.000745601
0.000745601
0.000745601
0.000745601
0.000745601
0.000745601
0.000745601
0.000745601
0.000745601
0.000745601
0.000745601
0.000745601
0.000745601
0.000745601
0.000745601
0.000745601
0.000745601
0.000745601
0.000745601
0.000745601
0.000745601
0.000745601
0.000745601
0.000745601
0.000745601
0.000745601
0.000745601
0.000745601
0.000745601
0.000745601
0.000745601
0.000745601
0.000745601
0.000745601
0.000745601
0.000745601
0.000745601
0.000745601
0.000745601
0.000745601
0.000745601
0.000745601
0.000745601
0.000745601
0.000745601
0.00116402
0.000745601
0.000745601
0.000745601
0.000745601
0.000745601
0.000745601
0.000745601
0.000745601
0.000745601
0.000745601
0.000745601
0.000745601
0.000745601
0.000745601
0.000745601
0.000745601
0.000745601
0.000745601
0.000745601
0.000745601
0.000745601
0.000745601
0.000745601
0.000745601
0.000745601
0.000745601
0.000745601
0.000745601
0.000745601
0.000745601
0.000745601
0.000745601
0.000745601
0.000745601
0.000745601
0.000745601
0.000745601
0.000745601
0.000745601
0.000745601
0.000745601
0.000745601
0.000745601
0.000745601
0.000745601
0.000745601
0.000745601
0.000745601
0.000745601
0.000745601
0.000745601
0.00349199
0.000745601
0.000745601
0.000745601
0.000745601
0.000745601
0.000745601
0.000745601
0.000745601
0.000745601
0.000745601
0.000745601
0.000745601
0.000745601
0.000745601
0.000745601
0.000745601
0.000745601
0.000745601
0.000745601
0.000745601
0.000745601
0.000745601
0.000745601
0.000745601
0.000745601
0.000745601
0.000745601
0.000745601
0.00101915
0.000745601
0.000745601
0.000745601
0.000745601
0.000745601
0.000745601
0.000745601
0.000745601
0.000745601
0.000745601
0.000745601
0.000745601
0.000745601
0.000745601
0.000745601
0.000745601
0.000745601
0.000745601
0.000745601
0.000745601
0.000745601
0.000745601
0.000745601
0.000745601
0.000745601
0.000745601
0.000745601
0.000745601
0.000745601
0.000745601
0.000745601
0.000745601
0.000745601
0.000745601
0.000745601
0.000745601
0.000745601
0.000745601
0.000745601
0.000745601
0.000745601
0.000745601
0.000745601
0.000745601
0.000745601
0.000745601
0.000745601
0.000745601
0.000745601
0.000745601
0.000745601
0.000745601
0.000745601
0.000745601
0.000745601
0.000745601
0.000745601
0.000745601
0.000745601
0.000745601
0.000745601
0.000745601
0.000745601
0.000745601
0.000745601
0.000745601
0.000745601
0.000745601
0.000745601
0.000745601
0.000745601
0.000745601
0.000745601
0.000745601
0.000745601
0.000745601
0.000745601
0.000745601
0.000745601
0.000745601
0.000745601
0.000745601
0.000745601
0.000745601
0.000745601
0.000745601
0.000745601
0.000745601
0.000745601
0.000745601
0.000745601
0.000745601
0.000868833
0.000745601
0.000745601
0.000745601
0.000745601
0.000745601
0.000745601
0.000745601
0.000745601
0.000745601
0.000745601
0.000745601
0.000745601
0.000745601
0.000745601
0.000745601
0.000745601
0.000745601
0.000745601
0.000745601
0.000745601
0.000745601
0.000745601
0.000745601
0.000745601
0.000745601
0.000745601
0.00113736
0.000745601
0.000745601
0.000745601
0.000745601
0.000745601
0.000745601
0.000745601
0.000745601
0.000745601
0.000745601
0.000745601
0.000745601
0.000745601
0.000745601
0.000745601
0.000745601
0.000745601
0.000745601
0.000745601
0.000745601
0.000745601
0.000745601
0.000745601
0.000745601
0.000745601
0.000745601
0.000745601
0.000745601
0.000745601
0.000745601
0.000745601
0.000745601
0.000745601
0.000745601
0.000745601
0.000745601
0.000745601
0.000745601
0.000745601
0.000745601
0.000745601
0.000745601
0.000745601
0.000745601
0.000745601
0.000745601
0.000745601
0.000745601
0.000745601
0.000745601
0.0015711
0.000745601
0.000745601
0.000745601
0.000745601
0.000745601
0.000745601
0.000745601
0.000745601
0.000745601
0.000745601
0.000745601
0.000745601
0.000745601
0.000745601
0.000745601
0.000745601
0.000745601
0.000745601
0.000745601
0.000745601
0.000745601
0.000745601
0.000745601
0.000745601
0.000745601
0.000745601
0.000745601
0.000745601
0.000745601
0.000745601
0.000745601
0.000745601
0.000745601
0.000745601
0.000745601
0.000745601
0.000745601
0.000745601
0.000745601
0.000745601
0.000745601
0.000745601
0.000745601
0.00132266
0.000745601
0.000745601
0.000745601
0.000745601
0.000745601
0.000745601
0.000745601
0.000745601
0.000745601
0.000745601
0.000745601
0.000745601
0.000745601
0.000745601
0.000745601
0.000745601
0.000745601
0.000745601
0.000745601
0.000745601
0.000745601
0.000745601
0.000745601
0.000745601
0.000745601
0.000745601
0.000745601
0.000745601
0.000745601
0.000745601
0.000745601
0.000745601
0.000745601
0.000745601
0.000745601
0.000745601
0.000745601
0.000745601
0.000745601
0.000745601
0.000745601
0.000745601
0.000745601
0.000745601
0.000745601
0.000745601
0.000745601
0.000745601
0.000745601
0.000745601
0.000745601
0.000745601
0.000745601
0.000745601
0.000745601
0.000745601
0.000745601
0.000745601
0.000745601
0.00249457
0.000745601
0.000745601
0.000745601
0.000745601
0.000745601
0.000745601
0.000745601
0.000745601
0.000745601
0.000745601
0.000745601
0.000745601
0.00202296
0.000745601
0.000745601
0.000745601
0.000745601
0.000745601
0.000745601
0.000745601
0.000745601
0.000745601
0.000745601
0.000745601
0.000745601
0.000745601
0.000745601
0.000745601
0.000745601
0.000745601
0.000745601
0.000745601
0.000745601
0.000745601
0.000745601
0.000745601
0.000745601
0.000745601
0.000745601
0.000745601
0.000745601
0.000745601
0.000745601
0.000745601
0.000745601
0.000745601
0.000745601
0.00126581
0.000745601
0.000745601
0.000745601
0.000745601
0.000745601
0.000745601
0.000745601
0.000745601
0.000745601
0.000745601
0.000745601
0.000745601
0.000745601
0.000745601
0.000745601
0.000745601
0.000745601
0.000745601
0.000745601
0.000745601
0.000745601
0.000745601
0.000745601
0.000745601
0.000745601
0.000745601
0.000745601
0.000745601
0.000745601
0.000745601
0.000745601
0.000745601
0.000745601
0.000745601
0.000745601
0.000745601
0.000745601
0.000745601
0.000745601
0.000745601
0.000745601
0.000745601
0.000745601
0.000745601
0.000745601
0.000745601
0.000745601
0.000745601
0.000745601
0.000745601
0.000745601
0.000745601
0.000745601
0.000745601
0.000745601
0.000745601
0.000745601
0.000745601
0.000745601
0.000745601
0.000745601
0.000745601
0.000745601
0.000745601
0.000745601
0.000745601
0.000745601
0.000745601
0.000745601
0.000745601
0.000745601
0.000745601
0.000745601
0.000745601
0.000745601
0.000745601
0.000745601
0.000991021
0.00146484
0.00159593
0.00144699
0.00141001
0.00140048
0.00139862
0.00139815
0.00139804
0.00139801
0.001398
0.001398
0.001398
0.001398
0.001398
0.001398
0.001398
0.001398
0.001398
0.001398
0.001398
0.001398
0.001398
0.001398
0.001398
0.001398
0.001398
0.001398
0.001398
0.001398
0.001398
0.001398
0.001398
0.00139798
0.00139792
0.00139768
0.0013967
0.00139274
0.00137677
0.00131227
0.0010518
0.0142808
