0.7
0.12577
0.0602309
0.0219978
0.000777766
0.000777766
0.000777766
0.000777766
0.000777766
0.000777766
0.000777766
0.000777766
0.000777766
0.000777766
0.000777766
0.000777766
0.000777766
0.000777766
0.000777766
0.000777766
0.000777766
0.000777766
0.000777766
0.000777766
0.000777766
0.000777766
0.000777766
0.000777766
0.000777766
0.000777766
0.000777766
0.000777766
0.000777766
0.000777766
0.000777766
0.000777766
0.000777766
0.000777766
0.000777766
0.000777766
0.000777766
0.000777766
0.000777766
0.000777766
0.000777766
0.000777766
0.000777766
0.000777766
0.000777766
0.000777766
0.000777766
0.000777766
0.000777766
0.000777766
0.000777766
0.000777766
0.000777766
0.000777766
0.000777766
0.000777766
0.000777766
0.000777766
0.000777766
0.000777766
0.000777766
0.000777766
0.000777766
0.000777766
0.000777766
0.000777766
0.000777766
0.000777766
0.000777766
0.000777766
0.000777766
0.000777766
0.000777766
0.000777766
0.000777766
0.000777766
0.000777766
0.000777766
0.000777766
0.000777766
0.000777766
0.000777766
0.000777766
0.000777766
0.000777766
0.000777766
0.000777766
0.000777766
0.000777766
0.00098757
0.000777766
0.000777766
0.000777766
0.000777766
0.000777766
0.000777766
0.000777766
0.000777766
0.000777766
0.000777766
0.000777766
0.000777766
0.000777766
0.000777766
0.000777766
0.000777766
0.000777766
0.000777766
0.000777766
0.000777766
0.0016
0.000777766
0.000777766
0.000777766
0.000777766
0.000777766
0.000777766
0.000777766
0.000777766
0.000777766
0.000777766
0.000777766
0.000777766
0.000777766
0.00218255
0.00128677
0.000777766
0.000777766
0.000777766
0.000777766
0.000777766
0.000777766
0.000777766
0.000777766
0.000777766
0.000777766
0.000777766
0.000777766
0.000777766
0.000777766
0.000777766
0.000777766
0.000777766
0.000777766
0.000777766
0.000777766
0.000777766
0.000777766
0.000777766
0.000777766
0.000777766
0.000777766
0.000777766
0.000777766
0.000777766
0.000777766
0.000777766
0.000777766
0.000777766
0.000777766
0.000777766
0.000777766
0.000777766
0.000777766
0.000777766
0.000777766
0.000777766
0.000777766
0.000777766
0.000777766
0.000777766
0.000777766
0.000777766
0.000777766
0.000777766
0.000777766
0.000777766
0.000777766
0.000777766
0.000777766
0.000777766
0.000777766
0.000777766
0.000777766
0.000777766
0.000777766
0.000777766
0.000777766
0.000777766
0.000777766
0.000777766
0.000777766
0.000777766
0.000777766
0.000777766
0.000777766
0.000777766
0.000777766
0.000777766
0.000777766
0.000777766
0.000777766
0.000777766
0.000777766
0.000777766
0.000777766
0.000777766
0.000777766
0.000777766
0.000777766
0.000777766
0.000777766
0.000777766
0.000777766
0.000777766
0.000777766
0.000777766
0.000777766
0.00121479
0.000777766
0.000777766
0.000777766
0.000895562
0.000777766
0.000777766
0.000777766
0.000777766
0.000777766
0.000777766
0.000777766
0.000777766
0.000777766
0.000777766
0.000777766
0.000777766
0.000777766
0.000777766
0.000777766
0.000777766
0.000777766
0.000777766
0.000777766
0.000777766
0.000777766
0.000777766
0.000777766
0.000777766
0.00104609
0.000777766
0.000777766
0.000777766
0.000777766
0.000777766
0.000777766
0.000777766
0.000777766
0.000777766
0.00124816
0.000777766
0.000777766
0.000777766
0.000777766
0.000777766
0.000777766
0.000777766
0.000777766
0.000777766
0.000777766
0.000777766
0.000777766
0.000777766
0.000777766
0.000777766
0.000777766
0.000777766
0.000777766
0.000777766
0.000777766
0.000777766
0.000777766
0.000777766
0.000777766
0.000777766
0.000777766
0.000777766
0.000777766
0.000777766
0.000777766
0.000777766
0.000777766
0.000777766
0.000777766
0.000777766
0.000777766
0.000777766
0.000777766
0.000777766
0.000777766
0.000777766
0.000777766
0.000777766
0.000777766
0.000777766
0.000777766
0.000777766
0.000777766
0.000777766
0.000777766
0.000777766
0.000777766
0.000777766
0.000777766
0.000777766
0.000777766
0.000777766
0.000777766
0.000777766
0.000777766
0.000777766
0.000777766
0.000777766
0.000777766
0.000777766
0.000777766
0.000777766
0.000777766
0.000777766
0.000777766
0.000777766
0.000777766
0.000777766
0.000777766
0.000777766
0.000777766
0.000777766
0.000777766
0.000777766
0.000777766
0.000777766
0.000777766
0.000777766
0.000777766
0.000777766
0.000777766
0.000777766
0.000777766
0.000777766
0.000777766
0.000777766
0.000777766
0.000777766
0.000777766
0.000777766
0.000777766
0.000777766
0.000777766
0.000777766
0.000777766
0.000777766
0.000777766
0.000777766
0.000777766
0.000777766
0.000777766
0.000777766
0.000777766
0.000777766
0.000777766
0.000777766
0.000777766
0.0019688
0.000777766
0.000777766
0.000777766
0.000777766
0.000777766
0.000777766
0.000777766
0.000777766
0.000777766
0.000777766
0.000777766
0.000777766
0.000777766
0.000777766
0.000777766
0.000777766
0.000777766
0.000777766
0.000777766
0.000777766
0.000777766
0.000777766
0.000777766
0.000777766
0.000777766
0.000777766
0.000777766
0.000777766
0.000777766
0.000777766
0.000777766
0.000777766
0.000777766
0.000777766
0.000777766
0.000777766
0.000777766
0.000777766
0.000777766
0.000777766
0.000777766
0.000777766
0.000777766
0.000777766
0.000777766
0.000777766
0.000777766
0.000777766
0.000777766
0.000777766
0.000777766
0.000777766
0.000777766
0.000777766
0.000777766
0.000777766
0.000777766
0.000777766
0.000777766
0.000777766
0.000777766
0.000777766
0.000777766
0.000777766
0.000777766
0.000777766
0.000777766
0.000777766
0.000777766
0.000777766
0.000777766
0.000777766
0.000777766
0.000777766
0.000777766
0.000777766
0.000777766
0.000777766
0.000777766
0.000777766
0.000777766
0.000777766
0.000777766
0.000777766
0.000777766
0.000777766
0.000777766
0.000777766
0.000777766
0.000777766
0.000777766
0.000777766
0.000777766
0.000777766
0.000777766
0.000777766
0.000777766
0.000777766
0.000777766
0.000777766
0.000777766
0.000777766
0.000777766
0.000777766
0.000777766
0.000777766
0.000777766
0.000777766
0.000777766
0.000777766
0.000777766
0.000777766
0.000777766
0.000777766
0.000777766
0.000777766
0.000777766
0.000777766
0.000777766
0.000777766
0.000777766
0.000777766
0.000777766
0.000777766
0.000777766
0.000777766
0.000777766
0.000777766
0.000777766
0.000777766
0.000777766
0.000777766
0.000777766
0.000777766
0.000777766
0.000777766
0.000777766
0.000777766
0.000777766
0.000777766
0.000777766
0.000777766
0.000777766
0.00100756
0.000777766
0.000777766
0.000777766
0.000777766
0.000777766
0.000777766
0.000777766
0.000777766
0.00195864
0.000777766
0.000777766
0.000777766
0.000777766
0.000777766
0.000777766
0.000777766
0.000777766
0.000777766
0.000777766
0.000777766
0.000777766
0.000777766
0.000777766
0.000777766
0.000777766
0.000777766
0.000777766
0.000777766
0.000777766
0.000777766
0.000777766
0.000777766
0.000777766
0.000777766
0.000777766
0.000777766
0.000777766
0.000777766
0.000777766
0.000777766
0.000777766
0.000777766
0.000777766
0.000777766
0.000777766
0.000777766
0.000777766
0.000777766
0.000777766
0.000777766
0.000777766
0.000777766
0.000777766
0.000777766
0.000777766
0.000777766
0.000777766
0.000777766
0.000777766
0.000777766
0.000777766
0.000777766
0.000777766
0.000777766
0.000777766
0.000777766
0.000777766
0.000777766
0.000777766
0.000777766
0.000777766
0.000777766
0.000777766
0.000777766
0.000777766
0.000777766
0.000777766
0.000777766
0.000777766
0.000777766
0.000777766
0.000777766
0.000777766
0.000777766
0.000777766
0.000777766
0.000777766
0.000777766
0.000777766
0.000777766
0.000777766
0.000777766
0.000777766
0.000777766
0.000777766
0.000777766
0.000777766
0.000777766
0.000777766
0.000777766
0.000777766
0.000777766
0.000777766
0.000777766
0.000777766
0.000777766
0.000777766
0.000777766
0.000777766
0.000777766
0.000777766
0.000777766
0.000777766
0.000777766
0.000777766
0.000777766
0.000777766
0.000777766
0.000777766
0.000777766
0.000777766
0.000777766
0.000777766
0.000777766
0.000777766
0.000777766
0.000777766
0.000777766
0.000777766
0.000777766
0.000777766
0.000777766
0.000777766
0.000777766
0.000777766
0.000777766
0.000777766
0.000777766
0.000777766
0.000777766
0.000777766
0.000777766
0.000777766
0.000777766
0.000777766
0.000777766
0.000777766
0.000777766
0.000777766
0.000777766
0.000777766
0.000777766
0.000777766
0.000777766
0.000777766
0.000777766
0.000777766
0.000777766
0.000777766
0.000777766
0.000777766
0.000777766
0.000777766
0.000777766
0.000777766
0.000777766
0.000777766
0.000777766
0.000777766
0.000777766
0.000777766
0.000777766
0.000777766
0.000777766
0.000777766
0.000777766
0.000777766
0.000777766
0.000777766
0.000777766
0.000777766
0.000777766
0.000777766
0.000777766
0.000777766
0.000777766
0.000777766
0.000777766
0.000777766
0.000777766
0.000777766
0.000777766
0.000777766
0.000777766
0.000777766
0.000777766
0.000777766
0.000777766
0.000777766
0.000777766
0.000777766
0.000777766
0.000777766
0.000777766
0.000777766
0.000777766
0.000777766
0.000777766
0.000777766
0.000777766
0.000777766
0.000777766
0.000777766
0.000777766
0.000777766
0.000777766
0.000777766
0.000777766
0.000777766
0.000777766
0.000777766
0.000777766
0.000777766
0.000777766
0.000777766
0.000777766
0.000777766
0.000777766
0.000777766
0.000777766
0.000777766
0.000777766
0.000777766
0.000777766
0.000777766
0.000777766
0.000777766
0.000777766
0.000777766
0.000777766
0.000777766
0.000777766
0.000777766
0.000777766
0.000777766
0.000777766
0.000777766
0.000777766
0.000777766
0.000777766
0.000777766
0.000777766
0.000777766
0.000777766
0.000777766
0.000777766
0.00168061
0.000777766
0.000777766
0.000777766
0.000777766
0.000777766
0.000777766
0.000777766
0.000777766
0.000777766
0.000777766
0.000777766
0.000777766
0.000777766
0.000777766
0.000777766
0.000777766
0.000777766
0.000777766
0.000777766
0.000777766
0.000777766
0.000777766
0.000777766
0.000777766
0.000777766
0.000777766
0.000777766
0.000777766
0.000777766
0.000777766
0.000777766
0.000777766
0.000777766
0.000777766
0.000777766
0.000777766
0.000777766
0.000777766
0.000777766
0.000777766
0.000777766
0.000777766
0.000777766
0.000777766
0.000777766
0.000777766
0.000777766
0.000777766
0.000777766
0.000777766
0.000777766
0.000777766
0.000777766
0.000777766
0.000777766
0.000777766
0.000777766
0.000777766
0.000777766
0.000777766
0.000777766
0.000777766
0.000777766
0.000777766
0.000777766
0.000777766
0.000777766
0.000777766
0.000777766
0.000777766
0.000777766
0.000777766
0.000777766
0.000777766
0.000777766
0.000777766
0.000905028
0.00083221
0.000777766
0.000777766
0.000777766
0.000777766
0.000777766
0.000777766
0.000777766
0.000777766
0.000777766
0.000777766
0.000777766
0.000777766
0.000777766
0.000777766
0.000777766
0.000777766
0.000777766
0.000777766
0.000777766
0.000777766
0.000777766
0.000777766
0.000777766
0.000777766
0.000777766
0.000777766
0.000777766
0.000777766
0.000777766
0.000777766
0.000777766
0.000777766
0.000777766
0.000777766
0.000777766
0.000777766
0.000777766
0.000777766
0.000777766
0.000777766
0.00259806
0.000777766
0.000777766
0.000777766
0.000777766
0.000777766
0.000777766
0.000777766
0.000777766
0.000777766
0.000777766
0.000777766
0.000777766
0.000777766
0.000777766
0.000777766
0.000777766
0.000777766
0.000777766
0.000777766
0.000777766
0.000777766
0.000777766
0.000777766
0.000777766
0.000777766
0.000777766
0.000777766
0.000777766
0.000777766
0.000777766
0.000777766
0.000777766
0.000777766
0.000777766
0.000777766
0.000777766
0.000777766
0.000777766
0.000777766
0.000777766
0.000777766
0.000777766
0.000777766
0.000777766
0.000777766
0.000777766
0.000777766
0.00139112
0.000777766
0.000777766
0.000777766
0.000777766
0.000777766
0.000777766
0.000777766
0.000777766
0.000777766
0.000777766
0.000777766
0.000777766
0.000777766
0.000777766
0.000777766
0.000777766
0.000777766
0.000777766
0.000777766
0.000777766
0.000777766
0.000777766
0.000777766
0.000777766
0.000777766
0.000777766
0.000777766
0.000777766
0.000777766
0.000777766
0.00125466
0.000777766
0.000777766
0.000777766
0.000777766
0.000777766
0.000777766
0.000777766
0.000777766
0.000777766
0.000777766
0.000777766
0.000777766
0.000777766
0.000777766
0.000777766
0.000777766
0.000777766
0.000777766
0.000777766
0.000777766
0.00103446
0.00152698
0.00165924
0.00148727
0.00138149
0.00110011
0.0029875
