0.7
0.0325733
0.00977199
0.00977199
0.00977199
0.00977199
0.00977199
0.00977199
0.00977199
0.00977199
0.00977199
0.00977199
0.00977199
0.00977199
0.00977199
0.00977199
0.00977199
0.00977199
0.00977199
0.00977199
0.00977199
0.00977199
0.00977199
0.00977199
0.00977199
0.00977199
0.00977199
0.00977199
0.00977199
0.00977199
0.00977199
0.00977199
0.00977199
0.00977199
0.00977199
0.00977199
0.00977199
0.00977199
0.00977199
0.00977199
0.00977199
0.00977199
0.00977199
0.00977199
0.00977199
0.00977199
0.00977199
0.00977199
0.00977199
0.00977199
0.00977199
0.00977199
0.00977199
0.00977199
0.00977199
0.00977199
0.00977199
0.00977199
0.00977199
0.00977199
0.00977199
0.00977199
0.00977199
0.00977199
0.00977199
0.00977199
0.00977199
0.00977199
0.00977199
0.00977199
0.00977199
0.00977199
0.00977199
0.00977199
0.00977199
0.00977199
0.00977199
0.00977199
0.00977199
0.00977199
0.00977199
0.00977199
0.00977199
0.00977199
0.00977199
0.00977199
0.00977199
0.00977199
0.00977199
0.00977199
0.00977199
0.00977199
0.00977199
0.00977199
0.00977199
0.00977199
0.00977199
0.00977199
0.00977199
0.00977199
0.00977199
