0.7
0.00833333
0.00833333
0.00833333
0.00833333
0.00833333
0.00833333
0.00833333
0.00833333
0.00833333
0.00833333
0.00833333
0.00833333
0.00833333
0.00833333
0.00833333
0.00833333
0.00833333
0.00833333
0.00833333
0.00833333
0.00833333
0.00833333
0.00833333
0.00833333
0.00833333
0.00833333
0.00833333
0.00833333
0.00833333
0.00833333
0.00833333
0.00833333
0.00833333
0.00833333
0.00833333
0.00833333
0.00833333
0.00833333
0.00833333
0.00833333
0.00833333
0.00833333
0.00833333
0.00833333
0.00833333
0.00833333
0.00833333
0.00833333
0.00833333
0.00833333
0.00833333
0.00833333
0.00833333
0.00833333
0.00833333
0.00833333
0.00833333
0.00833333
0.00833333
0.00833333
0.00833333
0.00833333
0.00833333
0.00833333
0.00833333
0.00833333
0.00833333
0.00833333
0.00833333
0.00833333
0.00833333
0.00833333
0.00833333
0.00833333
0.00833333
0.00833333
0.00833333
0.00833333
0.00833333
0.00833333
0.00833333
0.00833333
0.00833333
0.00833333
0.00833333
0.00833333
0.00833333
0.00833333
0.00833333
0.00833333
0.00833333
0.00833333
0.00833333
0.00833333
0.00833333
0.00833333
0.00833333
0.00833333
0.00833333
0.00833333
0.00833333
0.00833333
0.00833333
0.00833333
0.00833333
0.00833333
0.00833333
0.00833333
0.00833333
0.00833333
0.00833333
0.00833333
0.00833333
0.00833333
0.00833333
0.00833333
0.00833333
0.00833333
0.00833333
0.00833333
