0.7
0.00714286
0.00714286
0.00714286
0.00714286
0.00714286
0.00714286
0.00714286
0.00714286
0.00714286
0.00714286
0.00714286
0.00714286
0.00714286
0.00714286
0.00714286
0.00714286
0.00714286
0.00714286
0.00714286
0.00714286
0.00714286
0.00714286
0.00714286
0.00714286
0.00714286
0.00714286
0.00714286
0.00714286
0.00714286
0.00714286
0.00714286
0.00714286
0.00714286
0.00714286
0.00714286
0.00714286
0.00714286
0.00714286
0.00714286
0.00714286
0.00714286
0.00714286
0.00714286
0.00714286
0.00714286
0.00714286
0.00714286
0.00714286
0.00714286
0.00714286
0.00714286
0.00714286
0.00714286
0.00714286
0.00714286
0.00714286
0.00714286
0.00714286
0.00714286
0.00714286
0.00714286
0.00714286
0.00714286
0.00714286
0.00714286
0.00714286
0.00714286
0.00714286
0.00714286
0.00714286
0.00714286
0.00714286
0.00714286
0.00714286
0.00714286
0.00714286
0.00714286
0.00714286
0.00714286
0.00714286
0.00714286
0.00714286
0.00714286
0.00714286
0.00714286
0.00714286
0.00714286
0.00714286
0.00714286
0.00714286
0.00714286
0.00714286
0.00714286
0.00714286
0.00714286
0.00714286
0.00714286
0.00714286
0.00714286
0.00714286
0.00714286
0.00714286
0.00714286
0.00714286
0.00714286
0.00714286
0.00714286
0.00714286
0.00714286
0.00714286
0.00714286
0.00714286
0.00714286
0.00714286
0.00714286
0.00714286
0.00714286
0.00714286
0.00714286
0.00714286
0.00714286
0.00714286
0.00714286
0.00714286
0.00714286
0.00714286
0.00714286
0.00714286
0.00714286
0.00714286
0.00714286
0.00714286
0.00714286
0.00714286
0.00714286
0.00714286
0.00714286
0.00714286
0.00714286
0.00714286
