0.7
0.0204219
0.0204219
0.0204219
0.0204219
0.0204219
0.0204219
0.0204219
0.0204219
0.0204219
0.0204219
0.0204219
0.0204219
0.0204219
0.0204219
0.0204219
0.0204219
0.0204219
0.0204219
0.0204219
0.0204219
0.0204219
0.0204219
0.0204219
0.0204219
0.0204219
0.0195661
0.0195661
0.0195661
0.0195661
0.0195661
0.0195661
0.0195661
0.0195661
0.0195661
0.0195661
0.0195661
0.0195661
0.0198656
0.0195661
0.0195661
0.0195661
0.0195661
0.0195661
0.0195661
0.0195661
0.0195661
0.0195661
0.0195661
0.0195661
0.0195661
