0.7
0.0203423
0.0203423
0.0203423
0.0203423
0.0203423
0.0203423
0.0203423
0.0203423
0.0203423
0.0203423
0.0203423
0.0203423
0.0203423
0.0203423
0.0203423
0.0203423
0.0203423
0.0203423
0.0203423
0.0203423
0.0203423
0.0203423
0.0203423
0.0203423
0.0203423
0.0196577
0.0196577
0.0196577
0.0196577
0.0196577
0.0196577
0.0196577
0.0196577
0.0196577
0.0196577
0.0196577
0.0196577
0.0196577
0.0196577
0.0196577
0.0196577
0.0196577
0.0196577
0.0196577
0.0196577
0.0196577
0.0196577
0.0196577
0.0196577
0.0196577
