0.7
0.0636943
0.0191083
0.0191083
0.0191083
0.0191083
0.0191083
0.0191083
0.0191083
0.0191083
0.0191083
0.0191083
0.0191083
0.0191083
0.0191083
0.0191083
0.0191083
0.0191083
0.0191083
0.0191083
0.0191083
0.0191083
0.0191083
0.0191083
0.0191083
0.0191083
0.0191083
0.0191083
0.0191083
0.0191083
0.0191083
0.0191083
0.0191083
0.0191083
0.0191083
0.0191083
0.0191083
0.0191083
0.0191083
0.0191083
0.0191083
0.0191083
0.0191083
0.0191083
0.0191083
0.0191083
0.0191083
0.0191083
0.0191083
0.0191083
0.0191083
