0.7
0.0166667
0.0166667
0.0166667
0.0166667
0.0166667
0.0166667
0.0166667
0.0166667
0.0166667
0.0166667
0.0166667
0.0166667
0.0166667
0.0166667
0.0166667
0.0166667
0.0166667
0.0166667
0.0166667
0.0166667
0.0166667
0.0166667
0.0166667
0.0166667
0.0166667
0.0166667
0.0166667
0.0166667
0.0166667
0.0166667
0.0166667
0.0166667
0.0166667
0.0166667
0.0166667
0.0166667
0.0166667
0.0166667
0.0166667
0.0166667
0.0166667
0.0166667
0.0166667
0.0166667
0.0166667
0.0166667
0.0166667
0.0166667
0.0166667
0.0166667
0.0166667
0.0166667
0.0166667
0.0166667
0.0166667
0.0166667
0.0166667
0.0166667
0.0166667
0.0166667
