0.7
0.0135259
0.0135259
0.0135259
0.0135259
0.0135259
0.0135259
0.0135259
0.0135259
0.0135259
0.0135259
0.0135259
0.0135259
0.0135259
0.0135259
0.0135259
0.0135259
0.0135259
0.0135259
0.0135259
0.0135259
0.0135259
0.0135259
0.0135259
0.0135259
0.0135259
0.0135259
0.0135259
0.0135259
0.0135259
0.0135259
0.0135259
0.0135259
0.0135259
0.0135259
0.0135259
0.0135259
0.0135259
0.0132748
0.0131423
0.0131423
0.0131423
0.0131423
0.0131423
0.0131423
0.0131423
0.0131423
0.0131423
0.0131423
0.0131423
0.0131423
0.0131423
0.0131423
0.0131423
0.0131423
0.0131423
0.0131423
0.0131423
0.0131423
0.0131423
0.0131423
0.0131423
0.0131423
0.0131423
0.0131423
0.0131423
0.0131423
0.0131423
0.0131423
0.0131423
0.0131423
0.0131423
0.0131423
0.0131423
0.0131423
0.0131423
