0.7
0.0137762
0.0137762
0.0137762
0.0137762
0.0137762
0.0137762
0.0137762
0.0137762
0.0137762
0.0137762
0.0137762
0.0137762
0.0137762
0.0137762
0.0137762
0.0137762
0.0137762
0.0137762
0.0137762
0.0131812
0.0131812
0.0131812
0.0131812
0.0131812
0.0131812
0.0131812
0.0131812
0.0131812
0.0131812
0.0131812
0.0131812
0.0131812
0.0131812
0.0131812
0.0131812
0.0131812
0.0131812
0.0131812
0.0131812
0.0131812
0.0131812
0.0131812
0.0131812
0.0131812
0.0131812
0.0131812
0.0131812
0.0131812
0.0131812
0.0131812
0.0131812
0.0131812
0.0131812
0.0131812
0.0131812
0.0131812
0.0132867
0.0131812
0.0131812
0.0131812
0.0131812
0.0131812
0.0131812
0.0131812
0.0131812
0.0131812
0.0131812
0.0131812
0.0131812
0.0131812
0.0131812
0.0131812
0.0131812
0.0131812
0.0131812
