0.7
0.0133843
0.0133843
0.0133843
0.0133843
0.0133843
0.0133843
0.0133843
0.0133843
0.0133843
0.0133843
0.0133843
0.0133843
0.0133843
0.0133843
0.0133843
0.0133843
0.0133843
0.0133843
0.0133843
0.0133843
0.0133843
0.0133843
0.0133843
0.0133843
0.0133843
0.0133843
0.0133843
0.0133843
0.0133843
0.0133843
0.0133843
0.0133843
0.0133843
0.0133843
0.0133843
0.0133843
0.0133843
0.0133843
0.0133843
0.0133843
0.0133843
0.0133843
0.0133843
0.0133843
0.0133843
0.0133843
0.0133843
0.0133843
0.0133843
0.0133843
0.0133843
0.0133843
0.0133843
0.0133843
0.0133843
0.0133843
0.0131832
0.0131832
0.0131832
0.0131832
0.0131832
0.0131832
0.0131832
0.0131832
0.0131832
0.0131832
0.0131832
0.0131832
0.0131832
0.0131832
0.0131832
0.0131832
0.0131832
0.0131832
0.0131832
