0.7
0.0431034
0.012931
0.012931
0.012931
0.012931
0.012931
0.012931
0.012931
0.012931
0.012931
0.012931
0.012931
0.012931
0.012931
0.012931
0.012931
0.012931
0.012931
0.012931
0.012931
0.012931
0.012931
0.012931
0.012931
0.012931
0.012931
0.012931
0.012931
0.012931
0.012931
0.012931
0.012931
0.012931
0.012931
0.012931
0.012931
0.012931
0.012931
0.012931
0.012931
0.012931
0.012931
0.012931
0.012931
0.012931
0.012931
0.012931
0.012931
0.012931
0.012931
0.012931
0.012931
0.012931
0.012931
0.012931
0.012931
0.012931
0.012931
0.012931
0.012931
0.012931
0.012931
0.012931
0.012931
0.012931
0.012931
0.012931
0.012931
0.012931
0.012931
0.012931
0.012931
0.012931
0.012931
0.012931
