0.7
0.0133333
0.0133333
0.0133333
0.0133333
0.0133333
0.0133333
0.0133333
0.0133333
0.0133333
0.0133333
0.0133333
0.0133333
0.0133333
0.0133333
0.0133333
0.0133333
0.0133333
0.0133333
0.0133333
0.0133333
0.0133333
0.0133333
0.0133333
0.0133333
0.0133333
0.0133333
0.0133333
0.0133333
0.0133333
0.0133333
0.0133333
0.0133333
0.0133333
0.0133333
0.0133333
0.0133333
0.0133333
0.0133333
0.0133333
0.0133333
0.0133333
0.0133333
0.0133333
0.0133333
0.0133333
0.0133333
0.0133333
0.0133333
0.0133333
0.0133333
0.0133333
0.0133333
0.0133333
0.0133333
0.0133333
0.0133333
0.0133333
0.0133333
0.0133333
0.0133333
0.0133333
0.0133333
0.0133333
0.0133333
0.0133333
0.0133333
0.0133333
0.0133333
0.0133333
0.0133333
0.0133333
0.0133333
0.0133333
0.0133333
0.0133333
